Command line invocation:
    /Applications/Xcode-26.3.0-Release.Candidate.app/Contents/Developer/usr/bin/xcodebuild -project Demo/Construkt.xcodeproj -scheme Construkt -destination id=201DB0CB-82FA-4376-A93D-C3E7D807BD5E build

Resolve Package Graph


Resolved source packages:
  Factory: https://github.com/hmlongco/Factory.git @ 1.3.7
  Construkt: /Users/mac/Developer/pr0j3ct5/Construkt @ local
  RxSwift: https://github.com/ReactiveX/RxSwift.git @ 6.10.1

--- xcodebuild: WARNING: Using the first of multiple matching destinations:
{ platform:iOS Simulator, arch:arm64, id:201DB0CB-82FA-4376-A93D-C3E7D807BD5E, OS:18.6, name:iPhone 16 Pro }
{ platform:iOS Simulator, arch:x86_64, id:201DB0CB-82FA-4376-A93D-C3E7D807BD5E, OS:18.6, name:iPhone 16 Pro }
ComputePackagePrebuildTargetDependencyGraph

Prepare packages

CreateBuildRequest

SendProjectDescription

CreateBuildOperation

ComputeTargetDependencyGraph
note: Building targets in dependency order
note: Target dependency graph (15 targets)
    Target 'Construkt' in project 'Construkt'
        ➜ Explicit dependency on target 'RxCocoa' in project 'RxSwift'
        ➜ Explicit dependency on target 'Factory' in project 'Factory'
        ➜ Explicit dependency on target 'ConstruktKit' in project 'Construkt'
        ➜ Explicit dependency on target 'RxSwift' in project 'RxSwift'
    Target 'RxSwift' in project 'RxSwift'
        ➜ Explicit dependency on target 'RxSwift' in project 'RxSwift'
        ➜ Explicit dependency on target 'RxSwift_RxSwift' in project 'RxSwift'
    Target 'ConstruktKit' in project 'Construkt'
        ➜ Explicit dependency on target 'ConstruktKit' in project 'Construkt'
    Target 'ConstruktKit' in project 'Construkt' (no dependencies)
    Target 'Factory' in project 'Factory'
        ➜ Explicit dependency on target 'Factory' in project 'Factory'
    Target 'Factory' in project 'Factory' (no dependencies)
    Target 'RxCocoa' in project 'RxSwift'
        ➜ Explicit dependency on target 'RxCocoa' in project 'RxSwift'
        ➜ Explicit dependency on target 'RxSwift_RxCocoa' in project 'RxSwift'
        ➜ Explicit dependency on target 'RxSwift' in project 'RxSwift'
        ➜ Explicit dependency on target 'RxRelay' in project 'RxSwift'
        ➜ Explicit dependency on target 'RxCocoaRuntime' in project 'RxSwift'
    Target 'RxCocoa' in project 'RxSwift'
        ➜ Explicit dependency on target 'RxSwift_RxCocoa' in project 'RxSwift'
        ➜ Explicit dependency on target 'RxSwift' in project 'RxSwift'
        ➜ Explicit dependency on target 'RxRelay' in project 'RxSwift'
        ➜ Explicit dependency on target 'RxCocoaRuntime' in project 'RxSwift'
    Target 'RxCocoaRuntime' in project 'RxSwift'
        ➜ Explicit dependency on target 'RxSwift_RxCocoaRuntime' in project 'RxSwift'
        ➜ Explicit dependency on target 'RxSwift' in project 'RxSwift'
    Target 'RxSwift_RxCocoaRuntime' in project 'RxSwift' (no dependencies)
    Target 'RxRelay' in project 'RxSwift'
        ➜ Explicit dependency on target 'RxSwift_RxRelay' in project 'RxSwift'
        ➜ Explicit dependency on target 'RxSwift' in project 'RxSwift'
    Target 'RxSwift_RxRelay' in project 'RxSwift' (no dependencies)
    Target 'RxSwift' in project 'RxSwift'
        ➜ Explicit dependency on target 'RxSwift_RxSwift' in project 'RxSwift'
    Target 'RxSwift_RxSwift' in project 'RxSwift' (no dependencies)
    Target 'RxSwift_RxCocoa' in project 'RxSwift' (no dependencies)

GatherProvisioningInputs

CreateBuildDescription

ExecuteExternalTool /Applications/Xcode-26.3.0-Release.Candidate.app/Contents/Developer/Toolchains/XcodeDefault.xctoolchain/usr/bin/swiftc --version

ExecuteExternalTool /Applications/Xcode-26.3.0-Release.Candidate.app/Contents/Developer/Toolchains/XcodeDefault.xctoolchain/usr/bin/clang -v -E -dM -arch arm64 -isysroot /Applications/Xcode-26.3.0-Release.Candidate.app/Contents/Developer/Platforms/iPhoneSimulator.platform/Developer/SDKs/iPhoneSimulator26.2.sdk -x objective-c -c /dev/null

ExecuteExternalTool /Applications/Xcode-26.3.0-Release.Candidate.app/Contents/Developer/Toolchains/XcodeDefault.xctoolchain/usr/bin/clang -v -E -dM -isysroot /Applications/Xcode-26.3.0-Release.Candidate.app/Contents/Developer/Platforms/iPhoneSimulator.platform/Developer/SDKs/iPhoneSimulator26.2.sdk -x c -c /dev/null

ExecuteExternalTool /Applications/Xcode-26.3.0-Release.Candidate.app/Contents/Developer/usr/bin/actool --print-asset-tag-combinations --output-format xml1 /Users/mac/Developer/pr0j3ct5/Construkt/Demo/Construkt/Resources/Assets.xcassets

ExecuteExternalTool /Applications/Xcode-26.3.0-Release.Candidate.app/Contents/Developer/usr/bin/actool --version --output-format xml1

ExecuteExternalTool /Applications/Xcode-26.3.0-Release.Candidate.app/Contents/Developer/Toolchains/XcodeDefault.xctoolchain/usr/bin/clang -v -E -dM -arch arm64 -isysroot /Applications/Xcode-26.3.0-Release.Candidate.app/Contents/Developer/Platforms/iPhoneSimulator.platform/Developer/SDKs/iPhoneSimulator26.2.sdk -x c -c /dev/null

ExecuteExternalTool /Applications/Xcode-26.3.0-Release.Candidate.app/Contents/Developer/Toolchains/XcodeDefault.xctoolchain/usr/bin/ld -version_details

Build description signature: a7232c78a7297e1b9212e30bc6519b55
Build description path: /Users/mac/Library/Developer/Xcode/DerivedData/Construkt-dmvdvjzlicdgipdixgirozdsnyxg/Build/Intermediates.noindex/XCBuildData/a7232c78a7297e1b9212e30bc6519b55.xcbuilddata
ClangStatCache /Applications/Xcode-26.3.0-Release.Candidate.app/Contents/Developer/Toolchains/XcodeDefault.xctoolchain/usr/bin/clang-stat-cache /Applications/Xcode-26.3.0-Release.Candidate.app/Contents/Developer/Platforms/iPhoneSimulator.platform/Developer/SDKs/iPhoneSimulator26.2.sdk /Users/mac/Library/Developer/Xcode/DerivedData/SDKStatCaches.noindex/iphonesimulator26.2-23C57-f44e675dadc9c75f5585c00552fb836d.sdkstatcache
    cd /Users/mac/Developer/pr0j3ct5/Construkt/Demo/Construkt.xcodeproj
    /Applications/Xcode-26.3.0-Release.Candidate.app/Contents/Developer/Toolchains/XcodeDefault.xctoolchain/usr/bin/clang-stat-cache /Applications/Xcode-26.3.0-Release.Candidate.app/Contents/Developer/Platforms/iPhoneSimulator.platform/Developer/SDKs/iPhoneSimulator26.2.sdk -o /Users/mac/Library/Developer/Xcode/DerivedData/SDKStatCaches.noindex/iphonesimulator26.2-23C57-f44e675dadc9c75f5585c00552fb836d.sdkstatcache

ProcessInfoPlistFile /Users/mac/Library/Developer/Xcode/DerivedData/Construkt-dmvdvjzlicdgipdixgirozdsnyxg/Build/Products/Debug-iphonesimulator/RxSwift_RxSwift.bundle/Info.plist /Users/mac/Library/Developer/Xcode/DerivedData/Construkt-dmvdvjzlicdgipdixgirozdsnyxg/Build/Intermediates.noindex/RxSwift.build/Debug-iphonesimulator/RxSwift_RxSwift.build/empty-RxSwift_RxSwift.plist (in target 'RxSwift_RxSwift' from project 'RxSwift')
    cd /Users/mac/Library/Developer/Xcode/DerivedData/Construkt-dmvdvjzlicdgipdixgirozdsnyxg/SourcePackages/checkouts/RxSwift
    builtin-infoPlistUtility /Users/mac/Library/Developer/Xcode/DerivedData/Construkt-dmvdvjzlicdgipdixgirozdsnyxg/Build/Intermediates.noindex/RxSwift.build/Debug-iphonesimulator/RxSwift_RxSwift.build/empty-RxSwift_RxSwift.plist -producttype com.apple.product-type.bundle -expandbuildsettings -format binary -platform iphonesimulator -o /Users/mac/Library/Developer/Xcode/DerivedData/Construkt-dmvdvjzlicdgipdixgirozdsnyxg/Build/Products/Debug-iphonesimulator/RxSwift_RxSwift.bundle/Info.plist

ProcessInfoPlistFile /Users/mac/Library/Developer/Xcode/DerivedData/Construkt-dmvdvjzlicdgipdixgirozdsnyxg/Build/Products/Debug-iphonesimulator/RxSwift_RxRelay.bundle/Info.plist /Users/mac/Library/Developer/Xcode/DerivedData/Construkt-dmvdvjzlicdgipdixgirozdsnyxg/Build/Intermediates.noindex/RxSwift.build/Debug-iphonesimulator/RxSwift_RxRelay.build/empty-RxSwift_RxRelay.plist (in target 'RxSwift_RxRelay' from project 'RxSwift')
    cd /Users/mac/Library/Developer/Xcode/DerivedData/Construkt-dmvdvjzlicdgipdixgirozdsnyxg/SourcePackages/checkouts/RxSwift
    builtin-infoPlistUtility /Users/mac/Library/Developer/Xcode/DerivedData/Construkt-dmvdvjzlicdgipdixgirozdsnyxg/Build/Intermediates.noindex/RxSwift.build/Debug-iphonesimulator/RxSwift_RxRelay.build/empty-RxSwift_RxRelay.plist -producttype com.apple.product-type.bundle -expandbuildsettings -format binary -platform iphonesimulator -o /Users/mac/Library/Developer/Xcode/DerivedData/Construkt-dmvdvjzlicdgipdixgirozdsnyxg/Build/Products/Debug-iphonesimulator/RxSwift_RxRelay.bundle/Info.plist

ProcessInfoPlistFile /Users/mac/Library/Developer/Xcode/DerivedData/Construkt-dmvdvjzlicdgipdixgirozdsnyxg/Build/Products/Debug-iphonesimulator/RxSwift_RxCocoa.bundle/Info.plist /Users/mac/Library/Developer/Xcode/DerivedData/Construkt-dmvdvjzlicdgipdixgirozdsnyxg/Build/Intermediates.noindex/RxSwift.build/Debug-iphonesimulator/RxSwift_RxCocoa.build/empty-RxSwift_RxCocoa.plist (in target 'RxSwift_RxCocoa' from project 'RxSwift')
    cd /Users/mac/Library/Developer/Xcode/DerivedData/Construkt-dmvdvjzlicdgipdixgirozdsnyxg/SourcePackages/checkouts/RxSwift
    builtin-infoPlistUtility /Users/mac/Library/Developer/Xcode/DerivedData/Construkt-dmvdvjzlicdgipdixgirozdsnyxg/Build/Intermediates.noindex/RxSwift.build/Debug-iphonesimulator/RxSwift_RxCocoa.build/empty-RxSwift_RxCocoa.plist -producttype com.apple.product-type.bundle -expandbuildsettings -format binary -platform iphonesimulator -o /Users/mac/Library/Developer/Xcode/DerivedData/Construkt-dmvdvjzlicdgipdixgirozdsnyxg/Build/Products/Debug-iphonesimulator/RxSwift_RxCocoa.bundle/Info.plist

ProcessInfoPlistFile /Users/mac/Library/Developer/Xcode/DerivedData/Construkt-dmvdvjzlicdgipdixgirozdsnyxg/Build/Products/Debug-iphonesimulator/RxSwift_RxCocoaRuntime.bundle/Info.plist /Users/mac/Library/Developer/Xcode/DerivedData/Construkt-dmvdvjzlicdgipdixgirozdsnyxg/Build/Intermediates.noindex/RxSwift.build/Debug-iphonesimulator/RxSwift_RxCocoaRuntime.build/empty-RxSwift_RxCocoaRuntime.plist (in target 'RxSwift_RxCocoaRuntime' from project 'RxSwift')
    cd /Users/mac/Library/Developer/Xcode/DerivedData/Construkt-dmvdvjzlicdgipdixgirozdsnyxg/SourcePackages/checkouts/RxSwift
    builtin-infoPlistUtility /Users/mac/Library/Developer/Xcode/DerivedData/Construkt-dmvdvjzlicdgipdixgirozdsnyxg/Build/Intermediates.noindex/RxSwift.build/Debug-iphonesimulator/RxSwift_RxCocoaRuntime.build/empty-RxSwift_RxCocoaRuntime.plist -producttype com.apple.product-type.bundle -expandbuildsettings -format binary -platform iphonesimulator -o /Users/mac/Library/Developer/Xcode/DerivedData/Construkt-dmvdvjzlicdgipdixgirozdsnyxg/Build/Products/Debug-iphonesimulator/RxSwift_RxCocoaRuntime.bundle/Info.plist

SwiftDriver RxSwift normal arm64 com.apple.xcode.tools.swift.compiler (in target 'RxSwift' from project 'RxSwift')
    cd /Users/mac/Developer/pr0j3ct5/Construkt/Demo/Construkt.xcodeproj
    builtin-SwiftDriver -- /Applications/Xcode-26.3.0-Release.Candidate.app/Contents/Developer/Toolchains/XcodeDefault.xctoolchain/usr/bin/swiftc -module-name RxSwift -Onone -enforce-exclusivity\=checked @/Users/mac/Library/Developer/Xcode/DerivedData/Construkt-dmvdvjzlicdgipdixgirozdsnyxg/Build/Intermediates.noindex/RxSwift.build/Debug-iphonesimulator/RxSwift.build/Objects-normal/arm64/RxSwift.SwiftFileList -DSWIFT_PACKAGE -DDEBUG -DSWIFT_MODULE_RESOURCE_BUNDLE_AVAILABLE -DXcode -plugin-path /Applications/Xcode-26.3.0-Release.Candidate.app/Contents/Developer/Toolchains/XcodeDefault.xctoolchain/usr/lib/swift/host/plugins/testing -enable-experimental-feature DebugDescriptionMacro -sdk /Applications/Xcode-26.3.0-Release.Candidate.app/Contents/Developer/Platforms/iPhoneSimulator.platform/Developer/SDKs/iPhoneSimulator26.2.sdk -target arm64-apple-ios12.0-simulator -g -module-cache-path /Users/mac/Library/Developer/Xcode/DerivedData/ModuleCache.noindex -Xfrontend -serialize-debugging-options -profile-coverage-mapping -profile-generate -enable-testing -suppress-warnings -index-store-path /Users/mac/Library/Developer/Xcode/DerivedData/Construkt-dmvdvjzlicdgipdixgirozdsnyxg/Index.noindex/DataStore -Xcc -D_LIBCPP_HARDENING_MODE\=_LIBCPP_HARDENING_MODE_DEBUG -swift-version 5 -I /Users/mac/Library/Developer/Xcode/DerivedData/Construkt-dmvdvjzlicdgipdixgirozdsnyxg/Build/Products/Debug-iphonesimulator -Isystem /Applications/Xcode-26.3.0-Release.Candidate.app/Contents/Developer/Platforms/iPhoneSimulator.platform/Developer/usr/lib -F /Users/mac/Library/Developer/Xcode/DerivedData/Construkt-dmvdvjzlicdgipdixgirozdsnyxg/Build/Products/Debug-iphonesimulator -F /Applications/Xcode-26.3.0-Release.Candidate.app/Contents/Developer/Platforms/iPhoneSimulator.platform/Developer/Library/Frameworks -F /Applications/Xcode-26.3.0-Release.Candidate.app/Contents/Developer/Platforms/iPhoneSimulator.platform/Developer/SDKs/iPhoneSimulator26.2.sdk/Developer/Library/Frameworks -c -j8 -enable-batch-mode -incremental -Xcc -ivfsstatcache -Xcc /Users/mac/Library/Developer/Xcode/DerivedData/SDKStatCaches.noindex/iphonesimulator26.2-23C57-f44e675dadc9c75f5585c00552fb836d.sdkstatcache -output-file-map /Users/mac/Library/Developer/Xcode/DerivedData/Construkt-dmvdvjzlicdgipdixgirozdsnyxg/Build/Intermediates.noindex/RxSwift.build/Debug-iphonesimulator/RxSwift.build/Objects-normal/arm64/RxSwift-OutputFileMap.json -use-frontend-parseable-output -save-temps -no-color-diagnostics -explicit-module-build -module-cache-path /Users/mac/Library/Developer/Xcode/DerivedData/Construkt-dmvdvjzlicdgipdixgirozdsnyxg/Build/Intermediates.noindex/SwiftExplicitPrecompiledModules -clang-scanner-module-cache-path /Users/mac/Library/Developer/Xcode/DerivedData/ModuleCache.noindex -sdk-module-cache-path /Users/mac/Library/Developer/Xcode/DerivedData/ModuleCache.noindex -serialize-diagnostics -emit-dependencies -emit-module -emit-module-path /Users/mac/Library/Developer/Xcode/DerivedData/Construkt-dmvdvjzlicdgipdixgirozdsnyxg/Build/Intermediates.noindex/RxSwift.build/Debug-iphonesimulator/RxSwift.build/Objects-normal/arm64/RxSwift.swiftmodule -validate-clang-modules-once -clang-build-session-file /Users/mac/Library/Developer/Xcode/DerivedData/ModuleCache.noindex/Session.modulevalidation -package-name rxswift -Xcc -I/Users/mac/Library/Developer/Xcode/DerivedData/Construkt-dmvdvjzlicdgipdixgirozdsnyxg/Build/Intermediates.noindex/RxSwift.build/Debug-iphonesimulator/RxSwift.build/swift-overrides.hmap -emit-const-values -Xfrontend -const-gather-protocols-file -Xfrontend /Users/mac/Library/Developer/Xcode/DerivedData/Construkt-dmvdvjzlicdgipdixgirozdsnyxg/Build/Intermediates.noindex/RxSwift.build/Debug-iphonesimulator/RxSwift.build/Objects-normal/arm64/RxSwift_const_extract_protocols.json -Xcc -I/Users/mac/Library/Developer/Xcode/DerivedData/Construkt-dmvdvjzlicdgipdixgirozdsnyxg/Build/Products/Debug-iphonesimulator/include -Xcc -I/Users/mac/Library/Developer/Xcode/DerivedData/Construkt-dmvdvjzlicdgipdixgirozdsnyxg/Build/Intermediates.noindex/RxSwift.build/Debug-iphonesimulator/RxSwift.build/DerivedSources-normal/arm64 -Xcc -I/Users/mac/Library/Developer/Xcode/DerivedData/Construkt-dmvdvjzlicdgipdixgirozdsnyxg/Build/Intermediates.noindex/RxSwift.build/Debug-iphonesimulator/RxSwift.build/DerivedSources/arm64 -Xcc -I/Users/mac/Library/Developer/Xcode/DerivedData/Construkt-dmvdvjzlicdgipdixgirozdsnyxg/Build/Intermediates.noindex/RxSwift.build/Debug-iphonesimulator/RxSwift.build/DerivedSources -Xcc -DSWIFT_PACKAGE -Xcc -DDEBUG\=1 -emit-objc-header -emit-objc-header-path /Users/mac/Library/Developer/Xcode/DerivedData/Construkt-dmvdvjzlicdgipdixgirozdsnyxg/Build/Intermediates.noindex/RxSwift.build/Debug-iphonesimulator/RxSwift.build/Objects-normal/arm64/RxSwift-Swift.h -working-directory /Users/mac/Developer/pr0j3ct5/Construkt/Demo/Construkt.xcodeproj -experimental-emit-module-separately -disable-cmo

SwiftDriver ConstruktKit normal arm64 com.apple.xcode.tools.swift.compiler (in target 'ConstruktKit' from project 'Construkt' at path '/Users/mac/Developer/pr0j3ct5/Construkt/Package.swift')
    cd /Users/mac/Developer/pr0j3ct5/Construkt/Demo/Construkt.xcodeproj
    builtin-SwiftDriver -- /Applications/Xcode-26.3.0-Release.Candidate.app/Contents/Developer/Toolchains/XcodeDefault.xctoolchain/usr/bin/swiftc -module-name ConstruktKit -Onone -enforce-exclusivity\=checked @/Users/mac/Library/Developer/Xcode/DerivedData/Construkt-dmvdvjzlicdgipdixgirozdsnyxg/Build/Intermediates.noindex/Construkt.build/Debug-iphonesimulator/ConstruktKit.build/Objects-normal/arm64/ConstruktKit.SwiftFileList -DSWIFT_PACKAGE -DDEBUG -DSWIFT_MODULE_RESOURCE_BUNDLE_UNAVAILABLE -DXcode -plugin-path /Applications/Xcode-26.3.0-Release.Candidate.app/Contents/Developer/Toolchains/XcodeDefault.xctoolchain/usr/lib/swift/host/plugins/testing -enable-experimental-feature DebugDescriptionMacro -sdk /Applications/Xcode-26.3.0-Release.Candidate.app/Contents/Developer/Platforms/iPhoneSimulator.platform/Developer/SDKs/iPhoneSimulator26.2.sdk -target arm64-apple-ios16.0-simulator -g -module-cache-path /Users/mac/Library/Developer/Xcode/DerivedData/ModuleCache.noindex -Xfrontend -serialize-debugging-options -profile-coverage-mapping -profile-generate -enable-testing -suppress-warnings -index-store-path /Users/mac/Library/Developer/Xcode/DerivedData/Construkt-dmvdvjzlicdgipdixgirozdsnyxg/Index.noindex/DataStore -Xcc -D_LIBCPP_HARDENING_MODE\=_LIBCPP_HARDENING_MODE_DEBUG -swift-version 5 -I /Users/mac/Library/Developer/Xcode/DerivedData/Construkt-dmvdvjzlicdgipdixgirozdsnyxg/Build/Products/Debug-iphonesimulator -Isystem /Applications/Xcode-26.3.0-Release.Candidate.app/Contents/Developer/Platforms/iPhoneSimulator.platform/Developer/usr/lib -F /Users/mac/Library/Developer/Xcode/DerivedData/Construkt-dmvdvjzlicdgipdixgirozdsnyxg/Build/Products/Debug-iphonesimulator -F /Applications/Xcode-26.3.0-Release.Candidate.app/Contents/Developer/Platforms/iPhoneSimulator.platform/Developer/Library/Frameworks -F /Applications/Xcode-26.3.0-Release.Candidate.app/Contents/Developer/Platforms/iPhoneSimulator.platform/Developer/SDKs/iPhoneSimulator26.2.sdk/Developer/Library/Frameworks -c -j8 -enable-batch-mode -incremental -Xcc -ivfsstatcache -Xcc /Users/mac/Library/Developer/Xcode/DerivedData/SDKStatCaches.noindex/iphonesimulator26.2-23C57-f44e675dadc9c75f5585c00552fb836d.sdkstatcache -output-file-map /Users/mac/Library/Developer/Xcode/DerivedData/Construkt-dmvdvjzlicdgipdixgirozdsnyxg/Build/Intermediates.noindex/Construkt.build/Debug-iphonesimulator/ConstruktKit.build/Objects-normal/arm64/ConstruktKit-OutputFileMap.json -use-frontend-parseable-output -save-temps -no-color-diagnostics -explicit-module-build -module-cache-path /Users/mac/Library/Developer/Xcode/DerivedData/Construkt-dmvdvjzlicdgipdixgirozdsnyxg/Build/Intermediates.noindex/SwiftExplicitPrecompiledModules -clang-scanner-module-cache-path /Users/mac/Library/Developer/Xcode/DerivedData/ModuleCache.noindex -sdk-module-cache-path /Users/mac/Library/Developer/Xcode/DerivedData/ModuleCache.noindex -serialize-diagnostics -emit-dependencies -emit-module -emit-module-path /Users/mac/Library/Developer/Xcode/DerivedData/Construkt-dmvdvjzlicdgipdixgirozdsnyxg/Build/Intermediates.noindex/Construkt.build/Debug-iphonesimulator/ConstruktKit.build/Objects-normal/arm64/ConstruktKit.swiftmodule -validate-clang-modules-once -clang-build-session-file /Users/mac/Library/Developer/Xcode/DerivedData/ModuleCache.noindex/Session.modulevalidation -package-name construkt -Xcc -I/Users/mac/Library/Developer/Xcode/DerivedData/Construkt-dmvdvjzlicdgipdixgirozdsnyxg/Build/Intermediates.noindex/Construkt.build/Debug-iphonesimulator/ConstruktKit.build/swift-overrides.hmap -emit-const-values -Xfrontend -const-gather-protocols-file -Xfrontend /Users/mac/Library/Developer/Xcode/DerivedData/Construkt-dmvdvjzlicdgipdixgirozdsnyxg/Build/Intermediates.noindex/Construkt.build/Debug-iphonesimulator/ConstruktKit.build/Objects-normal/arm64/ConstruktKit_const_extract_protocols.json -Xcc -I/Users/mac/Library/Developer/Xcode/DerivedData/Construkt-dmvdvjzlicdgipdixgirozdsnyxg/Build/Products/Debug-iphonesimulator/include -Xcc -I/Users/mac/Library/Developer/Xcode/DerivedData/Construkt-dmvdvjzlicdgipdixgirozdsnyxg/Build/Intermediates.noindex/Construkt.build/Debug-iphonesimulator/ConstruktKit.build/DerivedSources-normal/arm64 -Xcc -I/Users/mac/Library/Developer/Xcode/DerivedData/Construkt-dmvdvjzlicdgipdixgirozdsnyxg/Build/Intermediates.noindex/Construkt.build/Debug-iphonesimulator/ConstruktKit.build/DerivedSources/arm64 -Xcc -I/Users/mac/Library/Developer/Xcode/DerivedData/Construkt-dmvdvjzlicdgipdixgirozdsnyxg/Build/Intermediates.noindex/Construkt.build/Debug-iphonesimulator/ConstruktKit.build/DerivedSources -Xcc -DSWIFT_PACKAGE -Xcc -DDEBUG\=1 -emit-objc-header -emit-objc-header-path /Users/mac/Library/Developer/Xcode/DerivedData/Construkt-dmvdvjzlicdgipdixgirozdsnyxg/Build/Intermediates.noindex/Construkt.build/Debug-iphonesimulator/ConstruktKit.build/Objects-normal/arm64/ConstruktKit-Swift.h -working-directory /Users/mac/Developer/pr0j3ct5/Construkt/Demo/Construkt.xcodeproj -experimental-emit-module-separately -disable-cmo

SwiftCompile normal arm64 Compiling\ SkeletonConfig.swift,\ SkeletonLayer.swift,\ SkeletonView.swift,\ ActivityIndicator.swift,\ BlurView.swift,\ CircleView.swift,\ LinearGradient.swift,\ ProgressView.swift,\ Slider.swift /Users/mac/Developer/pr0j3ct5/Construkt/Sources/Construkt/Components/SkeletonView/SkeletonConfig.swift /Users/mac/Developer/pr0j3ct5/Construkt/Sources/Construkt/Components/SkeletonView/SkeletonLayer.swift /Users/mac/Developer/pr0j3ct5/Construkt/Sources/Construkt/Components/SkeletonView/SkeletonView.swift /Users/mac/Developer/pr0j3ct5/Construkt/Sources/Construkt/Components/Views/ActivityIndicator.swift /Users/mac/Developer/pr0j3ct5/Construkt/Sources/Construkt/Components/Views/BlurView.swift /Users/mac/Developer/pr0j3ct5/Construkt/Sources/Construkt/Components/Views/CircleView.swift /Users/mac/Developer/pr0j3ct5/Construkt/Sources/Construkt/Components/Views/LinearGradient.swift /Users/mac/Developer/pr0j3ct5/Construkt/Sources/Construkt/Components/Views/ProgressView.swift /Users/mac/Developer/pr0j3ct5/Construkt/Sources/Construkt/Components/Views/Slider.swift (in target 'ConstruktKit' from project 'Construkt' at path '/Users/mac/Developer/pr0j3ct5/Construkt/Package.swift')

SwiftCompile normal arm64 /Users/mac/Developer/pr0j3ct5/Construkt/Sources/Construkt/Components/SkeletonView/SkeletonConfig.swift (in target 'ConstruktKit' from project 'Construkt' at path '/Users/mac/Developer/pr0j3ct5/Construkt/Package.swift')
    cd /Users/mac/Developer/pr0j3ct5/Construkt/Demo/Construkt.xcodeproj
    

SwiftCompile normal arm64 /Users/mac/Developer/pr0j3ct5/Construkt/Sources/Construkt/Components/SkeletonView/SkeletonLayer.swift (in target 'ConstruktKit' from project 'Construkt' at path '/Users/mac/Developer/pr0j3ct5/Construkt/Package.swift')
    cd /Users/mac/Developer/pr0j3ct5/Construkt/Demo/Construkt.xcodeproj
    

SwiftCompile normal arm64 /Users/mac/Developer/pr0j3ct5/Construkt/Sources/Construkt/Components/SkeletonView/SkeletonView.swift (in target 'ConstruktKit' from project 'Construkt' at path '/Users/mac/Developer/pr0j3ct5/Construkt/Package.swift')
    cd /Users/mac/Developer/pr0j3ct5/Construkt/Demo/Construkt.xcodeproj
    

SwiftCompile normal arm64 /Users/mac/Developer/pr0j3ct5/Construkt/Sources/Construkt/Components/Views/ActivityIndicator.swift (in target 'ConstruktKit' from project 'Construkt' at path '/Users/mac/Developer/pr0j3ct5/Construkt/Package.swift')
    cd /Users/mac/Developer/pr0j3ct5/Construkt/Demo/Construkt.xcodeproj
    

SwiftCompile normal arm64 /Users/mac/Developer/pr0j3ct5/Construkt/Sources/Construkt/Components/Views/BlurView.swift (in target 'ConstruktKit' from project 'Construkt' at path '/Users/mac/Developer/pr0j3ct5/Construkt/Package.swift')
    cd /Users/mac/Developer/pr0j3ct5/Construkt/Demo/Construkt.xcodeproj
    

SwiftCompile normal arm64 /Users/mac/Developer/pr0j3ct5/Construkt/Sources/Construkt/Components/Views/CircleView.swift (in target 'ConstruktKit' from project 'Construkt' at path '/Users/mac/Developer/pr0j3ct5/Construkt/Package.swift')
    cd /Users/mac/Developer/pr0j3ct5/Construkt/Demo/Construkt.xcodeproj
    

SwiftCompile normal arm64 /Users/mac/Developer/pr0j3ct5/Construkt/Sources/Construkt/Components/Views/LinearGradient.swift (in target 'ConstruktKit' from project 'Construkt' at path '/Users/mac/Developer/pr0j3ct5/Construkt/Package.swift')
    cd /Users/mac/Developer/pr0j3ct5/Construkt/Demo/Construkt.xcodeproj
    

SwiftCompile normal arm64 /Users/mac/Developer/pr0j3ct5/Construkt/Sources/Construkt/Components/Views/ProgressView.swift (in target 'ConstruktKit' from project 'Construkt' at path '/Users/mac/Developer/pr0j3ct5/Construkt/Package.swift')
    cd /Users/mac/Developer/pr0j3ct5/Construkt/Demo/Construkt.xcodeproj
    

SwiftCompile normal arm64 /Users/mac/Developer/pr0j3ct5/Construkt/Sources/Construkt/Components/Views/Slider.swift (in target 'ConstruktKit' from project 'Construkt' at path '/Users/mac/Developer/pr0j3ct5/Construkt/Package.swift')
    cd /Users/mac/Developer/pr0j3ct5/Construkt/Demo/Construkt.xcodeproj
    

SwiftCompile normal arm64 Compiling\ CellController.swift,\ CellControllerAdapter.swift,\ CollectionListViewController.swift,\ DataSource.swift,\ HostingReusableView.swift,\ LayoutBuilder.swift,\ SectionController.swift,\ SupplementaryController.swift,\ Skeleton.swift /Users/mac/Developer/pr0j3ct5/Construkt/Sources/Construkt/Components/CollectionView/CellController.swift /Users/mac/Developer/pr0j3ct5/Construkt/Sources/Construkt/Components/CollectionView/CellControllerAdapter.swift /Users/mac/Developer/pr0j3ct5/Construkt/Sources/Construkt/Components/CollectionView/CollectionListViewController.swift /Users/mac/Developer/pr0j3ct5/Construkt/Sources/Construkt/Components/CollectionView/DataSource.swift /Users/mac/Developer/pr0j3ct5/Construkt/Sources/Construkt/Components/CollectionView/HostingReusableView.swift /Users/mac/Developer/pr0j3ct5/Construkt/Sources/Construkt/Components/CollectionView/LayoutBuilder.swift /Users/mac/Developer/pr0j3ct5/Construkt/Sources/Construkt/Components/CollectionView/SectionController.swift /Users/mac/Developer/pr0j3ct5/Construkt/Sources/Construkt/Components/CollectionView/SupplementaryController.swift /Users/mac/Developer/pr0j3ct5/Construkt/Sources/Construkt/Components/SkeletonView/Skeleton.swift (in target 'ConstruktKit' from project 'Construkt' at path '/Users/mac/Developer/pr0j3ct5/Construkt/Package.swift')

SwiftCompile normal arm64 /Users/mac/Developer/pr0j3ct5/Construkt/Sources/Construkt/Components/CollectionView/CellController.swift (in target 'ConstruktKit' from project 'Construkt' at path '/Users/mac/Developer/pr0j3ct5/Construkt/Package.swift')
    cd /Users/mac/Developer/pr0j3ct5/Construkt/Demo/Construkt.xcodeproj
    

SwiftCompile normal arm64 /Users/mac/Developer/pr0j3ct5/Construkt/Sources/Construkt/Components/CollectionView/CellControllerAdapter.swift (in target 'ConstruktKit' from project 'Construkt' at path '/Users/mac/Developer/pr0j3ct5/Construkt/Package.swift')
    cd /Users/mac/Developer/pr0j3ct5/Construkt/Demo/Construkt.xcodeproj
    

SwiftCompile normal arm64 /Users/mac/Developer/pr0j3ct5/Construkt/Sources/Construkt/Components/CollectionView/CollectionListViewController.swift (in target 'ConstruktKit' from project 'Construkt' at path '/Users/mac/Developer/pr0j3ct5/Construkt/Package.swift')
    cd /Users/mac/Developer/pr0j3ct5/Construkt/Demo/Construkt.xcodeproj
    

SwiftCompile normal arm64 /Users/mac/Developer/pr0j3ct5/Construkt/Sources/Construkt/Components/CollectionView/DataSource.swift (in target 'ConstruktKit' from project 'Construkt' at path '/Users/mac/Developer/pr0j3ct5/Construkt/Package.swift')
    cd /Users/mac/Developer/pr0j3ct5/Construkt/Demo/Construkt.xcodeproj
    

SwiftCompile normal arm64 /Users/mac/Developer/pr0j3ct5/Construkt/Sources/Construkt/Components/CollectionView/HostingReusableView.swift (in target 'ConstruktKit' from project 'Construkt' at path '/Users/mac/Developer/pr0j3ct5/Construkt/Package.swift')
    cd /Users/mac/Developer/pr0j3ct5/Construkt/Demo/Construkt.xcodeproj
    

SwiftCompile normal arm64 /Users/mac/Developer/pr0j3ct5/Construkt/Sources/Construkt/Components/CollectionView/LayoutBuilder.swift (in target 'ConstruktKit' from project 'Construkt' at path '/Users/mac/Developer/pr0j3ct5/Construkt/Package.swift')
    cd /Users/mac/Developer/pr0j3ct5/Construkt/Demo/Construkt.xcodeproj
    

SwiftCompile normal arm64 /Users/mac/Developer/pr0j3ct5/Construkt/Sources/Construkt/Components/CollectionView/SectionController.swift (in target 'ConstruktKit' from project 'Construkt' at path '/Users/mac/Developer/pr0j3ct5/Construkt/Package.swift')
    cd /Users/mac/Developer/pr0j3ct5/Construkt/Demo/Construkt.xcodeproj
    

SwiftCompile normal arm64 /Users/mac/Developer/pr0j3ct5/Construkt/Sources/Construkt/Components/CollectionView/SupplementaryController.swift (in target 'ConstruktKit' from project 'Construkt' at path '/Users/mac/Developer/pr0j3ct5/Construkt/Package.swift')
    cd /Users/mac/Developer/pr0j3ct5/Construkt/Demo/Construkt.xcodeproj
    

SwiftCompile normal arm64 /Users/mac/Developer/pr0j3ct5/Construkt/Sources/Construkt/Components/SkeletonView/Skeleton.swift (in target 'ConstruktKit' from project 'Construkt' at path '/Users/mac/Developer/pr0j3ct5/Construkt/Package.swift')
    cd /Users/mac/Developer/pr0j3ct5/Construkt/Demo/Construkt.xcodeproj
    

SwiftCompile normal arm64 Compiling\ Builder+Image.swift,\ Builder+Label.swift,\ Builder+Navigation.swift,\ Builder+Padding.swift,\ Builder+ScrollView.swift,\ Builder+Spacer.swift,\ Builder+Stack.swift,\ Builder+Styles.swift /Users/mac/Developer/pr0j3ct5/Construkt/Sources/Construkt/Core/Builder/Builder+Image.swift /Users/mac/Developer/pr0j3ct5/Construkt/Sources/Construkt/Core/Builder/Builder+Label.swift /Users/mac/Developer/pr0j3ct5/Construkt/Sources/Construkt/Core/Builder/Builder+Navigation.swift /Users/mac/Developer/pr0j3ct5/Construkt/Sources/Construkt/Core/Builder/Builder+Padding.swift /Users/mac/Developer/pr0j3ct5/Construkt/Sources/Construkt/Core/Builder/Builder+ScrollView.swift /Users/mac/Developer/pr0j3ct5/Construkt/Sources/Construkt/Core/Builder/Builder+Spacer.swift /Users/mac/Developer/pr0j3ct5/Construkt/Sources/Construkt/Core/Builder/Builder+Stack.swift /Users/mac/Developer/pr0j3ct5/Construkt/Sources/Construkt/Core/Builder/Builder+Styles.swift (in target 'ConstruktKit' from project 'Construkt' at path '/Users/mac/Developer/pr0j3ct5/Construkt/Package.swift')
SwiftCompile normal arm64 /Users/mac/Developer/pr0j3ct5/Construkt/Sources/Construkt/Core/Builder/Builder+Image.swift (in target 'ConstruktKit' from project 'Construkt' at path '/Users/mac/Developer/pr0j3ct5/Construkt/Package.swift')
    cd /Users/mac/Developer/pr0j3ct5/Construkt/Demo/Construkt.xcodeproj
    

SwiftCompile normal arm64 /Users/mac/Developer/pr0j3ct5/Construkt/Sources/Construkt/Core/Builder/Builder+Label.swift (in target 'ConstruktKit' from project 'Construkt' at path '/Users/mac/Developer/pr0j3ct5/Construkt/Package.swift')
    cd /Users/mac/Developer/pr0j3ct5/Construkt/Demo/Construkt.xcodeproj
    

SwiftCompile normal arm64 /Users/mac/Developer/pr0j3ct5/Construkt/Sources/Construkt/Core/Builder/Builder+Navigation.swift (in target 'ConstruktKit' from project 'Construkt' at path '/Users/mac/Developer/pr0j3ct5/Construkt/Package.swift')
    cd /Users/mac/Developer/pr0j3ct5/Construkt/Demo/Construkt.xcodeproj
    

SwiftCompile normal arm64 /Users/mac/Developer/pr0j3ct5/Construkt/Sources/Construkt/Core/Builder/Builder+Padding.swift (in target 'ConstruktKit' from project 'Construkt' at path '/Users/mac/Developer/pr0j3ct5/Construkt/Package.swift')
    cd /Users/mac/Developer/pr0j3ct5/Construkt/Demo/Construkt.xcodeproj
    

SwiftCompile normal arm64 /Users/mac/Developer/pr0j3ct5/Construkt/Sources/Construkt/Core/Builder/Builder+ScrollView.swift (in target 'ConstruktKit' from project 'Construkt' at path '/Users/mac/Developer/pr0j3ct5/Construkt/Package.swift')
    cd /Users/mac/Developer/pr0j3ct5/Construkt/Demo/Construkt.xcodeproj
    

SwiftCompile normal arm64 /Users/mac/Developer/pr0j3ct5/Construkt/Sources/Construkt/Core/Builder/Builder+Spacer.swift (in target 'ConstruktKit' from project 'Construkt' at path '/Users/mac/Developer/pr0j3ct5/Construkt/Package.swift')
    cd /Users/mac/Developer/pr0j3ct5/Construkt/Demo/Construkt.xcodeproj
    

SwiftCompile normal arm64 /Users/mac/Developer/pr0j3ct5/Construkt/Sources/Construkt/Core/Builder/Builder+Stack.swift (in target 'ConstruktKit' from project 'Construkt' at path '/Users/mac/Developer/pr0j3ct5/Construkt/Package.swift')
    cd /Users/mac/Developer/pr0j3ct5/Construkt/Demo/Construkt.xcodeproj
    

SwiftCompile normal arm64 /Users/mac/Developer/pr0j3ct5/Construkt/Sources/Construkt/Core/Builder/Builder+Styles.swift (in target 'ConstruktKit' from project 'Construkt' at path '/Users/mac/Developer/pr0j3ct5/Construkt/Package.swift')
    cd /Users/mac/Developer/pr0j3ct5/Construkt/Demo/Construkt.xcodeproj
    

SwiftEmitModule normal arm64 Emitting\ module\ for\ ConstruktKit (in target 'ConstruktKit' from project 'Construkt' at path '/Users/mac/Developer/pr0j3ct5/Construkt/Package.swift')
EmitSwiftModule normal arm64 (in target 'ConstruktKit' from project 'Construkt' at path '/Users/mac/Developer/pr0j3ct5/Construkt/Package.swift')
    cd /Users/mac/Developer/pr0j3ct5/Construkt/Demo/Construkt.xcodeproj
    

SwiftCompile normal arm64 Compiling\ Builder+Context.swift,\ Builder+Controls.swift,\ Builder+Divider.swift,\ Builder+Dynamic.swift,\ Builder+Extensions.swift,\ Builder+ForEach.swift,\ Builder+Gestures.swift,\ Builder+Group.swift /Users/mac/Developer/pr0j3ct5/Construkt/Sources/Construkt/Core/Builder/Builder+Context.swift /Users/mac/Developer/pr0j3ct5/Construkt/Sources/Construkt/Core/Builder/Builder+Controls.swift /Users/mac/Developer/pr0j3ct5/Construkt/Sources/Construkt/Core/Builder/Builder+Divider.swift /Users/mac/Developer/pr0j3ct5/Construkt/Sources/Construkt/Core/Builder/Builder+Dynamic.swift /Users/mac/Developer/pr0j3ct5/Construkt/Sources/Construkt/Core/Builder/Builder+Extensions.swift /Users/mac/Developer/pr0j3ct5/Construkt/Sources/Construkt/Core/Builder/Builder+ForEach.swift /Users/mac/Developer/pr0j3ct5/Construkt/Sources/Construkt/Core/Builder/Builder+Gestures.swift /Users/mac/Developer/pr0j3ct5/Construkt/Sources/Construkt/Core/Builder/Builder+Group.swift (in target 'ConstruktKit' from project 'Construkt' at path '/Users/mac/Developer/pr0j3ct5/Construkt/Package.swift')
SwiftCompile normal arm64 /Users/mac/Developer/pr0j3ct5/Construkt/Sources/Construkt/Core/Builder/Builder+Context.swift (in target 'ConstruktKit' from project 'Construkt' at path '/Users/mac/Developer/pr0j3ct5/Construkt/Package.swift')
    cd /Users/mac/Developer/pr0j3ct5/Construkt/Demo/Construkt.xcodeproj
    

SwiftCompile normal arm64 /Users/mac/Developer/pr0j3ct5/Construkt/Sources/Construkt/Core/Builder/Builder+Controls.swift (in target 'ConstruktKit' from project 'Construkt' at path '/Users/mac/Developer/pr0j3ct5/Construkt/Package.swift')
    cd /Users/mac/Developer/pr0j3ct5/Construkt/Demo/Construkt.xcodeproj
    

SwiftCompile normal arm64 /Users/mac/Developer/pr0j3ct5/Construkt/Sources/Construkt/Core/Builder/Builder+Divider.swift (in target 'ConstruktKit' from project 'Construkt' at path '/Users/mac/Developer/pr0j3ct5/Construkt/Package.swift')
    cd /Users/mac/Developer/pr0j3ct5/Construkt/Demo/Construkt.xcodeproj
    

SwiftCompile normal arm64 /Users/mac/Developer/pr0j3ct5/Construkt/Sources/Construkt/Core/Builder/Builder+Dynamic.swift (in target 'ConstruktKit' from project 'Construkt' at path '/Users/mac/Developer/pr0j3ct5/Construkt/Package.swift')
    cd /Users/mac/Developer/pr0j3ct5/Construkt/Demo/Construkt.xcodeproj
    

SwiftCompile normal arm64 /Users/mac/Developer/pr0j3ct5/Construkt/Sources/Construkt/Core/Builder/Builder+Extensions.swift (in target 'ConstruktKit' from project 'Construkt' at path '/Users/mac/Developer/pr0j3ct5/Construkt/Package.swift')
    cd /Users/mac/Developer/pr0j3ct5/Construkt/Demo/Construkt.xcodeproj
    

SwiftCompile normal arm64 /Users/mac/Developer/pr0j3ct5/Construkt/Sources/Construkt/Core/Builder/Builder+ForEach.swift (in target 'ConstruktKit' from project 'Construkt' at path '/Users/mac/Developer/pr0j3ct5/Construkt/Package.swift')
    cd /Users/mac/Developer/pr0j3ct5/Construkt/Demo/Construkt.xcodeproj
    

SwiftCompile normal arm64 /Users/mac/Developer/pr0j3ct5/Construkt/Sources/Construkt/Core/Builder/Builder+Gestures.swift (in target 'ConstruktKit' from project 'Construkt' at path '/Users/mac/Developer/pr0j3ct5/Construkt/Package.swift')
    cd /Users/mac/Developer/pr0j3ct5/Construkt/Demo/Construkt.xcodeproj
    

SwiftCompile normal arm64 /Users/mac/Developer/pr0j3ct5/Construkt/Sources/Construkt/Core/Builder/Builder+Group.swift (in target 'ConstruktKit' from project 'Construkt' at path '/Users/mac/Developer/pr0j3ct5/Construkt/Package.swift')
    cd /Users/mac/Developer/pr0j3ct5/Construkt/Demo/Construkt.xcodeproj
    

SwiftCompile normal arm64 Compiling\ Builder.swift,\ Builder+Cell.swift,\ Builder+CollectionView.swift,\ Builder+Section.swift,\ UIColor+Extensions.swift,\ UIImage+Extensions.swift,\ UIImageView+Remote.swift,\ Binding+Operators.swift /Users/mac/Developer/pr0j3ct5/Construkt/Sources/Construkt/Core/Builder/Builder.swift /Users/mac/Developer/pr0j3ct5/Construkt/Sources/Construkt/Core/Builder/CollectionView/Builder+Cell.swift /Users/mac/Developer/pr0j3ct5/Construkt/Sources/Construkt/Core/Builder/CollectionView/Builder+CollectionView.swift /Users/mac/Developer/pr0j3ct5/Construkt/Sources/Construkt/Core/Builder/CollectionView/Builder+Section.swift /Users/mac/Developer/pr0j3ct5/Construkt/Sources/Construkt/Core/Extensions/UIColor+Extensions.swift /Users/mac/Developer/pr0j3ct5/Construkt/Sources/Construkt/Core/Extensions/UIImage+Extensions.swift /Users/mac/Developer/pr0j3ct5/Construkt/Sources/Construkt/Core/Extensions/UIImageView+Remote.swift /Users/mac/Developer/pr0j3ct5/Construkt/Sources/Construkt/Core/Reactive/Binding+Operators.swift (in target 'ConstruktKit' from project 'Construkt' at path '/Users/mac/Developer/pr0j3ct5/Construkt/Package.swift')

SwiftCompile normal arm64 /Users/mac/Developer/pr0j3ct5/Construkt/Sources/Construkt/Core/Builder/Builder.swift (in target 'ConstruktKit' from project 'Construkt' at path '/Users/mac/Developer/pr0j3ct5/Construkt/Package.swift')
    cd /Users/mac/Developer/pr0j3ct5/Construkt/Demo/Construkt.xcodeproj
    

SwiftCompile normal arm64 /Users/mac/Developer/pr0j3ct5/Construkt/Sources/Construkt/Core/Builder/CollectionView/Builder+Cell.swift (in target 'ConstruktKit' from project 'Construkt' at path '/Users/mac/Developer/pr0j3ct5/Construkt/Package.swift')
    cd /Users/mac/Developer/pr0j3ct5/Construkt/Demo/Construkt.xcodeproj
    

SwiftCompile normal arm64 /Users/mac/Developer/pr0j3ct5/Construkt/Sources/Construkt/Core/Builder/CollectionView/Builder+CollectionView.swift (in target 'ConstruktKit' from project 'Construkt' at path '/Users/mac/Developer/pr0j3ct5/Construkt/Package.swift')
    cd /Users/mac/Developer/pr0j3ct5/Construkt/Demo/Construkt.xcodeproj
    

SwiftCompile normal arm64 /Users/mac/Developer/pr0j3ct5/Construkt/Sources/Construkt/Core/Builder/CollectionView/Builder+Section.swift (in target 'ConstruktKit' from project 'Construkt' at path '/Users/mac/Developer/pr0j3ct5/Construkt/Package.swift')
    cd /Users/mac/Developer/pr0j3ct5/Construkt/Demo/Construkt.xcodeproj
    

SwiftCompile normal arm64 /Users/mac/Developer/pr0j3ct5/Construkt/Sources/Construkt/Core/Extensions/UIColor+Extensions.swift (in target 'ConstruktKit' from project 'Construkt' at path '/Users/mac/Developer/pr0j3ct5/Construkt/Package.swift')
    cd /Users/mac/Developer/pr0j3ct5/Construkt/Demo/Construkt.xcodeproj
    

SwiftCompile normal arm64 /Users/mac/Developer/pr0j3ct5/Construkt/Sources/Construkt/Core/Extensions/UIImage+Extensions.swift (in target 'ConstruktKit' from project 'Construkt' at path '/Users/mac/Developer/pr0j3ct5/Construkt/Package.swift')
    cd /Users/mac/Developer/pr0j3ct5/Construkt/Demo/Construkt.xcodeproj
    

SwiftCompile normal arm64 /Users/mac/Developer/pr0j3ct5/Construkt/Sources/Construkt/Core/Extensions/UIImageView+Remote.swift (in target 'ConstruktKit' from project 'Construkt' at path '/Users/mac/Developer/pr0j3ct5/Construkt/Package.swift')
    cd /Users/mac/Developer/pr0j3ct5/Construkt/Demo/Construkt.xcodeproj
    

SwiftCompile normal arm64 /Users/mac/Developer/pr0j3ct5/Construkt/Sources/Construkt/Core/Reactive/Binding+Operators.swift (in target 'ConstruktKit' from project 'Construkt' at path '/Users/mac/Developer/pr0j3ct5/Construkt/Package.swift')
    cd /Users/mac/Developer/pr0j3ct5/Construkt/Demo/Construkt.xcodeproj
    

SwiftCompile normal arm64 Compiling\ Stepper.swift,\ TextEditor.swift,\ Toggle.swift,\ Builder+Attributes.swift,\ Builder+Bindings.swift,\ Builder+Button.swift,\ Builder+Constraints.swift,\ Builder+Container.swift /Users/mac/Developer/pr0j3ct5/Construkt/Sources/Construkt/Components/Views/Stepper.swift /Users/mac/Developer/pr0j3ct5/Construkt/Sources/Construkt/Components/Views/TextEditor.swift /Users/mac/Developer/pr0j3ct5/Construkt/Sources/Construkt/Components/Views/Toggle.swift /Users/mac/Developer/pr0j3ct5/Construkt/Sources/Construkt/Core/Builder/Builder+Attributes.swift /Users/mac/Developer/pr0j3ct5/Construkt/Sources/Construkt/Core/Builder/Builder+Bindings.swift /Users/mac/Developer/pr0j3ct5/Construkt/Sources/Construkt/Core/Builder/Builder+Button.swift /Users/mac/Developer/pr0j3ct5/Construkt/Sources/Construkt/Core/Builder/Builder+Constraints.swift /Users/mac/Developer/pr0j3ct5/Construkt/Sources/Construkt/Core/Builder/Builder+Container.swift (in target 'ConstruktKit' from project 'Construkt' at path '/Users/mac/Developer/pr0j3ct5/Construkt/Package.swift')
Failed frontend command:
/Applications/Xcode-26.3.0-Release.Candidate.app/Contents/Developer/Toolchains/XcodeDefault.xctoolchain/usr/bin/swift-frontend -frontend -c /Users/mac/Developer/pr0j3ct5/Construkt/Sources/Construkt/Components/CollectionView/CellController.swift /Users/mac/Developer/pr0j3ct5/Construkt/Sources/Construkt/Components/CollectionView/CellControllerAdapter.swift /Users/mac/Developer/pr0j3ct5/Construkt/Sources/Construkt/Components/CollectionView/CollectionListViewController.swift /Users/mac/Developer/pr0j3ct5/Construkt/Sources/Construkt/Components/CollectionView/DataSource.swift /Users/mac/Developer/pr0j3ct5/Construkt/Sources/Construkt/Components/CollectionView/HostingReusableView.swift /Users/mac/Developer/pr0j3ct5/Construkt/Sources/Construkt/Components/CollectionView/LayoutBuilder.swift /Users/mac/Developer/pr0j3ct5/Construkt/Sources/Construkt/Components/CollectionView/SectionController.swift /Users/mac/Developer/pr0j3ct5/Construkt/Sources/Construkt/Components/CollectionView/SupplementaryController.swift /Users/mac/Developer/pr0j3ct5/Construkt/Sources/Construkt/Components/SkeletonView/Skeleton.swift /Users/mac/Developer/pr0j3ct5/Construkt/Sources/Construkt/Components/SkeletonView/SkeletonConfig.swift /Users/mac/Developer/pr0j3ct5/Construkt/Sources/Construkt/Components/SkeletonView/SkeletonLayer.swift /Users/mac/Developer/pr0j3ct5/Construkt/Sources/Construkt/Components/SkeletonView/SkeletonView.swift /Users/mac/Developer/pr0j3ct5/Construkt/Sources/Construkt/Components/Views/ActivityIndicator.swift /Users/mac/Developer/pr0j3ct5/Construkt/Sources/Construkt/Components/Views/BlurView.swift /Users/mac/Developer/pr0j3ct5/Construkt/Sources/Construkt/Components/Views/CircleView.swift /Users/mac/Developer/pr0j3ct5/Construkt/Sources/Construkt/Components/Views/LinearGradient.swift /Users/mac/Developer/pr0j3ct5/Construkt/Sources/Construkt/Components/Views/ProgressView.swift /Users/mac/Developer/pr0j3ct5/Construkt/Sources/Construkt/Components/Views/Slider.swift -primary-file /Users/mac/Developer/pr0j3ct5/Construkt/Sources/Construkt/Components/Views/Stepper.swift -primary-file /Users/mac/Developer/pr0j3ct5/Construkt/Sources/Construkt/Components/Views/TextEditor.swift -primary-file /Users/mac/Developer/pr0j3ct5/Construkt/Sources/Construkt/Components/Views/Toggle.swift -primary-file /Users/mac/Developer/pr0j3ct5/Construkt/Sources/Construkt/Core/Builder/Builder+Attributes.swift -primary-file /Users/mac/Developer/pr0j3ct5/Construkt/Sources/Construkt/Core/Builder/Builder+Bindings.swift -primary-file /Users/mac/Developer/pr0j3ct5/Construkt/Sources/Construkt/Core/Builder/Builder+Button.swift -primary-file /Users/mac/Developer/pr0j3ct5/Construkt/Sources/Construkt/Core/Builder/Builder+Constraints.swift -primary-file /Users/mac/Developer/pr0j3ct5/Construkt/Sources/Construkt/Core/Builder/Builder+Container.swift /Users/mac/Developer/pr0j3ct5/Construkt/Sources/Construkt/Core/Builder/Builder+Context.swift /Users/mac/Developer/pr0j3ct5/Construkt/Sources/Construkt/Core/Builder/Builder+Controls.swift /Users/mac/Developer/pr0j3ct5/Construkt/Sources/Construkt/Core/Builder/Builder+Divider.swift /Users/mac/Developer/pr0j3ct5/Construkt/Sources/Construkt/Core/Builder/Builder+Dynamic.swift /Users/mac/Developer/pr0j3ct5/Construkt/Sources/Construkt/Core/Builder/Builder+Extensions.swift /Users/mac/Developer/pr0j3ct5/Construkt/Sources/Construkt/Core/Builder/Builder+ForEach.swift /Users/mac/Developer/pr0j3ct5/Construkt/Sources/Construkt/Core/Builder/Builder+Gestures.swift /Users/mac/Developer/pr0j3ct5/Construkt/Sources/Construkt/Core/Builder/Builder+Group.swift /Users/mac/Developer/pr0j3ct5/Construkt/Sources/Construkt/Core/Builder/Builder+Image.swift /Users/mac/Developer/pr0j3ct5/Construkt/Sources/Construkt/Core/Builder/Builder+Label.swift /Users/mac/Developer/pr0j3ct5/Construkt/Sources/Construkt/Core/Builder/Builder+Navigation.swift /Users/mac/Developer/pr0j3ct5/Construkt/Sources/Construkt/Core/Builder/Builder+Padding.swift /Users/mac/Developer/pr0j3ct5/Construkt/Sources/Construkt/Core/Builder/Builder+ScrollView.swift /Users/mac/Developer/pr0j3ct5/Construkt/Sources/Construkt/Core/Builder/Builder+Spacer.swift /Users/mac/Developer/pr0j3ct5/Construkt/Sources/Construkt/Core/Builder/Builder+Stack.swift /Users/mac/Developer/pr0j3ct5/Construkt/Sources/Construkt/Core/Builder/Builder+Styles.swift /Users/mac/Developer/pr0j3ct5/Construkt/Sources/Construkt/Core/Builder/Builder+Switch.swift /Users/mac/Developer/pr0j3ct5/Construkt/Sources/Construkt/Core/Builder/Builder+TableView.swift /Users/mac/Developer/pr0j3ct5/Construkt/Sources/Construkt/Core/Builder/Builder+TextField.swift /Users/mac/Developer/pr0j3ct5/Construkt/Sources/Construkt/Core/Builder/Builder+Variable.swift /Users/mac/Developer/pr0j3ct5/Construkt/Sources/Construkt/Core/Builder/Builder+View.swift /Users/mac/Developer/pr0j3ct5/Construkt/Sources/Construkt/Core/Builder/Builder+ViewController.swift /Users/mac/Developer/pr0j3ct5/Construkt/Sources/Construkt/Core/Builder/Builder+With.swift /Users/mac/Developer/pr0j3ct5/Construkt/Sources/Construkt/Core/Builder/Builder+ZStack.swift /Users/mac/Developer/pr0j3ct5/Construkt/Sources/Construkt/Core/Builder/Builder.swift /Users/mac/Developer/pr0j3ct5/Construkt/Sources/Construkt/Core/Builder/CollectionView/Builder+Cell.swift /Users/mac/Developer/pr0j3ct5/Construkt/Sources/Construkt/Core/Builder/CollectionView/Builder+CollectionView.swift /Users/mac/Developer/pr0j3ct5/Construkt/Sources/Construkt/Core/Builder/CollectionView/Builder+Section.swift /Users/mac/Developer/pr0j3ct5/Construkt/Sources/Construkt/Core/Extensions/UIColor+Extensions.swift /Users/mac/Developer/pr0j3ct5/Construkt/Sources/Construkt/Core/Extensions/UIImage+Extensions.swift /Users/mac/Developer/pr0j3ct5/Construkt/Sources/Construkt/Core/Extensions/UIImageView+Remote.swift /Users/mac/Developer/pr0j3ct5/Construkt/Sources/Construkt/Core/Reactive/Binding+Operators.swift /Users/mac/Developer/pr0j3ct5/Construkt/Sources/Construkt/Core/Reactive/Binding.swift /Users/mac/Developer/pr0j3ct5/Construkt/Sources/Construkt/Core/Reactive/CancelBag.swift /Users/mac/Developer/pr0j3ct5/Construkt/Sources/Construkt/Core/Reactive/Property.swift /Users/mac/Developer/pr0j3ct5/Construkt/Sources/Construkt/Core/Reactive/Signal.swift /Users/mac/Developer/pr0j3ct5/Construkt/Sources/Construkt/Extensions/Collection.swift /Users/mac/Developer/pr0j3ct5/Construkt/Sources/Construkt/Extensions/NSCollectionLayout.swift /Users/mac/Developer/pr0j3ct5/Construkt/Sources/Construkt/Extensions/Then.swift /Users/mac/Developer/pr0j3ct5/Construkt/Sources/Construkt/Extensions/UICollectionView.swift -supplementary-output-file-map /Users/mac/Library/Developer/Xcode/DerivedData/Construkt-dmvdvjzlicdgipdixgirozdsnyxg/Build/Intermediates.noindex/Construkt.build/Debug-iphonesimulator/ConstruktKit.build/Objects-normal/arm64/supplementaryOutputs-3 -target arm64-apple-ios16.0-simulator -load-resolved-plugin /Applications/Xcode-26.3.0-Release.Candidate.app/Contents/Developer/Platforms/iPhoneOS.platform/Developer/usr/lib/swift/host/plugins/libFoundationMacros.dylib\#/Applications/Xcode-26.3.0-Release.Candidate.app/Contents/Developer/Platforms/iPhoneOS.platform/Developer/usr/bin/swift-plugin-server\#FoundationMacros -load-resolved-plugin /Applications/Xcode-26.3.0-Release.Candidate.app/Contents/Developer/Platforms/iPhoneOS.platform/Developer/usr/lib/swift/host/plugins/libObservationMacros.dylib\#/Applications/Xcode-26.3.0-Release.Candidate.app/Contents/Developer/Platforms/iPhoneOS.platform/Developer/usr/bin/swift-plugin-server\#ObservationMacros -load-resolved-plugin /Applications/Xcode-26.3.0-Release.Candidate.app/Contents/Developer/Platforms/iPhoneOS.platform/Developer/usr/lib/swift/host/plugins/libPreviewsMacros.dylib\#/Applications/Xcode-26.3.0-Release.Candidate.app/Contents/Developer/Platforms/iPhoneOS.platform/Developer/usr/bin/swift-plugin-server\#PreviewsMacros -load-resolved-plugin /Applications/Xcode-26.3.0-Release.Candidate.app/Contents/Developer/Platforms/iPhoneOS.platform/Developer/usr/lib/swift/host/plugins/libSwiftMacros.dylib\#/Applications/Xcode-26.3.0-Release.Candidate.app/Contents/Developer/Platforms/iPhoneOS.platform/Developer/usr/bin/swift-plugin-server\#SwiftMacros -load-resolved-plugin /Applications/Xcode-26.3.0-Release.Candidate.app/Contents/Developer/Platforms/iPhoneOS.platform/Developer/usr/lib/swift/host/plugins/libSwiftUIMacros.dylib\#/Applications/Xcode-26.3.0-Release.Candidate.app/Contents/Developer/Platforms/iPhoneOS.platform/Developer/usr/bin/swift-plugin-server\#SwiftUIMacros -disable-implicit-swift-modules -Xcc -fno-implicit-modules -Xcc -fno-implicit-module-maps -explicit-swift-module-map-file /Users/mac/Library/Developer/Xcode/DerivedData/Construkt-dmvdvjzlicdgipdixgirozdsnyxg/Build/Intermediates.noindex/Construkt.build/Debug-iphonesimulator/ConstruktKit.build/Objects-normal/arm64/ConstruktKit-dependencies-1.json -Xllvm -aarch64-use-tbi -enable-objc-interop -sdk /Applications/Xcode-26.3.0-Release.Candidate.app/Contents/Developer/Platforms/iPhoneSimulator.platform/Developer/SDKs/iPhoneSimulator26.2.sdk -I /Users/mac/Library/Developer/Xcode/DerivedData/Construkt-dmvdvjzlicdgipdixgirozdsnyxg/Build/Products/Debug-iphonesimulator -Isystem /Applications/Xcode-26.3.0-Release.Candidate.app/Contents/Developer/Platforms/iPhoneSimulator.platform/Developer/usr/lib -F /Users/mac/Library/Developer/Xcode/DerivedData/Construkt-dmvdvjzlicdgipdixgirozdsnyxg/Build/Products/Debug-iphonesimulator -F /Applications/Xcode-26.3.0-Release.Candidate.app/Contents/Developer/Platforms/iPhoneSimulator.platform/Developer/Library/Frameworks -F /Applications/Xcode-26.3.0-Release.Candidate.app/Contents/Developer/Platforms/iPhoneSimulator.platform/Developer/SDKs/iPhoneSimulator26.2.sdk/Developer/Library/Frameworks -no-color-diagnostics -Xcc -fno-color-diagnostics -enable-testing -g -debug-info-format\=dwarf -dwarf-version\=4 -module-cache-path /Users/mac/Library/Developer/Xcode/DerivedData/Construkt-dmvdvjzlicdgipdixgirozdsnyxg/Build/Intermediates.noindex/SwiftExplicitPrecompiledModules -suppress-warnings -profile-generate -profile-coverage-mapping -swift-version 5 -enforce-exclusivity\=checked -Onone -D SWIFT_PACKAGE -D DEBUG -D SWIFT_MODULE_RESOURCE_BUNDLE_UNAVAILABLE -D Xcode -serialize-debugging-options -const-gather-protocols-file /Users/mac/Library/Developer/Xcode/DerivedData/Construkt-dmvdvjzlicdgipdixgirozdsnyxg/Build/Intermediates.noindex/Construkt.build/Debug-iphonesimulator/ConstruktKit.build/Objects-normal/arm64/ConstruktKit_const_extract_protocols.json -enable-experimental-feature DebugDescriptionMacro -empty-abi-descriptor -validate-clang-modules-once -clang-build-session-file /Users/mac/Library/Developer/Xcode/DerivedData/ModuleCache.noindex/Session.modulevalidation -Xcc -working-directory -Xcc /Users/mac/Developer/pr0j3ct5/Construkt/Demo/Construkt.xcodeproj -enable-anonymous-context-mangled-names -file-compilation-dir /Users/mac/Developer/pr0j3ct5/Construkt/Demo/Construkt.xcodeproj -Xcc -D_LIBCPP_HARDENING_MODE\=_LIBCPP_HARDENING_MODE_DEBUG -Xcc -ivfsstatcache -Xcc /Users/mac/Library/Developer/Xcode/DerivedData/SDKStatCaches.noindex/iphonesimulator26.2-23C57-f44e675dadc9c75f5585c00552fb836d.sdkstatcache -Xcc -I/Users/mac/Library/Developer/Xcode/DerivedData/Construkt-dmvdvjzlicdgipdixgirozdsnyxg/Build/Intermediates.noindex/Construkt.build/Debug-iphonesimulator/ConstruktKit.build/swift-overrides.hmap -Xcc -I/Users/mac/Library/Developer/Xcode/DerivedData/Construkt-dmvdvjzlicdgipdixgirozdsnyxg/Build/Products/Debug-iphonesimulator/include -Xcc -I/Users/mac/Library/Developer/Xcode/DerivedData/Construkt-dmvdvjzlicdgipdixgirozdsnyxg/Build/Intermediates.noindex/Construkt.build/Debug-iphonesimulator/ConstruktKit.build/DerivedSources-normal/arm64 -Xcc -I/Users/mac/Library/Developer/Xcode/DerivedData/Construkt-dmvdvjzlicdgipdixgirozdsnyxg/Build/Intermediates.noindex/Construkt.build/Debug-iphonesimulator/ConstruktKit.build/DerivedSources/arm64 -Xcc -I/Users/mac/Library/Developer/Xcode/DerivedData/Construkt-dmvdvjzlicdgipdixgirozdsnyxg/Build/Intermediates.noindex/Construkt.build/Debug-iphonesimulator/ConstruktKit.build/DerivedSources -Xcc -DSWIFT_PACKAGE -Xcc -DDEBUG\=1 -no-auto-bridging-header-chaining -module-name ConstruktKit -package-name construkt -frontend-parseable-output -disable-clang-spi -target-sdk-version 26.2 -target-sdk-name iphonesimulator26.2 -clang-target arm64-apple-ios26.2-simulator -in-process-plugin-server-path /Applications/Xcode-26.3.0-Release.Candidate.app/Contents/Developer/Toolchains/XcodeDefault.xctoolchain/usr/lib/swift/host/libSwiftInProcPluginServer.dylib -o /Users/mac/Library/Developer/Xcode/DerivedData/Construkt-dmvdvjzlicdgipdixgirozdsnyxg/Build/Intermediates.noindex/Construkt.build/Debug-iphonesimulator/ConstruktKit.build/Objects-normal/arm64/Stepper.o -o /Users/mac/Library/Developer/Xcode/DerivedData/Construkt-dmvdvjzlicdgipdixgirozdsnyxg/Build/Intermediates.noindex/Construkt.build/Debug-iphonesimulator/ConstruktKit.build/Objects-normal/arm64/TextEditor.o -o /Users/mac/Library/Developer/Xcode/DerivedData/Construkt-dmvdvjzlicdgipdixgirozdsnyxg/Build/Intermediates.noindex/Construkt.build/Debug-iphonesimulator/ConstruktKit.build/Objects-normal/arm64/Toggle.o -o /Users/mac/Library/Developer/Xcode/DerivedData/Construkt-dmvdvjzlicdgipdixgirozdsnyxg/Build/Intermediates.noindex/Construkt.build/Debug-iphonesimulator/ConstruktKit.build/Objects-normal/arm64/Builder+Attributes.o -o /Users/mac/Library/Developer/Xcode/DerivedData/Construkt-dmvdvjzlicdgipdixgirozdsnyxg/Build/Intermediates.noindex/Construkt.build/Debug-iphonesimulator/ConstruktKit.build/Objects-normal/arm64/Builder+Bindings.o -o /Users/mac/Library/Developer/Xcode/DerivedData/Construkt-dmvdvjzlicdgipdixgirozdsnyxg/Build/Intermediates.noindex/Construkt.build/Debug-iphonesimulator/ConstruktKit.build/Objects-normal/arm64/Builder+Button.o -o /Users/mac/Library/Developer/Xcode/DerivedData/Construkt-dmvdvjzlicdgipdixgirozdsnyxg/Build/Intermediates.noindex/Construkt.build/Debug-iphonesimulator/ConstruktKit.build/Objects-normal/arm64/Builder+Constraints.o -o /Users/mac/Library/Developer/Xcode/DerivedData/Construkt-dmvdvjzlicdgipdixgirozdsnyxg/Build/Intermediates.noindex/Construkt.build/Debug-iphonesimulator/ConstruktKit.build/Objects-normal/arm64/Builder+Container.o -index-unit-output-path /Construkt.build/Debug-iphonesimulator/ConstruktKit.build/Objects-normal/arm64/Stepper.o -index-unit-output-path /Construkt.build/Debug-iphonesimulator/ConstruktKit.build/Objects-normal/arm64/TextEditor.o -index-unit-output-path /Construkt.build/Debug-iphonesimulator/ConstruktKit.build/Objects-normal/arm64/Toggle.o -index-unit-output-path /Construkt.build/Debug-iphonesimulator/ConstruktKit.build/Objects-normal/arm64/Builder+Attributes.o -index-unit-output-path /Construkt.build/Debug-iphonesimulator/ConstruktKit.build/Objects-normal/arm64/Builder+Bindings.o -index-unit-output-path /Construkt.build/Debug-iphonesimulator/ConstruktKit.build/Objects-normal/arm64/Builder+Button.o -index-unit-output-path /Construkt.build/Debug-iphonesimulator/ConstruktKit.build/Objects-normal/arm64/Builder+Constraints.o -index-unit-output-path /Construkt.build/Debug-iphonesimulator/ConstruktKit.build/Objects-normal/arm64/Builder+Container.o -index-store-path /Users/mac/Library/Developer/Xcode/DerivedData/Construkt-dmvdvjzlicdgipdixgirozdsnyxg/Index.noindex/DataStore -index-system-modules

SwiftCompile normal arm64 /Users/mac/Developer/pr0j3ct5/Construkt/Sources/Construkt/Components/Views/Stepper.swift (in target 'ConstruktKit' from project 'Construkt' at path '/Users/mac/Developer/pr0j3ct5/Construkt/Package.swift')
    cd /Users/mac/Developer/pr0j3ct5/Construkt/Demo/Construkt.xcodeproj
    

SwiftCompile normal arm64 /Users/mac/Developer/pr0j3ct5/Construkt/Sources/Construkt/Components/Views/TextEditor.swift (in target 'ConstruktKit' from project 'Construkt' at path '/Users/mac/Developer/pr0j3ct5/Construkt/Package.swift')
    cd /Users/mac/Developer/pr0j3ct5/Construkt/Demo/Construkt.xcodeproj
    
/Users/mac/Developer/pr0j3ct5/Construkt/Sources/Construkt/Components/Views/TextEditor.swift:48:39: error: cannot convert value of type 'CancelBag' to expected argument type 'Set<AnyCancellable>'
            .store(in: modifiableView.cancelBag)
                                      ^

SwiftCompile normal arm64 /Users/mac/Developer/pr0j3ct5/Construkt/Sources/Construkt/Components/Views/Toggle.swift (in target 'ConstruktKit' from project 'Construkt' at path '/Users/mac/Developer/pr0j3ct5/Construkt/Package.swift')
    cd /Users/mac/Developer/pr0j3ct5/Construkt/Demo/Construkt.xcodeproj
    

SwiftCompile normal arm64 /Users/mac/Developer/pr0j3ct5/Construkt/Sources/Construkt/Core/Builder/Builder+Attributes.swift (in target 'ConstruktKit' from project 'Construkt' at path '/Users/mac/Developer/pr0j3ct5/Construkt/Package.swift')
    cd /Users/mac/Developer/pr0j3ct5/Construkt/Demo/Construkt.xcodeproj
    

SwiftCompile normal arm64 /Users/mac/Developer/pr0j3ct5/Construkt/Sources/Construkt/Core/Builder/Builder+Bindings.swift (in target 'ConstruktKit' from project 'Construkt' at path '/Users/mac/Developer/pr0j3ct5/Construkt/Package.swift')
    cd /Users/mac/Developer/pr0j3ct5/Construkt/Demo/Construkt.xcodeproj
    

SwiftCompile normal arm64 /Users/mac/Developer/pr0j3ct5/Construkt/Sources/Construkt/Core/Builder/Builder+Button.swift (in target 'ConstruktKit' from project 'Construkt' at path '/Users/mac/Developer/pr0j3ct5/Construkt/Package.swift')
    cd /Users/mac/Developer/pr0j3ct5/Construkt/Demo/Construkt.xcodeproj
    

SwiftCompile normal arm64 /Users/mac/Developer/pr0j3ct5/Construkt/Sources/Construkt/Core/Builder/Builder+Constraints.swift (in target 'ConstruktKit' from project 'Construkt' at path '/Users/mac/Developer/pr0j3ct5/Construkt/Package.swift')
    cd /Users/mac/Developer/pr0j3ct5/Construkt/Demo/Construkt.xcodeproj
    

SwiftCompile normal arm64 /Users/mac/Developer/pr0j3ct5/Construkt/Sources/Construkt/Core/Builder/Builder+Container.swift (in target 'ConstruktKit' from project 'Construkt' at path '/Users/mac/Developer/pr0j3ct5/Construkt/Package.swift')
    cd /Users/mac/Developer/pr0j3ct5/Construkt/Demo/Construkt.xcodeproj
    

SwiftCompile normal arm64 Compiling\ Binding.swift,\ CancelBag.swift,\ Property.swift,\ Signal.swift,\ Collection.swift,\ NSCollectionLayout.swift,\ Then.swift,\ UICollectionView.swift /Users/mac/Developer/pr0j3ct5/Construkt/Sources/Construkt/Core/Reactive/Binding.swift /Users/mac/Developer/pr0j3ct5/Construkt/Sources/Construkt/Core/Reactive/CancelBag.swift /Users/mac/Developer/pr0j3ct5/Construkt/Sources/Construkt/Core/Reactive/Property.swift /Users/mac/Developer/pr0j3ct5/Construkt/Sources/Construkt/Core/Reactive/Signal.swift /Users/mac/Developer/pr0j3ct5/Construkt/Sources/Construkt/Extensions/Collection.swift /Users/mac/Developer/pr0j3ct5/Construkt/Sources/Construkt/Extensions/NSCollectionLayout.swift /Users/mac/Developer/pr0j3ct5/Construkt/Sources/Construkt/Extensions/Then.swift /Users/mac/Developer/pr0j3ct5/Construkt/Sources/Construkt/Extensions/UICollectionView.swift (in target 'ConstruktKit' from project 'Construkt' at path '/Users/mac/Developer/pr0j3ct5/Construkt/Package.swift')

SwiftCompile normal arm64 /Users/mac/Developer/pr0j3ct5/Construkt/Sources/Construkt/Core/Reactive/Binding.swift (in target 'ConstruktKit' from project 'Construkt' at path '/Users/mac/Developer/pr0j3ct5/Construkt/Package.swift')
    cd /Users/mac/Developer/pr0j3ct5/Construkt/Demo/Construkt.xcodeproj
    

SwiftCompile normal arm64 /Users/mac/Developer/pr0j3ct5/Construkt/Sources/Construkt/Core/Reactive/CancelBag.swift (in target 'ConstruktKit' from project 'Construkt' at path '/Users/mac/Developer/pr0j3ct5/Construkt/Package.swift')
    cd /Users/mac/Developer/pr0j3ct5/Construkt/Demo/Construkt.xcodeproj
    

SwiftCompile normal arm64 /Users/mac/Developer/pr0j3ct5/Construkt/Sources/Construkt/Core/Reactive/Property.swift (in target 'ConstruktKit' from project 'Construkt' at path '/Users/mac/Developer/pr0j3ct5/Construkt/Package.swift')
    cd /Users/mac/Developer/pr0j3ct5/Construkt/Demo/Construkt.xcodeproj
    

SwiftCompile normal arm64 /Users/mac/Developer/pr0j3ct5/Construkt/Sources/Construkt/Core/Reactive/Signal.swift (in target 'ConstruktKit' from project 'Construkt' at path '/Users/mac/Developer/pr0j3ct5/Construkt/Package.swift')
    cd /Users/mac/Developer/pr0j3ct5/Construkt/Demo/Construkt.xcodeproj
    

SwiftCompile normal arm64 /Users/mac/Developer/pr0j3ct5/Construkt/Sources/Construkt/Extensions/Collection.swift (in target 'ConstruktKit' from project 'Construkt' at path '/Users/mac/Developer/pr0j3ct5/Construkt/Package.swift')
    cd /Users/mac/Developer/pr0j3ct5/Construkt/Demo/Construkt.xcodeproj
    

SwiftCompile normal arm64 /Users/mac/Developer/pr0j3ct5/Construkt/Sources/Construkt/Extensions/NSCollectionLayout.swift (in target 'ConstruktKit' from project 'Construkt' at path '/Users/mac/Developer/pr0j3ct5/Construkt/Package.swift')
    cd /Users/mac/Developer/pr0j3ct5/Construkt/Demo/Construkt.xcodeproj
    

SwiftCompile normal arm64 /Users/mac/Developer/pr0j3ct5/Construkt/Sources/Construkt/Extensions/Then.swift (in target 'ConstruktKit' from project 'Construkt' at path '/Users/mac/Developer/pr0j3ct5/Construkt/Package.swift')
    cd /Users/mac/Developer/pr0j3ct5/Construkt/Demo/Construkt.xcodeproj
    

SwiftCompile normal arm64 /Users/mac/Developer/pr0j3ct5/Construkt/Sources/Construkt/Extensions/UICollectionView.swift (in target 'ConstruktKit' from project 'Construkt' at path '/Users/mac/Developer/pr0j3ct5/Construkt/Package.swift')
    cd /Users/mac/Developer/pr0j3ct5/Construkt/Demo/Construkt.xcodeproj
    

SwiftDriver\ Compilation\ Requirements RxSwift normal arm64 com.apple.xcode.tools.swift.compiler (in target 'RxSwift' from project 'RxSwift')
    cd /Users/mac/Developer/pr0j3ct5/Construkt/Demo/Construkt.xcodeproj
    builtin-Swift-Compilation-Requirements -- /Applications/Xcode-26.3.0-Release.Candidate.app/Contents/Developer/Toolchains/XcodeDefault.xctoolchain/usr/bin/swiftc -module-name RxSwift -Onone -enforce-exclusivity\=checked @/Users/mac/Library/Developer/Xcode/DerivedData/Construkt-dmvdvjzlicdgipdixgirozdsnyxg/Build/Intermediates.noindex/RxSwift.build/Debug-iphonesimulator/RxSwift.build/Objects-normal/arm64/RxSwift.SwiftFileList -DSWIFT_PACKAGE -DDEBUG -DSWIFT_MODULE_RESOURCE_BUNDLE_AVAILABLE -DXcode -plugin-path /Applications/Xcode-26.3.0-Release.Candidate.app/Contents/Developer/Toolchains/XcodeDefault.xctoolchain/usr/lib/swift/host/plugins/testing -enable-experimental-feature DebugDescriptionMacro -sdk /Applications/Xcode-26.3.0-Release.Candidate.app/Contents/Developer/Platforms/iPhoneSimulator.platform/Developer/SDKs/iPhoneSimulator26.2.sdk -target arm64-apple-ios12.0-simulator -g -module-cache-path /Users/mac/Library/Developer/Xcode/DerivedData/ModuleCache.noindex -Xfrontend -serialize-debugging-options -profile-coverage-mapping -profile-generate -enable-testing -suppress-warnings -index-store-path /Users/mac/Library/Developer/Xcode/DerivedData/Construkt-dmvdvjzlicdgipdixgirozdsnyxg/Index.noindex/DataStore -Xcc -D_LIBCPP_HARDENING_MODE\=_LIBCPP_HARDENING_MODE_DEBUG -swift-version 5 -I /Users/mac/Library/Developer/Xcode/DerivedData/Construkt-dmvdvjzlicdgipdixgirozdsnyxg/Build/Products/Debug-iphonesimulator -Isystem /Applications/Xcode-26.3.0-Release.Candidate.app/Contents/Developer/Platforms/iPhoneSimulator.platform/Developer/usr/lib -F /Users/mac/Library/Developer/Xcode/DerivedData/Construkt-dmvdvjzlicdgipdixgirozdsnyxg/Build/Products/Debug-iphonesimulator -F /Applications/Xcode-26.3.0-Release.Candidate.app/Contents/Developer/Platforms/iPhoneSimulator.platform/Developer/Library/Frameworks -F /Applications/Xcode-26.3.0-Release.Candidate.app/Contents/Developer/Platforms/iPhoneSimulator.platform/Developer/SDKs/iPhoneSimulator26.2.sdk/Developer/Library/Frameworks -c -j8 -enable-batch-mode -incremental -Xcc -ivfsstatcache -Xcc /Users/mac/Library/Developer/Xcode/DerivedData/SDKStatCaches.noindex/iphonesimulator26.2-23C57-f44e675dadc9c75f5585c00552fb836d.sdkstatcache -output-file-map /Users/mac/Library/Developer/Xcode/DerivedData/Construkt-dmvdvjzlicdgipdixgirozdsnyxg/Build/Intermediates.noindex/RxSwift.build/Debug-iphonesimulator/RxSwift.build/Objects-normal/arm64/RxSwift-OutputFileMap.json -use-frontend-parseable-output -save-temps -no-color-diagnostics -explicit-module-build -module-cache-path /Users/mac/Library/Developer/Xcode/DerivedData/Construkt-dmvdvjzlicdgipdixgirozdsnyxg/Build/Intermediates.noindex/SwiftExplicitPrecompiledModules -clang-scanner-module-cache-path /Users/mac/Library/Developer/Xcode/DerivedData/ModuleCache.noindex -sdk-module-cache-path /Users/mac/Library/Developer/Xcode/DerivedData/ModuleCache.noindex -serialize-diagnostics -emit-dependencies -emit-module -emit-module-path /Users/mac/Library/Developer/Xcode/DerivedData/Construkt-dmvdvjzlicdgipdixgirozdsnyxg/Build/Intermediates.noindex/RxSwift.build/Debug-iphonesimulator/RxSwift.build/Objects-normal/arm64/RxSwift.swiftmodule -validate-clang-modules-once -clang-build-session-file /Users/mac/Library/Developer/Xcode/DerivedData/ModuleCache.noindex/Session.modulevalidation -package-name rxswift -Xcc -I/Users/mac/Library/Developer/Xcode/DerivedData/Construkt-dmvdvjzlicdgipdixgirozdsnyxg/Build/Intermediates.noindex/RxSwift.build/Debug-iphonesimulator/RxSwift.build/swift-overrides.hmap -emit-const-values -Xfrontend -const-gather-protocols-file -Xfrontend /Users/mac/Library/Developer/Xcode/DerivedData/Construkt-dmvdvjzlicdgipdixgirozdsnyxg/Build/Intermediates.noindex/RxSwift.build/Debug-iphonesimulator/RxSwift.build/Objects-normal/arm64/RxSwift_const_extract_protocols.json -Xcc -I/Users/mac/Library/Developer/Xcode/DerivedData/Construkt-dmvdvjzlicdgipdixgirozdsnyxg/Build/Products/Debug-iphonesimulator/include -Xcc -I/Users/mac/Library/Developer/Xcode/DerivedData/Construkt-dmvdvjzlicdgipdixgirozdsnyxg/Build/Intermediates.noindex/RxSwift.build/Debug-iphonesimulator/RxSwift.build/DerivedSources-normal/arm64 -Xcc -I/Users/mac/Library/Developer/Xcode/DerivedData/Construkt-dmvdvjzlicdgipdixgirozdsnyxg/Build/Intermediates.noindex/RxSwift.build/Debug-iphonesimulator/RxSwift.build/DerivedSources/arm64 -Xcc -I/Users/mac/Library/Developer/Xcode/DerivedData/Construkt-dmvdvjzlicdgipdixgirozdsnyxg/Build/Intermediates.noindex/RxSwift.build/Debug-iphonesimulator/RxSwift.build/DerivedSources -Xcc -DSWIFT_PACKAGE -Xcc -DDEBUG\=1 -emit-objc-header -emit-objc-header-path /Users/mac/Library/Developer/Xcode/DerivedData/Construkt-dmvdvjzlicdgipdixgirozdsnyxg/Build/Intermediates.noindex/RxSwift.build/Debug-iphonesimulator/RxSwift.build/Objects-normal/arm64/RxSwift-Swift.h -working-directory /Users/mac/Developer/pr0j3ct5/Construkt/Demo/Construkt.xcodeproj -experimental-emit-module-separately -disable-cmo

SwiftDriverJobDiscovery normal arm64 Compiling Binding.swift, CancelBag.swift, Property.swift, Signal.swift, Collection.swift, NSCollectionLayout.swift, Then.swift, UICollectionView.swift (in target 'ConstruktKit' from project 'Construkt' at path '/Users/mac/Developer/pr0j3ct5/Construkt/Package.swift')

SwiftCompile normal arm64 Compiling\ Builder+Switch.swift,\ Builder+TableView.swift,\ Builder+TextField.swift,\ Builder+Variable.swift,\ Builder+View.swift,\ Builder+ViewController.swift,\ Builder+With.swift,\ Builder+ZStack.swift /Users/mac/Developer/pr0j3ct5/Construkt/Sources/Construkt/Core/Builder/Builder+Switch.swift /Users/mac/Developer/pr0j3ct5/Construkt/Sources/Construkt/Core/Builder/Builder+TableView.swift /Users/mac/Developer/pr0j3ct5/Construkt/Sources/Construkt/Core/Builder/Builder+TextField.swift /Users/mac/Developer/pr0j3ct5/Construkt/Sources/Construkt/Core/Builder/Builder+Variable.swift /Users/mac/Developer/pr0j3ct5/Construkt/Sources/Construkt/Core/Builder/Builder+View.swift /Users/mac/Developer/pr0j3ct5/Construkt/Sources/Construkt/Core/Builder/Builder+ViewController.swift /Users/mac/Developer/pr0j3ct5/Construkt/Sources/Construkt/Core/Builder/Builder+With.swift /Users/mac/Developer/pr0j3ct5/Construkt/Sources/Construkt/Core/Builder/Builder+ZStack.swift (in target 'ConstruktKit' from project 'Construkt' at path '/Users/mac/Developer/pr0j3ct5/Construkt/Package.swift')

** BUILD FAILED **


The following build commands failed:
	SwiftCompile normal arm64 Compiling\ Stepper.swift,\ TextEditor.swift,\ Toggle.swift,\ Builder+Attributes.swift,\ Builder+Bindings.swift,\ Builder+Button.swift,\ Builder+Constraints.swift,\ Builder+Container.swift /Users/mac/Developer/pr0j3ct5/Construkt/Sources/Construkt/Components/Views/Stepper.swift /Users/mac/Developer/pr0j3ct5/Construkt/Sources/Construkt/Components/Views/TextEditor.swift /Users/mac/Developer/pr0j3ct5/Construkt/Sources/Construkt/Components/Views/Toggle.swift /Users/mac/Developer/pr0j3ct5/Construkt/Sources/Construkt/Core/Builder/Builder+Attributes.swift /Users/mac/Developer/pr0j3ct5/Construkt/Sources/Construkt/Core/Builder/Builder+Bindings.swift /Users/mac/Developer/pr0j3ct5/Construkt/Sources/Construkt/Core/Builder/Builder+Button.swift /Users/mac/Developer/pr0j3ct5/Construkt/Sources/Construkt/Core/Builder/Builder+Constraints.swift /Users/mac/Developer/pr0j3ct5/Construkt/Sources/Construkt/Core/Builder/Builder+Container.swift (in target 'ConstruktKit' from project 'Construkt' at path '/Users/mac/Developer/pr0j3ct5/Construkt/Package.swift')
	SwiftCompile normal arm64 /Users/mac/Developer/pr0j3ct5/Construkt/Sources/Construkt/Components/Views/TextEditor.swift (in target 'ConstruktKit' from project 'Construkt' at path '/Users/mac/Developer/pr0j3ct5/Construkt/Package.swift')
	Building project Construkt with scheme Construkt
(3 failures)
