Command line invocation:
    /Applications/Xcode-26.1.0.app/Contents/Developer/usr/bin/xcodebuild -scheme Construkt -destination "platform=iOS Simulator,name=iPhone 17" build

Resolve Package Graph


Resolved source packages:
  RxSwift: https://github.com/ReactiveX/RxSwift.git @ 6.10.1
  Factory: https://github.com/hmlongco/Factory.git @ 1.3.7
  SnapKit: https://github.com/SnapKit/SnapKit @ 5.7.1

--- xcodebuild: WARNING: Using the first of multiple matching destinations:
{ platform:iOS Simulator, arch:arm64, id:A1DBA281-377C-4538-8883-DDE60B1C4441, OS:26.1, name:iPhone 17 }
{ platform:iOS Simulator, arch:x86_64, id:A1DBA281-377C-4538-8883-DDE60B1C4441, OS:26.1, name:iPhone 17 }
ComputePackagePrebuildTargetDependencyGraph

Prepare packages

CreateBuildRequest

SendProjectDescription

CreateBuildOperation

ComputeTargetDependencyGraph
note: Building targets in dependency order
note: Target dependency graph (16 targets)
    Target 'Construkt' in project 'Construkt'
        ➜ Explicit dependency on target 'RxCocoa' in project 'RxSwift'
        ➜ Explicit dependency on target 'SnapKit' in project 'SnapKit'
        ➜ Explicit dependency on target 'Factory' in project 'Factory'
        ➜ Explicit dependency on target 'RxSwift' in project 'RxSwift'
    Target 'RxSwift' in project 'RxSwift'
        ➜ Explicit dependency on target 'RxSwift' in project 'RxSwift'
        ➜ Explicit dependency on target 'RxSwift_RxSwift' in project 'RxSwift'
    Target 'Factory' in project 'Factory'
        ➜ Explicit dependency on target 'Factory' in project 'Factory'
    Target 'Factory' in project 'Factory' (no dependencies)
    Target 'SnapKit' in project 'SnapKit'
        ➜ Explicit dependency on target 'SnapKit' in project 'SnapKit'
        ➜ Explicit dependency on target 'SnapKit_SnapKit' in project 'SnapKit'
    Target 'SnapKit' in project 'SnapKit'
        ➜ Explicit dependency on target 'SnapKit_SnapKit' in project 'SnapKit'
    Target 'SnapKit_SnapKit' in project 'SnapKit' (no dependencies)
    Target 'RxCocoa' in project 'RxSwift'
        ➜ Explicit dependency on target 'RxCocoa' in project 'RxSwift'
        ➜ Explicit dependency on target 'RxSwift_RxCocoa' in project 'RxSwift'
        ➜ Explicit dependency on target 'RxSwift' in project 'RxSwift'
        ➜ Explicit dependency on target 'RxRelay' in project 'RxSwift'
        ➜ Explicit dependency on target 'RxCocoaRuntime' in project 'RxSwift'
    Target 'RxCocoa' in project 'RxSwift'
        ➜ Explicit dependency on target 'RxSwift_RxCocoa' in project 'RxSwift'
        ➜ Explicit dependency on target 'RxSwift' in project 'RxSwift'
        ➜ Explicit dependency on target 'RxRelay' in project 'RxSwift'
        ➜ Explicit dependency on target 'RxCocoaRuntime' in project 'RxSwift'
    Target 'RxCocoaRuntime' in project 'RxSwift'
        ➜ Explicit dependency on target 'RxSwift_RxCocoaRuntime' in project 'RxSwift'
        ➜ Explicit dependency on target 'RxSwift' in project 'RxSwift'
    Target 'RxSwift_RxCocoaRuntime' in project 'RxSwift' (no dependencies)
    Target 'RxRelay' in project 'RxSwift'
        ➜ Explicit dependency on target 'RxSwift_RxRelay' in project 'RxSwift'
        ➜ Explicit dependency on target 'RxSwift' in project 'RxSwift'
    Target 'RxSwift_RxRelay' in project 'RxSwift' (no dependencies)
    Target 'RxSwift' in project 'RxSwift'
        ➜ Explicit dependency on target 'RxSwift_RxSwift' in project 'RxSwift'
    Target 'RxSwift_RxSwift' in project 'RxSwift' (no dependencies)
    Target 'RxSwift_RxCocoa' in project 'RxSwift' (no dependencies)

GatherProvisioningInputs

CreateBuildDescription

ExecuteExternalTool /Applications/Xcode-26.1.0.app/Contents/Developer/Toolchains/XcodeDefault.xctoolchain/usr/bin/swiftc --version

ExecuteExternalTool /Applications/Xcode-26.1.0.app/Contents/Developer/Toolchains/XcodeDefault.xctoolchain/usr/bin/clang -v -E -dM -arch arm64 -isysroot /Applications/Xcode-26.1.0.app/Contents/Developer/Platforms/iPhoneSimulator.platform/Developer/SDKs/iPhoneSimulator26.1.sdk -x objective-c -c /dev/null

ExecuteExternalTool /Applications/Xcode-26.1.0.app/Contents/Developer/Toolchains/XcodeDefault.xctoolchain/usr/bin/clang -v -E -dM -isysroot /Applications/Xcode-26.1.0.app/Contents/Developer/Platforms/iPhoneSimulator.platform/Developer/SDKs/iPhoneSimulator26.1.sdk -x c -c /dev/null

ExecuteExternalTool /Applications/Xcode-26.1.0.app/Contents/Developer/usr/bin/actool --print-asset-tag-combinations --output-format xml1 /Users/mac/Developer/pr0j3ct5/Construkt/Demo/Construkt/Resources/Assets.xcassets

ExecuteExternalTool /Applications/Xcode-26.1.0.app/Contents/Developer/usr/bin/actool --version --output-format xml1

ExecuteExternalTool /Applications/Xcode-26.1.0.app/Contents/Developer/Toolchains/XcodeDefault.xctoolchain/usr/bin/clang -v -E -dM -arch arm64 -isysroot /Applications/Xcode-26.1.0.app/Contents/Developer/Platforms/iPhoneSimulator.platform/Developer/SDKs/iPhoneSimulator26.1.sdk -x c -c /dev/null

ExecuteExternalTool /Applications/Xcode-26.1.0.app/Contents/Developer/Toolchains/XcodeDefault.xctoolchain/usr/bin/ld -version_details

Build description signature: fe081844aa5c7bd6edd3f511fc777ecd
Build description path: /Users/mac/Library/Developer/Xcode/DerivedData/Construkt-dmvdvjzlicdgipdixgirozdsnyxg/Build/Intermediates.noindex/XCBuildData/fe081844aa5c7bd6edd3f511fc777ecd.xcbuilddata
ClangStatCache /Applications/Xcode-26.1.0.app/Contents/Developer/Toolchains/XcodeDefault.xctoolchain/usr/bin/clang-stat-cache /Applications/Xcode-26.1.0.app/Contents/Developer/Platforms/iPhoneSimulator.platform/Developer/SDKs/iPhoneSimulator26.1.sdk /Users/mac/Library/Developer/Xcode/DerivedData/SDKStatCaches.noindex/iphonesimulator26.1-23B77-aa58e337a81609ab4fa365a8702acd8b.sdkstatcache
    cd /Users/mac/Developer/pr0j3ct5/Construkt/Demo/Construkt.xcodeproj
    /Applications/Xcode-26.1.0.app/Contents/Developer/Toolchains/XcodeDefault.xctoolchain/usr/bin/clang-stat-cache /Applications/Xcode-26.1.0.app/Contents/Developer/Platforms/iPhoneSimulator.platform/Developer/SDKs/iPhoneSimulator26.1.sdk -o /Users/mac/Library/Developer/Xcode/DerivedData/SDKStatCaches.noindex/iphonesimulator26.1-23B77-aa58e337a81609ab4fa365a8702acd8b.sdkstatcache

ProcessInfoPlistFile /Users/mac/Library/Developer/Xcode/DerivedData/Construkt-dmvdvjzlicdgipdixgirozdsnyxg/Build/Products/Debug-iphonesimulator/RxSwift_RxSwift.bundle/Info.plist /Users/mac/Library/Developer/Xcode/DerivedData/Construkt-dmvdvjzlicdgipdixgirozdsnyxg/Build/Intermediates.noindex/RxSwift.build/Debug-iphonesimulator/RxSwift_RxSwift.build/empty-RxSwift_RxSwift.plist (in target 'RxSwift_RxSwift' from project 'RxSwift')
    cd /Users/mac/Library/Developer/Xcode/DerivedData/Construkt-dmvdvjzlicdgipdixgirozdsnyxg/SourcePackages/checkouts/RxSwift
    builtin-infoPlistUtility /Users/mac/Library/Developer/Xcode/DerivedData/Construkt-dmvdvjzlicdgipdixgirozdsnyxg/Build/Intermediates.noindex/RxSwift.build/Debug-iphonesimulator/RxSwift_RxSwift.build/empty-RxSwift_RxSwift.plist -producttype com.apple.product-type.bundle -expandbuildsettings -format binary -platform iphonesimulator -o /Users/mac/Library/Developer/Xcode/DerivedData/Construkt-dmvdvjzlicdgipdixgirozdsnyxg/Build/Products/Debug-iphonesimulator/RxSwift_RxSwift.bundle/Info.plist

ProcessInfoPlistFile /Users/mac/Library/Developer/Xcode/DerivedData/Construkt-dmvdvjzlicdgipdixgirozdsnyxg/Build/Products/Debug-iphonesimulator/SnapKit_SnapKit.bundle/Info.plist /Users/mac/Library/Developer/Xcode/DerivedData/Construkt-dmvdvjzlicdgipdixgirozdsnyxg/Build/Intermediates.noindex/SnapKit.build/Debug-iphonesimulator/SnapKit_SnapKit.build/empty-SnapKit_SnapKit.plist (in target 'SnapKit_SnapKit' from project 'SnapKit')
    cd /Users/mac/Library/Developer/Xcode/DerivedData/Construkt-dmvdvjzlicdgipdixgirozdsnyxg/SourcePackages/checkouts/SnapKit
    builtin-infoPlistUtility /Users/mac/Library/Developer/Xcode/DerivedData/Construkt-dmvdvjzlicdgipdixgirozdsnyxg/Build/Intermediates.noindex/SnapKit.build/Debug-iphonesimulator/SnapKit_SnapKit.build/empty-SnapKit_SnapKit.plist -producttype com.apple.product-type.bundle -expandbuildsettings -format binary -platform iphonesimulator -o /Users/mac/Library/Developer/Xcode/DerivedData/Construkt-dmvdvjzlicdgipdixgirozdsnyxg/Build/Products/Debug-iphonesimulator/SnapKit_SnapKit.bundle/Info.plist

ProcessInfoPlistFile /Users/mac/Library/Developer/Xcode/DerivedData/Construkt-dmvdvjzlicdgipdixgirozdsnyxg/Build/Products/Debug-iphonesimulator/RxSwift_RxCocoaRuntime.bundle/Info.plist /Users/mac/Library/Developer/Xcode/DerivedData/Construkt-dmvdvjzlicdgipdixgirozdsnyxg/Build/Intermediates.noindex/RxSwift.build/Debug-iphonesimulator/RxSwift_RxCocoaRuntime.build/empty-RxSwift_RxCocoaRuntime.plist (in target 'RxSwift_RxCocoaRuntime' from project 'RxSwift')
    cd /Users/mac/Library/Developer/Xcode/DerivedData/Construkt-dmvdvjzlicdgipdixgirozdsnyxg/SourcePackages/checkouts/RxSwift
    builtin-infoPlistUtility /Users/mac/Library/Developer/Xcode/DerivedData/Construkt-dmvdvjzlicdgipdixgirozdsnyxg/Build/Intermediates.noindex/RxSwift.build/Debug-iphonesimulator/RxSwift_RxCocoaRuntime.build/empty-RxSwift_RxCocoaRuntime.plist -producttype com.apple.product-type.bundle -expandbuildsettings -format binary -platform iphonesimulator -o /Users/mac/Library/Developer/Xcode/DerivedData/Construkt-dmvdvjzlicdgipdixgirozdsnyxg/Build/Products/Debug-iphonesimulator/RxSwift_RxCocoaRuntime.bundle/Info.plist

ProcessInfoPlistFile /Users/mac/Library/Developer/Xcode/DerivedData/Construkt-dmvdvjzlicdgipdixgirozdsnyxg/Build/Products/Debug-iphonesimulator/RxSwift_RxRelay.bundle/Info.plist /Users/mac/Library/Developer/Xcode/DerivedData/Construkt-dmvdvjzlicdgipdixgirozdsnyxg/Build/Intermediates.noindex/RxSwift.build/Debug-iphonesimulator/RxSwift_RxRelay.build/empty-RxSwift_RxRelay.plist (in target 'RxSwift_RxRelay' from project 'RxSwift')
    cd /Users/mac/Library/Developer/Xcode/DerivedData/Construkt-dmvdvjzlicdgipdixgirozdsnyxg/SourcePackages/checkouts/RxSwift
    builtin-infoPlistUtility /Users/mac/Library/Developer/Xcode/DerivedData/Construkt-dmvdvjzlicdgipdixgirozdsnyxg/Build/Intermediates.noindex/RxSwift.build/Debug-iphonesimulator/RxSwift_RxRelay.build/empty-RxSwift_RxRelay.plist -producttype com.apple.product-type.bundle -expandbuildsettings -format binary -platform iphonesimulator -o /Users/mac/Library/Developer/Xcode/DerivedData/Construkt-dmvdvjzlicdgipdixgirozdsnyxg/Build/Products/Debug-iphonesimulator/RxSwift_RxRelay.bundle/Info.plist

ProcessInfoPlistFile /Users/mac/Library/Developer/Xcode/DerivedData/Construkt-dmvdvjzlicdgipdixgirozdsnyxg/Build/Products/Debug-iphonesimulator/RxSwift_RxCocoa.bundle/Info.plist /Users/mac/Library/Developer/Xcode/DerivedData/Construkt-dmvdvjzlicdgipdixgirozdsnyxg/Build/Intermediates.noindex/RxSwift.build/Debug-iphonesimulator/RxSwift_RxCocoa.build/empty-RxSwift_RxCocoa.plist (in target 'RxSwift_RxCocoa' from project 'RxSwift')
    cd /Users/mac/Library/Developer/Xcode/DerivedData/Construkt-dmvdvjzlicdgipdixgirozdsnyxg/SourcePackages/checkouts/RxSwift
    builtin-infoPlistUtility /Users/mac/Library/Developer/Xcode/DerivedData/Construkt-dmvdvjzlicdgipdixgirozdsnyxg/Build/Intermediates.noindex/RxSwift.build/Debug-iphonesimulator/RxSwift_RxCocoa.build/empty-RxSwift_RxCocoa.plist -producttype com.apple.product-type.bundle -expandbuildsettings -format binary -platform iphonesimulator -o /Users/mac/Library/Developer/Xcode/DerivedData/Construkt-dmvdvjzlicdgipdixgirozdsnyxg/Build/Products/Debug-iphonesimulator/RxSwift_RxCocoa.bundle/Info.plist

SwiftDriver RxCocoa normal arm64 com.apple.xcode.tools.swift.compiler (in target 'RxCocoa' from project 'RxSwift')
    cd /Users/mac/Developer/pr0j3ct5/Construkt/Demo/Construkt.xcodeproj
    builtin-SwiftDriver -- /Applications/Xcode-26.1.0.app/Contents/Developer/Toolchains/XcodeDefault.xctoolchain/usr/bin/swiftc -module-name RxCocoa -Onone -enforce-exclusivity\=checked @/Users/mac/Library/Developer/Xcode/DerivedData/Construkt-dmvdvjzlicdgipdixgirozdsnyxg/Build/Intermediates.noindex/RxSwift.build/Debug-iphonesimulator/RxCocoa.build/Objects-normal/arm64/RxCocoa.SwiftFileList -DSWIFT_PACKAGE -DDEBUG -DSWIFT_MODULE_RESOURCE_BUNDLE_AVAILABLE -Xcc -fmodule-map-file\=/Users/mac/Library/Developer/Xcode/DerivedData/Construkt-dmvdvjzlicdgipdixgirozdsnyxg/Build/Intermediates.noindex/GeneratedModuleMaps-iphonesimulator/RxCocoaRuntime.modulemap -DXcode -plugin-path /Applications/Xcode-26.1.0.app/Contents/Developer/Toolchains/XcodeDefault.xctoolchain/usr/lib/swift/host/plugins/testing -enable-experimental-feature DebugDescriptionMacro -sdk /Applications/Xcode-26.1.0.app/Contents/Developer/Platforms/iPhoneSimulator.platform/Developer/SDKs/iPhoneSimulator26.1.sdk -target arm64-apple-ios12.0-simulator -g -module-cache-path /Users/mac/Library/Developer/Xcode/DerivedData/ModuleCache.noindex -Xfrontend -serialize-debugging-options -enable-testing -suppress-warnings -index-store-path /Users/mac/Library/Developer/Xcode/DerivedData/Construkt-dmvdvjzlicdgipdixgirozdsnyxg/Index.noindex/DataStore -Xcc -D_LIBCPP_HARDENING_MODE\=_LIBCPP_HARDENING_MODE_DEBUG -swift-version 5 -I /Users/mac/Library/Developer/Xcode/DerivedData/Construkt-dmvdvjzlicdgipdixgirozdsnyxg/Build/Products/Debug-iphonesimulator -Isystem /Applications/Xcode-26.1.0.app/Contents/Developer/Platforms/iPhoneSimulator.platform/Developer/usr/lib -F /Users/mac/Library/Developer/Xcode/DerivedData/Construkt-dmvdvjzlicdgipdixgirozdsnyxg/Build/Products/Debug-iphonesimulator/PackageFrameworks -F /Users/mac/Library/Developer/Xcode/DerivedData/Construkt-dmvdvjzlicdgipdixgirozdsnyxg/Build/Products/Debug-iphonesimulator/PackageFrameworks -F /Users/mac/Library/Developer/Xcode/DerivedData/Construkt-dmvdvjzlicdgipdixgirozdsnyxg/Build/Products/Debug-iphonesimulator/PackageFrameworks -F /Users/mac/Library/Developer/Xcode/DerivedData/Construkt-dmvdvjzlicdgipdixgirozdsnyxg/Build/Products/Debug-iphonesimulator -F /Applications/Xcode-26.1.0.app/Contents/Developer/Platforms/iPhoneSimulator.platform/Developer/Library/Frameworks -F /Applications/Xcode-26.1.0.app/Contents/Developer/Platforms/iPhoneSimulator.platform/Developer/SDKs/iPhoneSimulator26.1.sdk/Developer/Library/Frameworks -c -j8 -enable-batch-mode -incremental -Xcc -ivfsstatcache -Xcc /Users/mac/Library/Developer/Xcode/DerivedData/SDKStatCaches.noindex/iphonesimulator26.1-23B77-aa58e337a81609ab4fa365a8702acd8b.sdkstatcache -output-file-map /Users/mac/Library/Developer/Xcode/DerivedData/Construkt-dmvdvjzlicdgipdixgirozdsnyxg/Build/Intermediates.noindex/RxSwift.build/Debug-iphonesimulator/RxCocoa.build/Objects-normal/arm64/RxCocoa-OutputFileMap.json -use-frontend-parseable-output -save-temps -no-color-diagnostics -explicit-module-build -module-cache-path /Users/mac/Library/Developer/Xcode/DerivedData/Construkt-dmvdvjzlicdgipdixgirozdsnyxg/Build/Intermediates.noindex/SwiftExplicitPrecompiledModules -clang-scanner-module-cache-path /Users/mac/Library/Developer/Xcode/DerivedData/ModuleCache.noindex -sdk-module-cache-path /Users/mac/Library/Developer/Xcode/DerivedData/ModuleCache.noindex -serialize-diagnostics -emit-dependencies -emit-module -emit-module-path /Users/mac/Library/Developer/Xcode/DerivedData/Construkt-dmvdvjzlicdgipdixgirozdsnyxg/Build/Intermediates.noindex/RxSwift.build/Debug-iphonesimulator/RxCocoa.build/Objects-normal/arm64/RxCocoa.swiftmodule -validate-clang-modules-once -clang-build-session-file /Users/mac/Library/Developer/Xcode/DerivedData/ModuleCache.noindex/Session.modulevalidation -package-name rxswift -Xcc -I/Users/mac/Library/Developer/Xcode/DerivedData/Construkt-dmvdvjzlicdgipdixgirozdsnyxg/Build/Intermediates.noindex/RxSwift.build/Debug-iphonesimulator/RxCocoa.build/swift-overrides.hmap -emit-const-values -Xfrontend -const-gather-protocols-file -Xfrontend /Users/mac/Library/Developer/Xcode/DerivedData/Construkt-dmvdvjzlicdgipdixgirozdsnyxg/Build/Intermediates.noindex/RxSwift.build/Debug-iphonesimulator/RxCocoa.build/Objects-normal/arm64/RxCocoa_const_extract_protocols.json -Xcc -I/Users/mac/Library/Developer/Xcode/DerivedData/Construkt-dmvdvjzlicdgipdixgirozdsnyxg/SourcePackages/checkouts/RxSwift/Sources/RxCocoaRuntime/include -Xcc -I/Users/mac/Library/Developer/Xcode/DerivedData/Construkt-dmvdvjzlicdgipdixgirozdsnyxg/Build/Products/Debug-iphonesimulator/include -Xcc -I/Users/mac/Library/Developer/Xcode/DerivedData/Construkt-dmvdvjzlicdgipdixgirozdsnyxg/Build/Intermediates.noindex/RxSwift.build/Debug-iphonesimulator/RxCocoa.build/DerivedSources-normal/arm64 -Xcc -I/Users/mac/Library/Developer/Xcode/DerivedData/Construkt-dmvdvjzlicdgipdixgirozdsnyxg/Build/Intermediates.noindex/RxSwift.build/Debug-iphonesimulator/RxCocoa.build/DerivedSources/arm64 -Xcc -I/Users/mac/Library/Developer/Xcode/DerivedData/Construkt-dmvdvjzlicdgipdixgirozdsnyxg/Build/Intermediates.noindex/RxSwift.build/Debug-iphonesimulator/RxCocoa.build/DerivedSources -Xcc -DSWIFT_PACKAGE -Xcc -DDEBUG\=1 -emit-objc-header -emit-objc-header-path /Users/mac/Library/Developer/Xcode/DerivedData/Construkt-dmvdvjzlicdgipdixgirozdsnyxg/Build/Intermediates.noindex/RxSwift.build/Debug-iphonesimulator/RxCocoa.build/Objects-normal/arm64/RxCocoa-Swift.h -working-directory /Users/mac/Developer/pr0j3ct5/Construkt/Demo/Construkt.xcodeproj -experimental-emit-module-separately -disable-cmo

SwiftCompile normal arm64 Compiling\ RxWKNavigationDelegateProxy.swift,\ SchedulerType+SharedSequence.swift /Users/mac/Library/Developer/Xcode/DerivedData/Construkt-dmvdvjzlicdgipdixgirozdsnyxg/SourcePackages/checkouts/RxSwift/Sources/RxCocoa/RxWKNavigationDelegateProxy.swift /Users/mac/Library/Developer/Xcode/DerivedData/Construkt-dmvdvjzlicdgipdixgirozdsnyxg/SourcePackages/checkouts/RxSwift/Sources/RxCocoa/SchedulerType+SharedSequence.swift (in target 'RxCocoa' from project 'RxSwift')

SwiftCompile normal arm64 /Users/mac/Library/Developer/Xcode/DerivedData/Construkt-dmvdvjzlicdgipdixgirozdsnyxg/SourcePackages/checkouts/RxSwift/Sources/RxCocoa/RxWKNavigationDelegateProxy.swift (in target 'RxCocoa' from project 'RxSwift')
    cd /Users/mac/Developer/pr0j3ct5/Construkt/Demo/Construkt.xcodeproj
    

SwiftCompile normal arm64 /Users/mac/Library/Developer/Xcode/DerivedData/Construkt-dmvdvjzlicdgipdixgirozdsnyxg/SourcePackages/checkouts/RxSwift/Sources/RxCocoa/SchedulerType+SharedSequence.swift (in target 'RxCocoa' from project 'RxSwift')
    cd /Users/mac/Developer/pr0j3ct5/Construkt/Demo/Construkt.xcodeproj
    

SwiftCompile normal arm64 Compiling\ SharedSequence+Operators+arity.swift,\ SharedSequence+Operators.swift /Users/mac/Library/Developer/Xcode/DerivedData/Construkt-dmvdvjzlicdgipdixgirozdsnyxg/SourcePackages/checkouts/RxSwift/Sources/RxCocoa/SharedSequence+Operators+arity.swift /Users/mac/Library/Developer/Xcode/DerivedData/Construkt-dmvdvjzlicdgipdixgirozdsnyxg/SourcePackages/checkouts/RxSwift/Sources/RxCocoa/SharedSequence+Operators.swift (in target 'RxCocoa' from project 'RxSwift')
SwiftCompile normal arm64 /Users/mac/Library/Developer/Xcode/DerivedData/Construkt-dmvdvjzlicdgipdixgirozdsnyxg/SourcePackages/checkouts/RxSwift/Sources/RxCocoa/SharedSequence+Operators+arity.swift (in target 'RxCocoa' from project 'RxSwift')
    cd /Users/mac/Developer/pr0j3ct5/Construkt/Demo/Construkt.xcodeproj
    

SwiftCompile normal arm64 /Users/mac/Library/Developer/Xcode/DerivedData/Construkt-dmvdvjzlicdgipdixgirozdsnyxg/SourcePackages/checkouts/RxSwift/Sources/RxCocoa/SharedSequence+Operators.swift (in target 'RxCocoa' from project 'RxSwift')
    cd /Users/mac/Developer/pr0j3ct5/Construkt/Demo/Construkt.xcodeproj
    

SwiftCompile normal arm64 Compiling\ SectionedViewDataSourceType.swift,\ SharedSequence+Concurrency.swift /Users/mac/Library/Developer/Xcode/DerivedData/Construkt-dmvdvjzlicdgipdixgirozdsnyxg/SourcePackages/checkouts/RxSwift/Sources/RxCocoa/SectionedViewDataSourceType.swift /Users/mac/Library/Developer/Xcode/DerivedData/Construkt-dmvdvjzlicdgipdixgirozdsnyxg/SourcePackages/checkouts/RxSwift/Sources/RxCocoa/SharedSequence+Concurrency.swift (in target 'RxCocoa' from project 'RxSwift')

SwiftCompile normal arm64 /Users/mac/Library/Developer/Xcode/DerivedData/Construkt-dmvdvjzlicdgipdixgirozdsnyxg/SourcePackages/checkouts/RxSwift/Sources/RxCocoa/SectionedViewDataSourceType.swift (in target 'RxCocoa' from project 'RxSwift')
    cd /Users/mac/Developer/pr0j3ct5/Construkt/Demo/Construkt.xcodeproj
    

SwiftCompile normal arm64 /Users/mac/Library/Developer/Xcode/DerivedData/Construkt-dmvdvjzlicdgipdixgirozdsnyxg/SourcePackages/checkouts/RxSwift/Sources/RxCocoa/SharedSequence+Concurrency.swift (in target 'RxCocoa' from project 'RxSwift')
    cd /Users/mac/Developer/pr0j3ct5/Construkt/Demo/Construkt.xcodeproj
    

SwiftEmitModule normal arm64 Emitting\ module\ for\ RxCocoa (in target 'RxCocoa' from project 'RxSwift')
EmitSwiftModule normal arm64 (in target 'RxCocoa' from project 'RxSwift')
    cd /Users/mac/Developer/pr0j3ct5/Construkt/Demo/Construkt.xcodeproj
    

SwiftCompile normal arm64 Compiling\ SharedSequence.swift,\ Signal+Subscription.swift /Users/mac/Library/Developer/Xcode/DerivedData/Construkt-dmvdvjzlicdgipdixgirozdsnyxg/SourcePackages/checkouts/RxSwift/Sources/RxCocoa/SharedSequence.swift /Users/mac/Library/Developer/Xcode/DerivedData/Construkt-dmvdvjzlicdgipdixgirozdsnyxg/SourcePackages/checkouts/RxSwift/Sources/RxCocoa/Signal+Subscription.swift (in target 'RxCocoa' from project 'RxSwift')

SwiftCompile normal arm64 /Users/mac/Library/Developer/Xcode/DerivedData/Construkt-dmvdvjzlicdgipdixgirozdsnyxg/SourcePackages/checkouts/RxSwift/Sources/RxCocoa/SharedSequence.swift (in target 'RxCocoa' from project 'RxSwift')
    cd /Users/mac/Developer/pr0j3ct5/Construkt/Demo/Construkt.xcodeproj
    

SwiftCompile normal arm64 /Users/mac/Library/Developer/Xcode/DerivedData/Construkt-dmvdvjzlicdgipdixgirozdsnyxg/SourcePackages/checkouts/RxSwift/Sources/RxCocoa/Signal+Subscription.swift (in target 'RxCocoa' from project 'RxSwift')
    cd /Users/mac/Developer/pr0j3ct5/Construkt/Demo/Construkt.xcodeproj
    

SwiftCompile normal arm64 Compiling\ TextInput.swift /Users/mac/Library/Developer/Xcode/DerivedData/Construkt-dmvdvjzlicdgipdixgirozdsnyxg/SourcePackages/checkouts/RxSwift/Sources/RxCocoa/TextInput.swift (in target 'RxCocoa' from project 'RxSwift')

SwiftCompile normal arm64 /Users/mac/Library/Developer/Xcode/DerivedData/Construkt-dmvdvjzlicdgipdixgirozdsnyxg/SourcePackages/checkouts/RxSwift/Sources/RxCocoa/TextInput.swift (in target 'RxCocoa' from project 'RxSwift')
    cd /Users/mac/Developer/pr0j3ct5/Construkt/Demo/Construkt.xcodeproj
    

SwiftCompile normal arm64 Compiling\ Signal.swift /Users/mac/Library/Developer/Xcode/DerivedData/Construkt-dmvdvjzlicdgipdixgirozdsnyxg/SourcePackages/checkouts/RxSwift/Sources/RxCocoa/Signal.swift (in target 'RxCocoa' from project 'RxSwift')

SwiftCompile normal arm64 /Users/mac/Library/Developer/Xcode/DerivedData/Construkt-dmvdvjzlicdgipdixgirozdsnyxg/SourcePackages/checkouts/RxSwift/Sources/RxCocoa/Signal.swift (in target 'RxCocoa' from project 'RxSwift')
    cd /Users/mac/Developer/pr0j3ct5/Construkt/Demo/Construkt.xcodeproj
    

SwiftCompile normal arm64 Compiling\ UIApplication+Rx.swift /Users/mac/Library/Developer/Xcode/DerivedData/Construkt-dmvdvjzlicdgipdixgirozdsnyxg/SourcePackages/checkouts/RxSwift/Sources/RxCocoa/UIApplication+Rx.swift (in target 'RxCocoa' from project 'RxSwift')

SwiftCompile normal arm64 /Users/mac/Library/Developer/Xcode/DerivedData/Construkt-dmvdvjzlicdgipdixgirozdsnyxg/SourcePackages/checkouts/RxSwift/Sources/RxCocoa/UIApplication+Rx.swift (in target 'RxCocoa' from project 'RxSwift')
    cd /Users/mac/Developer/pr0j3ct5/Construkt/Demo/Construkt.xcodeproj
    

SwiftCompile normal arm64 Compiling\ UIActivityIndicatorView+Rx.swift /Users/mac/Library/Developer/Xcode/DerivedData/Construkt-dmvdvjzlicdgipdixgirozdsnyxg/SourcePackages/checkouts/RxSwift/Sources/RxCocoa/UIActivityIndicatorView+Rx.swift (in target 'RxCocoa' from project 'RxSwift')

SwiftCompile normal arm64 /Users/mac/Library/Developer/Xcode/DerivedData/Construkt-dmvdvjzlicdgipdixgirozdsnyxg/SourcePackages/checkouts/RxSwift/Sources/RxCocoa/UIActivityIndicatorView+Rx.swift (in target 'RxCocoa' from project 'RxSwift')
    cd /Users/mac/Developer/pr0j3ct5/Construkt/Demo/Construkt.xcodeproj
    

SwiftDriverJobDiscovery normal arm64 Compiling Signal.swift (in target 'RxCocoa' from project 'RxSwift')

SwiftCompile normal arm64 Compiling\ PublishRelay+Signal.swift /Users/mac/Library/Developer/Xcode/DerivedData/Construkt-dmvdvjzlicdgipdixgirozdsnyxg/SourcePackages/checkouts/RxSwift/Sources/RxCocoa/PublishRelay+Signal.swift (in target 'RxCocoa' from project 'RxSwift')

SwiftCompile normal arm64 /Users/mac/Library/Developer/Xcode/DerivedData/Construkt-dmvdvjzlicdgipdixgirozdsnyxg/SourcePackages/checkouts/RxSwift/Sources/RxCocoa/PublishRelay+Signal.swift (in target 'RxCocoa' from project 'RxSwift')
    cd /Users/mac/Developer/pr0j3ct5/Construkt/Demo/Construkt.xcodeproj
    

SwiftDriverJobDiscovery normal arm64 Compiling UIApplication+Rx.swift (in target 'RxCocoa' from project 'RxSwift')

SwiftCompile normal arm64 Compiling\ ObservableConvertibleType+Driver.swift /Users/mac/Library/Developer/Xcode/DerivedData/Construkt-dmvdvjzlicdgipdixgirozdsnyxg/SourcePackages/checkouts/RxSwift/Sources/RxCocoa/ObservableConvertibleType+Driver.swift (in target 'RxCocoa' from project 'RxSwift')

SwiftCompile normal arm64 /Users/mac/Library/Developer/Xcode/DerivedData/Construkt-dmvdvjzlicdgipdixgirozdsnyxg/SourcePackages/checkouts/RxSwift/Sources/RxCocoa/ObservableConvertibleType+Driver.swift (in target 'RxCocoa' from project 'RxSwift')
    cd /Users/mac/Developer/pr0j3ct5/Construkt/Demo/Construkt.xcodeproj
    

SwiftDriverJobDiscovery normal arm64 Compiling SectionedViewDataSourceType.swift, SharedSequence+Concurrency.swift (in target 'RxCocoa' from project 'RxSwift')

SwiftCompile normal arm64 Compiling\ Driver+Subscription.swift /Users/mac/Library/Developer/Xcode/DerivedData/Construkt-dmvdvjzlicdgipdixgirozdsnyxg/SourcePackages/checkouts/RxSwift/Sources/RxCocoa/Driver+Subscription.swift (in target 'RxCocoa' from project 'RxSwift')

SwiftCompile normal arm64 /Users/mac/Library/Developer/Xcode/DerivedData/Construkt-dmvdvjzlicdgipdixgirozdsnyxg/SourcePackages/checkouts/RxSwift/Sources/RxCocoa/Driver+Subscription.swift (in target 'RxCocoa' from project 'RxSwift')
    cd /Users/mac/Developer/pr0j3ct5/Construkt/Demo/Construkt.xcodeproj
    

SwiftDriverJobDiscovery normal arm64 Compiling TextInput.swift (in target 'RxCocoa' from project 'RxSwift')

SwiftCompile normal arm64 Compiling\ NSTextStorage+Rx.swift,\ NotificationCenter+Rx.swift,\ UIBarButtonItem+Rx.swift,\ UIButton+Rx.swift /Users/mac/Library/Developer/Xcode/DerivedData/Construkt-dmvdvjzlicdgipdixgirozdsnyxg/SourcePackages/checkouts/RxSwift/Sources/RxCocoa/NSTextStorage+Rx.swift /Users/mac/Library/Developer/Xcode/DerivedData/Construkt-dmvdvjzlicdgipdixgirozdsnyxg/SourcePackages/checkouts/RxSwift/Sources/RxCocoa/NotificationCenter+Rx.swift /Users/mac/Library/Developer/Xcode/DerivedData/Construkt-dmvdvjzlicdgipdixgirozdsnyxg/SourcePackages/checkouts/RxSwift/Sources/RxCocoa/UIBarButtonItem+Rx.swift /Users/mac/Library/Developer/Xcode/DerivedData/Construkt-dmvdvjzlicdgipdixgirozdsnyxg/SourcePackages/checkouts/RxSwift/Sources/RxCocoa/UIButton+Rx.swift (in target 'RxCocoa' from project 'RxSwift')

SwiftCompile normal arm64 /Users/mac/Library/Developer/Xcode/DerivedData/Construkt-dmvdvjzlicdgipdixgirozdsnyxg/SourcePackages/checkouts/RxSwift/Sources/RxCocoa/NSTextStorage+Rx.swift (in target 'RxCocoa' from project 'RxSwift')
    cd /Users/mac/Developer/pr0j3ct5/Construkt/Demo/Construkt.xcodeproj
    

SwiftCompile normal arm64 /Users/mac/Library/Developer/Xcode/DerivedData/Construkt-dmvdvjzlicdgipdixgirozdsnyxg/SourcePackages/checkouts/RxSwift/Sources/RxCocoa/NotificationCenter+Rx.swift (in target 'RxCocoa' from project 'RxSwift')
    cd /Users/mac/Developer/pr0j3ct5/Construkt/Demo/Construkt.xcodeproj
    

SwiftCompile normal arm64 /Users/mac/Library/Developer/Xcode/DerivedData/Construkt-dmvdvjzlicdgipdixgirozdsnyxg/SourcePackages/checkouts/RxSwift/Sources/RxCocoa/UIBarButtonItem+Rx.swift (in target 'RxCocoa' from project 'RxSwift')
    cd /Users/mac/Developer/pr0j3ct5/Construkt/Demo/Construkt.xcodeproj
    

SwiftCompile normal arm64 /Users/mac/Library/Developer/Xcode/DerivedData/Construkt-dmvdvjzlicdgipdixgirozdsnyxg/SourcePackages/checkouts/RxSwift/Sources/RxCocoa/UIButton+Rx.swift (in target 'RxCocoa' from project 'RxSwift')
    cd /Users/mac/Developer/pr0j3ct5/Construkt/Demo/Construkt.xcodeproj
    

SwiftDriverJobDiscovery normal arm64 Compiling SharedSequence.swift, Signal+Subscription.swift (in target 'RxCocoa' from project 'RxSwift')

SwiftCompile normal arm64 Compiling\ DelegateProxyType.swift,\ NSObject+Rx+KVORepresentable.swift,\ NSObject+Rx+RawRepresentable.swift,\ NSObject+Rx.swift /Users/mac/Library/Developer/Xcode/DerivedData/Construkt-dmvdvjzlicdgipdixgirozdsnyxg/SourcePackages/checkouts/RxSwift/Sources/RxCocoa/DelegateProxyType.swift /Users/mac/Library/Developer/Xcode/DerivedData/Construkt-dmvdvjzlicdgipdixgirozdsnyxg/SourcePackages/checkouts/RxSwift/Sources/RxCocoa/NSObject+Rx+KVORepresentable.swift /Users/mac/Library/Developer/Xcode/DerivedData/Construkt-dmvdvjzlicdgipdixgirozdsnyxg/SourcePackages/checkouts/RxSwift/Sources/RxCocoa/NSObject+Rx+RawRepresentable.swift /Users/mac/Library/Developer/Xcode/DerivedData/Construkt-dmvdvjzlicdgipdixgirozdsnyxg/SourcePackages/checkouts/RxSwift/Sources/RxCocoa/NSObject+Rx.swift (in target 'RxCocoa' from project 'RxSwift')
SwiftCompile normal arm64 /Users/mac/Library/Developer/Xcode/DerivedData/Construkt-dmvdvjzlicdgipdixgirozdsnyxg/SourcePackages/checkouts/RxSwift/Sources/RxCocoa/DelegateProxyType.swift (in target 'RxCocoa' from project 'RxSwift')
    cd /Users/mac/Developer/pr0j3ct5/Construkt/Demo/Construkt.xcodeproj
    

SwiftCompile normal arm64 /Users/mac/Library/Developer/Xcode/DerivedData/Construkt-dmvdvjzlicdgipdixgirozdsnyxg/SourcePackages/checkouts/RxSwift/Sources/RxCocoa/NSObject+Rx+KVORepresentable.swift (in target 'RxCocoa' from project 'RxSwift')
    cd /Users/mac/Developer/pr0j3ct5/Construkt/Demo/Construkt.xcodeproj
    

SwiftCompile normal arm64 /Users/mac/Library/Developer/Xcode/DerivedData/Construkt-dmvdvjzlicdgipdixgirozdsnyxg/SourcePackages/checkouts/RxSwift/Sources/RxCocoa/NSObject+Rx+RawRepresentable.swift (in target 'RxCocoa' from project 'RxSwift')
    cd /Users/mac/Developer/pr0j3ct5/Construkt/Demo/Construkt.xcodeproj
    

SwiftCompile normal arm64 /Users/mac/Library/Developer/Xcode/DerivedData/Construkt-dmvdvjzlicdgipdixgirozdsnyxg/SourcePackages/checkouts/RxSwift/Sources/RxCocoa/NSObject+Rx.swift (in target 'RxCocoa' from project 'RxSwift')
    cd /Users/mac/Developer/pr0j3ct5/Construkt/Demo/Construkt.xcodeproj
    

SwiftDriverJobDiscovery normal arm64 Compiling RxWKNavigationDelegateProxy.swift, SchedulerType+SharedSequence.swift (in target 'RxCocoa' from project 'RxSwift')

SwiftCompile normal arm64 Compiling\ RxCollectionViewReactiveArrayDataSource.swift /Users/mac/Library/Developer/Xcode/DerivedData/Construkt-dmvdvjzlicdgipdixgirozdsnyxg/SourcePackages/checkouts/RxSwift/Sources/RxCocoa/RxCollectionViewReactiveArrayDataSource.swift (in target 'RxCocoa' from project 'RxSwift')

SwiftCompile normal arm64 /Users/mac/Library/Developer/Xcode/DerivedData/Construkt-dmvdvjzlicdgipdixgirozdsnyxg/SourcePackages/checkouts/RxSwift/Sources/RxCocoa/RxCollectionViewReactiveArrayDataSource.swift (in target 'RxCocoa' from project 'RxSwift')
    cd /Users/mac/Developer/pr0j3ct5/Construkt/Demo/Construkt.xcodeproj
    

SwiftDriverJobDiscovery normal arm64 Compiling UIActivityIndicatorView+Rx.swift (in target 'RxCocoa' from project 'RxSwift')

SwiftCompile normal arm64 Compiling\ RxTableViewReactiveArrayDataSource.swift /Users/mac/Library/Developer/Xcode/DerivedData/Construkt-dmvdvjzlicdgipdixgirozdsnyxg/SourcePackages/checkouts/RxSwift/Sources/RxCocoa/RxTableViewReactiveArrayDataSource.swift (in target 'RxCocoa' from project 'RxSwift')

SwiftCompile normal arm64 /Users/mac/Library/Developer/Xcode/DerivedData/Construkt-dmvdvjzlicdgipdixgirozdsnyxg/SourcePackages/checkouts/RxSwift/Sources/RxCocoa/RxTableViewReactiveArrayDataSource.swift (in target 'RxCocoa' from project 'RxSwift')
    cd /Users/mac/Developer/pr0j3ct5/Construkt/Demo/Construkt.xcodeproj
    

SwiftDriverJobDiscovery normal arm64 Compiling PublishRelay+Signal.swift (in target 'RxCocoa' from project 'RxSwift')

SwiftCompile normal arm64 Compiling\ UITextView+Rx.swift,\ URLSession+Rx.swift,\ WKWebView+Rx.swift /Users/mac/Library/Developer/Xcode/DerivedData/Construkt-dmvdvjzlicdgipdixgirozdsnyxg/SourcePackages/checkouts/RxSwift/Sources/RxCocoa/UITextView+Rx.swift /Users/mac/Library/Developer/Xcode/DerivedData/Construkt-dmvdvjzlicdgipdixgirozdsnyxg/SourcePackages/checkouts/RxSwift/Sources/RxCocoa/URLSession+Rx.swift /Users/mac/Library/Developer/Xcode/DerivedData/Construkt-dmvdvjzlicdgipdixgirozdsnyxg/SourcePackages/checkouts/RxSwift/Sources/RxCocoa/WKWebView+Rx.swift (in target 'RxCocoa' from project 'RxSwift')

SwiftCompile normal arm64 /Users/mac/Library/Developer/Xcode/DerivedData/Construkt-dmvdvjzlicdgipdixgirozdsnyxg/SourcePackages/checkouts/RxSwift/Sources/RxCocoa/UITextView+Rx.swift (in target 'RxCocoa' from project 'RxSwift')
    cd /Users/mac/Developer/pr0j3ct5/Construkt/Demo/Construkt.xcodeproj
    

SwiftCompile normal arm64 /Users/mac/Library/Developer/Xcode/DerivedData/Construkt-dmvdvjzlicdgipdixgirozdsnyxg/SourcePackages/checkouts/RxSwift/Sources/RxCocoa/URLSession+Rx.swift (in target 'RxCocoa' from project 'RxSwift')
    cd /Users/mac/Developer/pr0j3ct5/Construkt/Demo/Construkt.xcodeproj
    

SwiftCompile normal arm64 /Users/mac/Library/Developer/Xcode/DerivedData/Construkt-dmvdvjzlicdgipdixgirozdsnyxg/SourcePackages/checkouts/RxSwift/Sources/RxCocoa/WKWebView+Rx.swift (in target 'RxCocoa' from project 'RxSwift')
    cd /Users/mac/Developer/pr0j3ct5/Construkt/Demo/Construkt.xcodeproj
    

SwiftDriverJobDiscovery normal arm64 Compiling ObservableConvertibleType+Driver.swift (in target 'RxCocoa' from project 'RxSwift')

SwiftCompile normal arm64 Compiling\ UISearchBar+Rx.swift,\ UISearchController+Rx.swift,\ UISegmentedControl+Rx.swift,\ UISlider+Rx.swift /Users/mac/Library/Developer/Xcode/DerivedData/Construkt-dmvdvjzlicdgipdixgirozdsnyxg/SourcePackages/checkouts/RxSwift/Sources/RxCocoa/UISearchBar+Rx.swift /Users/mac/Library/Developer/Xcode/DerivedData/Construkt-dmvdvjzlicdgipdixgirozdsnyxg/SourcePackages/checkouts/RxSwift/Sources/RxCocoa/UISearchController+Rx.swift /Users/mac/Library/Developer/Xcode/DerivedData/Construkt-dmvdvjzlicdgipdixgirozdsnyxg/SourcePackages/checkouts/RxSwift/Sources/RxCocoa/UISegmentedControl+Rx.swift /Users/mac/Library/Developer/Xcode/DerivedData/Construkt-dmvdvjzlicdgipdixgirozdsnyxg/SourcePackages/checkouts/RxSwift/Sources/RxCocoa/UISlider+Rx.swift (in target 'RxCocoa' from project 'RxSwift')

SwiftCompile normal arm64 /Users/mac/Library/Developer/Xcode/DerivedData/Construkt-dmvdvjzlicdgipdixgirozdsnyxg/SourcePackages/checkouts/RxSwift/Sources/RxCocoa/UISearchBar+Rx.swift (in target 'RxCocoa' from project 'RxSwift')
    cd /Users/mac/Developer/pr0j3ct5/Construkt/Demo/Construkt.xcodeproj
    

SwiftCompile normal arm64 /Users/mac/Library/Developer/Xcode/DerivedData/Construkt-dmvdvjzlicdgipdixgirozdsnyxg/SourcePackages/checkouts/RxSwift/Sources/RxCocoa/UISearchController+Rx.swift (in target 'RxCocoa' from project 'RxSwift')
    cd /Users/mac/Developer/pr0j3ct5/Construkt/Demo/Construkt.xcodeproj
    

SwiftCompile normal arm64 /Users/mac/Library/Developer/Xcode/DerivedData/Construkt-dmvdvjzlicdgipdixgirozdsnyxg/SourcePackages/checkouts/RxSwift/Sources/RxCocoa/UISegmentedControl+Rx.swift (in target 'RxCocoa' from project 'RxSwift')
    cd /Users/mac/Developer/pr0j3ct5/Construkt/Demo/Construkt.xcodeproj
    

SwiftCompile normal arm64 /Users/mac/Library/Developer/Xcode/DerivedData/Construkt-dmvdvjzlicdgipdixgirozdsnyxg/SourcePackages/checkouts/RxSwift/Sources/RxCocoa/UISlider+Rx.swift (in target 'RxCocoa' from project 'RxSwift')
    cd /Users/mac/Developer/pr0j3ct5/Construkt/Demo/Construkt.xcodeproj
    

SwiftDriverJobDiscovery normal arm64 Compiling Driver+Subscription.swift (in target 'RxCocoa' from project 'RxSwift')

SwiftCompile normal arm64 Compiling\ ControlEvent+Driver.swift /Users/mac/Library/Developer/Xcode/DerivedData/Construkt-dmvdvjzlicdgipdixgirozdsnyxg/SourcePackages/checkouts/RxSwift/Sources/RxCocoa/ControlEvent+Driver.swift (in target 'RxCocoa' from project 'RxSwift')

SwiftCompile normal arm64 /Users/mac/Library/Developer/Xcode/DerivedData/Construkt-dmvdvjzlicdgipdixgirozdsnyxg/SourcePackages/checkouts/RxSwift/Sources/RxCocoa/ControlEvent+Driver.swift (in target 'RxCocoa' from project 'RxSwift')
    cd /Users/mac/Developer/pr0j3ct5/Construkt/Demo/Construkt.xcodeproj
    

SwiftDriverJobDiscovery normal arm64 Compiling SharedSequence+Operators+arity.swift, SharedSequence+Operators.swift (in target 'RxCocoa' from project 'RxSwift')

SwiftCompile normal arm64 Compiling\ UICollectionView+Rx.swift,\ UIControl+Rx.swift,\ UIDatePicker+Rx.swift,\ UIGestureRecognizer+Rx.swift /Users/mac/Library/Developer/Xcode/DerivedData/Construkt-dmvdvjzlicdgipdixgirozdsnyxg/SourcePackages/checkouts/RxSwift/Sources/RxCocoa/UICollectionView+Rx.swift /Users/mac/Library/Developer/Xcode/DerivedData/Construkt-dmvdvjzlicdgipdixgirozdsnyxg/SourcePackages/checkouts/RxSwift/Sources/RxCocoa/UIControl+Rx.swift /Users/mac/Library/Developer/Xcode/DerivedData/Construkt-dmvdvjzlicdgipdixgirozdsnyxg/SourcePackages/checkouts/RxSwift/Sources/RxCocoa/UIDatePicker+Rx.swift /Users/mac/Library/Developer/Xcode/DerivedData/Construkt-dmvdvjzlicdgipdixgirozdsnyxg/SourcePackages/checkouts/RxSwift/Sources/RxCocoa/UIGestureRecognizer+Rx.swift (in target 'RxCocoa' from project 'RxSwift')
SwiftCompile normal arm64 /Users/mac/Library/Developer/Xcode/DerivedData/Construkt-dmvdvjzlicdgipdixgirozdsnyxg/SourcePackages/checkouts/RxSwift/Sources/RxCocoa/UICollectionView+Rx.swift (in target 'RxCocoa' from project 'RxSwift')
    cd /Users/mac/Developer/pr0j3ct5/Construkt/Demo/Construkt.xcodeproj
    

SwiftCompile normal arm64 /Users/mac/Library/Developer/Xcode/DerivedData/Construkt-dmvdvjzlicdgipdixgirozdsnyxg/SourcePackages/checkouts/RxSwift/Sources/RxCocoa/UIControl+Rx.swift (in target 'RxCocoa' from project 'RxSwift')
    cd /Users/mac/Developer/pr0j3ct5/Construkt/Demo/Construkt.xcodeproj
    

SwiftCompile normal arm64 /Users/mac/Library/Developer/Xcode/DerivedData/Construkt-dmvdvjzlicdgipdixgirozdsnyxg/SourcePackages/checkouts/RxSwift/Sources/RxCocoa/UIDatePicker+Rx.swift (in target 'RxCocoa' from project 'RxSwift')
    cd /Users/mac/Developer/pr0j3ct5/Construkt/Demo/Construkt.xcodeproj
    

SwiftCompile normal arm64 /Users/mac/Library/Developer/Xcode/DerivedData/Construkt-dmvdvjzlicdgipdixgirozdsnyxg/SourcePackages/checkouts/RxSwift/Sources/RxCocoa/UIGestureRecognizer+Rx.swift (in target 'RxCocoa' from project 'RxSwift')
    cd /Users/mac/Developer/pr0j3ct5/Construkt/Demo/Construkt.xcodeproj
    

SwiftDriverJobDiscovery normal arm64 Compiling RxCollectionViewReactiveArrayDataSource.swift (in target 'RxCocoa' from project 'RxSwift')

SwiftCompile normal arm64 Compiling\ ControlProperty+Driver.swift /Users/mac/Library/Developer/Xcode/DerivedData/Construkt-dmvdvjzlicdgipdixgirozdsnyxg/SourcePackages/checkouts/RxSwift/Sources/RxCocoa/ControlProperty+Driver.swift (in target 'RxCocoa' from project 'RxSwift')

SwiftCompile normal arm64 /Users/mac/Library/Developer/Xcode/DerivedData/Construkt-dmvdvjzlicdgipdixgirozdsnyxg/SourcePackages/checkouts/RxSwift/Sources/RxCocoa/ControlProperty+Driver.swift (in target 'RxCocoa' from project 'RxSwift')
    cd /Users/mac/Developer/pr0j3ct5/Construkt/Demo/Construkt.xcodeproj
    

SwiftDriverJobDiscovery normal arm64 Compiling NSTextStorage+Rx.swift, NotificationCenter+Rx.swift, UIBarButtonItem+Rx.swift, UIButton+Rx.swift (in target 'RxCocoa' from project 'RxSwift')

SwiftCompile normal arm64 Compiling\ UINavigationController+Rx.swift,\ UIPickerView+Rx.swift,\ UIRefreshControl+Rx.swift,\ UIScrollView+Rx.swift /Users/mac/Library/Developer/Xcode/DerivedData/Construkt-dmvdvjzlicdgipdixgirozdsnyxg/SourcePackages/checkouts/RxSwift/Sources/RxCocoa/UINavigationController+Rx.swift /Users/mac/Library/Developer/Xcode/DerivedData/Construkt-dmvdvjzlicdgipdixgirozdsnyxg/SourcePackages/checkouts/RxSwift/Sources/RxCocoa/UIPickerView+Rx.swift /Users/mac/Library/Developer/Xcode/DerivedData/Construkt-dmvdvjzlicdgipdixgirozdsnyxg/SourcePackages/checkouts/RxSwift/Sources/RxCocoa/UIRefreshControl+Rx.swift /Users/mac/Library/Developer/Xcode/DerivedData/Construkt-dmvdvjzlicdgipdixgirozdsnyxg/SourcePackages/checkouts/RxSwift/Sources/RxCocoa/UIScrollView+Rx.swift (in target 'RxCocoa' from project 'RxSwift')

SwiftCompile normal arm64 /Users/mac/Library/Developer/Xcode/DerivedData/Construkt-dmvdvjzlicdgipdixgirozdsnyxg/SourcePackages/checkouts/RxSwift/Sources/RxCocoa/UINavigationController+Rx.swift (in target 'RxCocoa' from project 'RxSwift')
    cd /Users/mac/Developer/pr0j3ct5/Construkt/Demo/Construkt.xcodeproj
    

SwiftCompile normal arm64 /Users/mac/Library/Developer/Xcode/DerivedData/Construkt-dmvdvjzlicdgipdixgirozdsnyxg/SourcePackages/checkouts/RxSwift/Sources/RxCocoa/UIPickerView+Rx.swift (in target 'RxCocoa' from project 'RxSwift')
    cd /Users/mac/Developer/pr0j3ct5/Construkt/Demo/Construkt.xcodeproj
    

SwiftCompile normal arm64 /Users/mac/Library/Developer/Xcode/DerivedData/Construkt-dmvdvjzlicdgipdixgirozdsnyxg/SourcePackages/checkouts/RxSwift/Sources/RxCocoa/UIRefreshControl+Rx.swift (in target 'RxCocoa' from project 'RxSwift')
    cd /Users/mac/Developer/pr0j3ct5/Construkt/Demo/Construkt.xcodeproj
    

SwiftCompile normal arm64 /Users/mac/Library/Developer/Xcode/DerivedData/Construkt-dmvdvjzlicdgipdixgirozdsnyxg/SourcePackages/checkouts/RxSwift/Sources/RxCocoa/UIScrollView+Rx.swift (in target 'RxCocoa' from project 'RxSwift')
    cd /Users/mac/Developer/pr0j3ct5/Construkt/Demo/Construkt.xcodeproj
    

SwiftDriverJobDiscovery normal arm64 Compiling RxTableViewReactiveArrayDataSource.swift (in target 'RxCocoa' from project 'RxSwift')

SwiftCompile normal arm64 Compiling\ ObservableConvertibleType+Signal.swift /Users/mac/Library/Developer/Xcode/DerivedData/Construkt-dmvdvjzlicdgipdixgirozdsnyxg/SourcePackages/checkouts/RxSwift/Sources/RxCocoa/ObservableConvertibleType+Signal.swift (in target 'RxCocoa' from project 'RxSwift')

SwiftCompile normal arm64 /Users/mac/Library/Developer/Xcode/DerivedData/Construkt-dmvdvjzlicdgipdixgirozdsnyxg/SourcePackages/checkouts/RxSwift/Sources/RxCocoa/ObservableConvertibleType+Signal.swift (in target 'RxCocoa' from project 'RxSwift')
    cd /Users/mac/Developer/pr0j3ct5/Construkt/Demo/Construkt.xcodeproj
    

SwiftDriverJobDiscovery normal arm64 Emitting module for RxCocoa (in target 'RxCocoa' from project 'RxSwift')

SwiftDriver\ Compilation\ Requirements RxCocoa normal arm64 com.apple.xcode.tools.swift.compiler (in target 'RxCocoa' from project 'RxSwift')
    cd /Users/mac/Developer/pr0j3ct5/Construkt/Demo/Construkt.xcodeproj
    builtin-Swift-Compilation-Requirements -- /Applications/Xcode-26.1.0.app/Contents/Developer/Toolchains/XcodeDefault.xctoolchain/usr/bin/swiftc -module-name RxCocoa -Onone -enforce-exclusivity\=checked @/Users/mac/Library/Developer/Xcode/DerivedData/Construkt-dmvdvjzlicdgipdixgirozdsnyxg/Build/Intermediates.noindex/RxSwift.build/Debug-iphonesimulator/RxCocoa.build/Objects-normal/arm64/RxCocoa.SwiftFileList -DSWIFT_PACKAGE -DDEBUG -DSWIFT_MODULE_RESOURCE_BUNDLE_AVAILABLE -Xcc -fmodule-map-file\=/Users/mac/Library/Developer/Xcode/DerivedData/Construkt-dmvdvjzlicdgipdixgirozdsnyxg/Build/Intermediates.noindex/GeneratedModuleMaps-iphonesimulator/RxCocoaRuntime.modulemap -DXcode -plugin-path /Applications/Xcode-26.1.0.app/Contents/Developer/Toolchains/XcodeDefault.xctoolchain/usr/lib/swift/host/plugins/testing -enable-experimental-feature DebugDescriptionMacro -sdk /Applications/Xcode-26.1.0.app/Contents/Developer/Platforms/iPhoneSimulator.platform/Developer/SDKs/iPhoneSimulator26.1.sdk -target arm64-apple-ios12.0-simulator -g -module-cache-path /Users/mac/Library/Developer/Xcode/DerivedData/ModuleCache.noindex -Xfrontend -serialize-debugging-options -enable-testing -suppress-warnings -index-store-path /Users/mac/Library/Developer/Xcode/DerivedData/Construkt-dmvdvjzlicdgipdixgirozdsnyxg/Index.noindex/DataStore -Xcc -D_LIBCPP_HARDENING_MODE\=_LIBCPP_HARDENING_MODE_DEBUG -swift-version 5 -I /Users/mac/Library/Developer/Xcode/DerivedData/Construkt-dmvdvjzlicdgipdixgirozdsnyxg/Build/Products/Debug-iphonesimulator -Isystem /Applications/Xcode-26.1.0.app/Contents/Developer/Platforms/iPhoneSimulator.platform/Developer/usr/lib -F /Users/mac/Library/Developer/Xcode/DerivedData/Construkt-dmvdvjzlicdgipdixgirozdsnyxg/Build/Products/Debug-iphonesimulator/PackageFrameworks -F /Users/mac/Library/Developer/Xcode/DerivedData/Construkt-dmvdvjzlicdgipdixgirozdsnyxg/Build/Products/Debug-iphonesimulator/PackageFrameworks -F /Users/mac/Library/Developer/Xcode/DerivedData/Construkt-dmvdvjzlicdgipdixgirozdsnyxg/Build/Products/Debug-iphonesimulator/PackageFrameworks -F /Users/mac/Library/Developer/Xcode/DerivedData/Construkt-dmvdvjzlicdgipdixgirozdsnyxg/Build/Products/Debug-iphonesimulator -F /Applications/Xcode-26.1.0.app/Contents/Developer/Platforms/iPhoneSimulator.platform/Developer/Library/Frameworks -F /Applications/Xcode-26.1.0.app/Contents/Developer/Platforms/iPhoneSimulator.platform/Developer/SDKs/iPhoneSimulator26.1.sdk/Developer/Library/Frameworks -c -j8 -enable-batch-mode -incremental -Xcc -ivfsstatcache -Xcc /Users/mac/Library/Developer/Xcode/DerivedData/SDKStatCaches.noindex/iphonesimulator26.1-23B77-aa58e337a81609ab4fa365a8702acd8b.sdkstatcache -output-file-map /Users/mac/Library/Developer/Xcode/DerivedData/Construkt-dmvdvjzlicdgipdixgirozdsnyxg/Build/Intermediates.noindex/RxSwift.build/Debug-iphonesimulator/RxCocoa.build/Objects-normal/arm64/RxCocoa-OutputFileMap.json -use-frontend-parseable-output -save-temps -no-color-diagnostics -explicit-module-build -module-cache-path /Users/mac/Library/Developer/Xcode/DerivedData/Construkt-dmvdvjzlicdgipdixgirozdsnyxg/Build/Intermediates.noindex/SwiftExplicitPrecompiledModules -clang-scanner-module-cache-path /Users/mac/Library/Developer/Xcode/DerivedData/ModuleCache.noindex -sdk-module-cache-path /Users/mac/Library/Developer/Xcode/DerivedData/ModuleCache.noindex -serialize-diagnostics -emit-dependencies -emit-module -emit-module-path /Users/mac/Library/Developer/Xcode/DerivedData/Construkt-dmvdvjzlicdgipdixgirozdsnyxg/Build/Intermediates.noindex/RxSwift.build/Debug-iphonesimulator/RxCocoa.build/Objects-normal/arm64/RxCocoa.swiftmodule -validate-clang-modules-once -clang-build-session-file /Users/mac/Library/Developer/Xcode/DerivedData/ModuleCache.noindex/Session.modulevalidation -package-name rxswift -Xcc -I/Users/mac/Library/Developer/Xcode/DerivedData/Construkt-dmvdvjzlicdgipdixgirozdsnyxg/Build/Intermediates.noindex/RxSwift.build/Debug-iphonesimulator/RxCocoa.build/swift-overrides.hmap -emit-const-values -Xfrontend -const-gather-protocols-file -Xfrontend /Users/mac/Library/Developer/Xcode/DerivedData/Construkt-dmvdvjzlicdgipdixgirozdsnyxg/Build/Intermediates.noindex/RxSwift.build/Debug-iphonesimulator/RxCocoa.build/Objects-normal/arm64/RxCocoa_const_extract_protocols.json -Xcc -I/Users/mac/Library/Developer/Xcode/DerivedData/Construkt-dmvdvjzlicdgipdixgirozdsnyxg/SourcePackages/checkouts/RxSwift/Sources/RxCocoaRuntime/include -Xcc -I/Users/mac/Library/Developer/Xcode/DerivedData/Construkt-dmvdvjzlicdgipdixgirozdsnyxg/Build/Products/Debug-iphonesimulator/include -Xcc -I/Users/mac/Library/Developer/Xcode/DerivedData/Construkt-dmvdvjzlicdgipdixgirozdsnyxg/Build/Intermediates.noindex/RxSwift.build/Debug-iphonesimulator/RxCocoa.build/DerivedSources-normal/arm64 -Xcc -I/Users/mac/Library/Developer/Xcode/DerivedData/Construkt-dmvdvjzlicdgipdixgirozdsnyxg/Build/Intermediates.noindex/RxSwift.build/Debug-iphonesimulator/RxCocoa.build/DerivedSources/arm64 -Xcc -I/Users/mac/Library/Developer/Xcode/DerivedData/Construkt-dmvdvjzlicdgipdixgirozdsnyxg/Build/Intermediates.noindex/RxSwift.build/Debug-iphonesimulator/RxCocoa.build/DerivedSources -Xcc -DSWIFT_PACKAGE -Xcc -DDEBUG\=1 -emit-objc-header -emit-objc-header-path /Users/mac/Library/Developer/Xcode/DerivedData/Construkt-dmvdvjzlicdgipdixgirozdsnyxg/Build/Intermediates.noindex/RxSwift.build/Debug-iphonesimulator/RxCocoa.build/Objects-normal/arm64/RxCocoa-Swift.h -working-directory /Users/mac/Developer/pr0j3ct5/Construkt/Demo/Construkt.xcodeproj -experimental-emit-module-separately -disable-cmo

SwiftDriverJobDiscovery normal arm64 Compiling ControlProperty+Driver.swift (in target 'RxCocoa' from project 'RxSwift')

SwiftCompile normal arm64 Compiling\ ObservableConvertibleType+SharedSequence.swift /Users/mac/Library/Developer/Xcode/DerivedData/Construkt-dmvdvjzlicdgipdixgirozdsnyxg/SourcePackages/checkouts/RxSwift/Sources/RxCocoa/ObservableConvertibleType+SharedSequence.swift (in target 'RxCocoa' from project 'RxSwift')

SwiftCompile normal arm64 /Users/mac/Library/Developer/Xcode/DerivedData/Construkt-dmvdvjzlicdgipdixgirozdsnyxg/SourcePackages/checkouts/RxSwift/Sources/RxCocoa/ObservableConvertibleType+SharedSequence.swift (in target 'RxCocoa' from project 'RxSwift')
    cd /Users/mac/Developer/pr0j3ct5/Construkt/Demo/Construkt.xcodeproj
    

Copy /Users/mac/Library/Developer/Xcode/DerivedData/Construkt-dmvdvjzlicdgipdixgirozdsnyxg/Build/Products/Debug-iphonesimulator/RxCocoa.swiftmodule/arm64-apple-ios-simulator.abi.json /Users/mac/Library/Developer/Xcode/DerivedData/Construkt-dmvdvjzlicdgipdixgirozdsnyxg/Build/Intermediates.noindex/RxSwift.build/Debug-iphonesimulator/RxCocoa.build/Objects-normal/arm64/RxCocoa.abi.json (in target 'RxCocoa' from project 'RxSwift')
    cd /Users/mac/Library/Developer/Xcode/DerivedData/Construkt-dmvdvjzlicdgipdixgirozdsnyxg/SourcePackages/checkouts/RxSwift
    builtin-copy -exclude .DS_Store -exclude CVS -exclude .svn -exclude .git -exclude .hg -resolve-src-symlinks -rename /Users/mac/Library/Developer/Xcode/DerivedData/Construkt-dmvdvjzlicdgipdixgirozdsnyxg/Build/Intermediates.noindex/RxSwift.build/Debug-iphonesimulator/RxCocoa.build/Objects-normal/arm64/RxCocoa.abi.json /Users/mac/Library/Developer/Xcode/DerivedData/Construkt-dmvdvjzlicdgipdixgirozdsnyxg/Build/Products/Debug-iphonesimulator/RxCocoa.swiftmodule/arm64-apple-ios-simulator.abi.json

SwiftDriverJobDiscovery normal arm64 Compiling ControlEvent+Driver.swift (in target 'RxCocoa' from project 'RxSwift')

SwiftCompile normal arm64 Compiling\ UIStepper+Rx.swift,\ UISwitch+Rx.swift,\ UITabBar+Rx.swift /Users/mac/Library/Developer/Xcode/DerivedData/Construkt-dmvdvjzlicdgipdixgirozdsnyxg/SourcePackages/checkouts/RxSwift/Sources/RxCocoa/UIStepper+Rx.swift /Users/mac/Library/Developer/Xcode/DerivedData/Construkt-dmvdvjzlicdgipdixgirozdsnyxg/SourcePackages/checkouts/RxSwift/Sources/RxCocoa/UISwitch+Rx.swift /Users/mac/Library/Developer/Xcode/DerivedData/Construkt-dmvdvjzlicdgipdixgirozdsnyxg/SourcePackages/checkouts/RxSwift/Sources/RxCocoa/UITabBar+Rx.swift (in target 'RxCocoa' from project 'RxSwift')

SwiftCompile normal arm64 /Users/mac/Library/Developer/Xcode/DerivedData/Construkt-dmvdvjzlicdgipdixgirozdsnyxg/SourcePackages/checkouts/RxSwift/Sources/RxCocoa/UIStepper+Rx.swift (in target 'RxCocoa' from project 'RxSwift')
    cd /Users/mac/Developer/pr0j3ct5/Construkt/Demo/Construkt.xcodeproj
    

SwiftCompile normal arm64 /Users/mac/Library/Developer/Xcode/DerivedData/Construkt-dmvdvjzlicdgipdixgirozdsnyxg/SourcePackages/checkouts/RxSwift/Sources/RxCocoa/UISwitch+Rx.swift (in target 'RxCocoa' from project 'RxSwift')
    cd /Users/mac/Developer/pr0j3ct5/Construkt/Demo/Construkt.xcodeproj
    

SwiftCompile normal arm64 /Users/mac/Library/Developer/Xcode/DerivedData/Construkt-dmvdvjzlicdgipdixgirozdsnyxg/SourcePackages/checkouts/RxSwift/Sources/RxCocoa/UITabBar+Rx.swift (in target 'RxCocoa' from project 'RxSwift')
    cd /Users/mac/Developer/pr0j3ct5/Construkt/Demo/Construkt.xcodeproj
    

SwiftCompile normal arm64 Compiling\ Driver.swift /Users/mac/Library/Developer/Xcode/DerivedData/Construkt-dmvdvjzlicdgipdixgirozdsnyxg/SourcePackages/checkouts/RxSwift/Sources/RxCocoa/Driver.swift (in target 'RxCocoa' from project 'RxSwift')

SwiftCompile normal arm64 /Users/mac/Library/Developer/Xcode/DerivedData/Construkt-dmvdvjzlicdgipdixgirozdsnyxg/SourcePackages/checkouts/RxSwift/Sources/RxCocoa/Driver.swift (in target 'RxCocoa' from project 'RxSwift')
    cd /Users/mac/Developer/pr0j3ct5/Construkt/Demo/Construkt.xcodeproj
    

SwiftDriverJobDiscovery normal arm64 Compiling UISearchBar+Rx.swift, UISearchController+Rx.swift, UISegmentedControl+Rx.swift, UISlider+Rx.swift (in target 'RxCocoa' from project 'RxSwift')

SwiftDriver Construkt normal arm64 com.apple.xcode.tools.swift.compiler (in target 'Construkt' from project 'Construkt')
    cd /Users/mac/Developer/pr0j3ct5/Construkt/Demo
    builtin-SwiftDriver -- /Applications/Xcode-26.1.0.app/Contents/Developer/Toolchains/XcodeDefault.xctoolchain/usr/bin/swiftc -module-name Construkt -Onone -enforce-exclusivity\=checked @/Users/mac/Library/Developer/Xcode/DerivedData/Construkt-dmvdvjzlicdgipdixgirozdsnyxg/Build/Intermediates.noindex/Construkt.build/Debug-iphonesimulator/Construkt.build/Objects-normal/arm64/Construkt.SwiftFileList -DDEBUG -Xcc -fmodule-map-file\=/Users/mac/Library/Developer/Xcode/DerivedData/Construkt-dmvdvjzlicdgipdixgirozdsnyxg/Build/Intermediates.noindex/GeneratedModuleMaps-iphonesimulator/RxCocoaRuntime.modulemap -enable-bare-slash-regex -enable-experimental-feature DebugDescriptionMacro -sdk /Applications/Xcode-26.1.0.app/Contents/Developer/Platforms/iPhoneSimulator.platform/Developer/SDKs/iPhoneSimulator26.1.sdk -target arm64-apple-ios15.0-simulator -g -module-cache-path /Users/mac/Library/Developer/Xcode/DerivedData/ModuleCache.noindex -Xfrontend -serialize-debugging-options -enable-testing -index-store-path /Users/mac/Library/Developer/Xcode/DerivedData/Construkt-dmvdvjzlicdgipdixgirozdsnyxg/Index.noindex/DataStore -Xcc -D_LIBCPP_HARDENING_MODE\=_LIBCPP_HARDENING_MODE_DEBUG -swift-version 5 -I /Users/mac/Library/Developer/Xcode/DerivedData/Construkt-dmvdvjzlicdgipdixgirozdsnyxg/Build/Products/Debug-iphonesimulator -F /Users/mac/Library/Developer/Xcode/DerivedData/Construkt-dmvdvjzlicdgipdixgirozdsnyxg/Build/Products/Debug-iphonesimulator/PackageFrameworks -F /Users/mac/Library/Developer/Xcode/DerivedData/Construkt-dmvdvjzlicdgipdixgirozdsnyxg/Build/Products/Debug-iphonesimulator/PackageFrameworks -F /Users/mac/Library/Developer/Xcode/DerivedData/Construkt-dmvdvjzlicdgipdixgirozdsnyxg/Build/Products/Debug-iphonesimulator/PackageFrameworks -F /Users/mac/Library/Developer/Xcode/DerivedData/Construkt-dmvdvjzlicdgipdixgirozdsnyxg/Build/Products/Debug-iphonesimulator/PackageFrameworks -F /Users/mac/Library/Developer/Xcode/DerivedData/Construkt-dmvdvjzlicdgipdixgirozdsnyxg/Build/Products/Debug-iphonesimulator/PackageFrameworks -F /Users/mac/Library/Developer/Xcode/DerivedData/Construkt-dmvdvjzlicdgipdixgirozdsnyxg/Build/Products/Debug-iphonesimulator/PackageFrameworks -F /Users/mac/Library/Developer/Xcode/DerivedData/Construkt-dmvdvjzlicdgipdixgirozdsnyxg/Build/Products/Debug-iphonesimulator -emit-localized-strings -emit-localized-strings-path /Users/mac/Library/Developer/Xcode/DerivedData/Construkt-dmvdvjzlicdgipdixgirozdsnyxg/Build/Intermediates.noindex/Construkt.build/Debug-iphonesimulator/Construkt.build/Objects-normal/arm64 -c -j8 -enable-batch-mode -incremental -Xcc -ivfsstatcache -Xcc /Users/mac/Library/Developer/Xcode/DerivedData/SDKStatCaches.noindex/iphonesimulator26.1-23B77-aa58e337a81609ab4fa365a8702acd8b.sdkstatcache -output-file-map /Users/mac/Library/Developer/Xcode/DerivedData/Construkt-dmvdvjzlicdgipdixgirozdsnyxg/Build/Intermediates.noindex/Construkt.build/Debug-iphonesimulator/Construkt.build/Objects-normal/arm64/Construkt-OutputFileMap.json -use-frontend-parseable-output -save-temps -no-color-diagnostics -explicit-module-build -module-cache-path /Users/mac/Library/Developer/Xcode/DerivedData/Construkt-dmvdvjzlicdgipdixgirozdsnyxg/Build/Intermediates.noindex/SwiftExplicitPrecompiledModules -clang-scanner-module-cache-path /Users/mac/Library/Developer/Xcode/DerivedData/ModuleCache.noindex -sdk-module-cache-path /Users/mac/Library/Developer/Xcode/DerivedData/ModuleCache.noindex -serialize-diagnostics -emit-dependencies -emit-module -emit-module-path /Users/mac/Library/Developer/Xcode/DerivedData/Construkt-dmvdvjzlicdgipdixgirozdsnyxg/Build/Intermediates.noindex/Construkt.build/Debug-iphonesimulator/Construkt.build/Objects-normal/arm64/Construkt.swiftmodule -validate-clang-modules-once -clang-build-session-file /Users/mac/Library/Developer/Xcode/DerivedData/ModuleCache.noindex/Session.modulevalidation -Xcc -I/Users/mac/Library/Developer/Xcode/DerivedData/Construkt-dmvdvjzlicdgipdixgirozdsnyxg/Build/Intermediates.noindex/Construkt.build/Debug-iphonesimulator/Construkt.build/swift-overrides.hmap -emit-const-values -Xfrontend -const-gather-protocols-file -Xfrontend /Users/mac/Library/Developer/Xcode/DerivedData/Construkt-dmvdvjzlicdgipdixgirozdsnyxg/Build/Intermediates.noindex/Construkt.build/Debug-iphonesimulator/Construkt.build/Objects-normal/arm64/Construkt_const_extract_protocols.json -Xcc -iquote -Xcc /Users/mac/Library/Developer/Xcode/DerivedData/Construkt-dmvdvjzlicdgipdixgirozdsnyxg/Build/Intermediates.noindex/Construkt.build/Debug-iphonesimulator/Construkt.build/Construkt-generated-files.hmap -Xcc -I/Users/mac/Library/Developer/Xcode/DerivedData/Construkt-dmvdvjzlicdgipdixgirozdsnyxg/Build/Intermediates.noindex/Construkt.build/Debug-iphonesimulator/Construkt.build/Construkt-own-target-headers.hmap -Xcc -I/Users/mac/Library/Developer/Xcode/DerivedData/Construkt-dmvdvjzlicdgipdixgirozdsnyxg/Build/Intermediates.noindex/Construkt.build/Debug-iphonesimulator/Construkt.build/Construkt-all-non-framework-target-headers.hmap -Xcc -ivfsoverlay -Xcc /Users/mac/Library/Developer/Xcode/DerivedData/Construkt-dmvdvjzlicdgipdixgirozdsnyxg/Build/Intermediates.noindex/Construkt.build/Debug-iphonesimulator/Construkt-85a6e12900ec93e9ca5ede5c97d4c68f-VFS-iphonesimulator/all-product-headers.yaml -Xcc -iquote -Xcc /Users/mac/Library/Developer/Xcode/DerivedData/Construkt-dmvdvjzlicdgipdixgirozdsnyxg/Build/Intermediates.noindex/Construkt.build/Debug-iphonesimulator/Construkt.build/Construkt-project-headers.hmap -Xcc -I/Users/mac/Library/Developer/Xcode/DerivedData/Construkt-dmvdvjzlicdgipdixgirozdsnyxg/SourcePackages/checkouts/RxSwift/Sources/RxCocoaRuntime/include -Xcc -I/Users/mac/Library/Developer/Xcode/DerivedData/Construkt-dmvdvjzlicdgipdixgirozdsnyxg/Build/Products/Debug-iphonesimulator/include -Xcc -I/Users/mac/Library/Developer/Xcode/DerivedData/Construkt-dmvdvjzlicdgipdixgirozdsnyxg/Build/Intermediates.noindex/Construkt.build/Debug-iphonesimulator/Construkt.build/DerivedSources-normal/arm64 -Xcc -I/Users/mac/Library/Developer/Xcode/DerivedData/Construkt-dmvdvjzlicdgipdixgirozdsnyxg/Build/Intermediates.noindex/Construkt.build/Debug-iphonesimulator/Construkt.build/DerivedSources/arm64 -Xcc -I/Users/mac/Library/Developer/Xcode/DerivedData/Construkt-dmvdvjzlicdgipdixgirozdsnyxg/Build/Intermediates.noindex/Construkt.build/Debug-iphonesimulator/Construkt.build/DerivedSources -Xcc -DDEBUG\=1 -emit-objc-header -emit-objc-header-path /Users/mac/Library/Developer/Xcode/DerivedData/Construkt-dmvdvjzlicdgipdixgirozdsnyxg/Build/Intermediates.noindex/Construkt.build/Debug-iphonesimulator/Construkt.build/Objects-normal/arm64/Construkt-Swift.h -working-directory /Users/mac/Developer/pr0j3ct5/Construkt/Demo -experimental-emit-module-separately -disable-cmo

SwiftDriverJobDiscovery normal arm64 Compiling ObservableConvertibleType+Signal.swift (in target 'RxCocoa' from project 'RxSwift')

SwiftCompile normal arm64 Compiling\ UITabBarController+Rx.swift,\ UITableView+Rx.swift,\ UITextField+Rx.swift /Users/mac/Library/Developer/Xcode/DerivedData/Construkt-dmvdvjzlicdgipdixgirozdsnyxg/SourcePackages/checkouts/RxSwift/Sources/RxCocoa/UITabBarController+Rx.swift /Users/mac/Library/Developer/Xcode/DerivedData/Construkt-dmvdvjzlicdgipdixgirozdsnyxg/SourcePackages/checkouts/RxSwift/Sources/RxCocoa/UITableView+Rx.swift /Users/mac/Library/Developer/Xcode/DerivedData/Construkt-dmvdvjzlicdgipdixgirozdsnyxg/SourcePackages/checkouts/RxSwift/Sources/RxCocoa/UITextField+Rx.swift (in target 'RxCocoa' from project 'RxSwift')
SwiftCompile normal arm64 /Users/mac/Library/Developer/Xcode/DerivedData/Construkt-dmvdvjzlicdgipdixgirozdsnyxg/SourcePackages/checkouts/RxSwift/Sources/RxCocoa/UITabBarController+Rx.swift (in target 'RxCocoa' from project 'RxSwift')
    cd /Users/mac/Developer/pr0j3ct5/Construkt/Demo/Construkt.xcodeproj
    

SwiftCompile normal arm64 /Users/mac/Library/Developer/Xcode/DerivedData/Construkt-dmvdvjzlicdgipdixgirozdsnyxg/SourcePackages/checkouts/RxSwift/Sources/RxCocoa/UITableView+Rx.swift (in target 'RxCocoa' from project 'RxSwift')
    cd /Users/mac/Developer/pr0j3ct5/Construkt/Demo/Construkt.xcodeproj
    

SwiftCompile normal arm64 /Users/mac/Library/Developer/Xcode/DerivedData/Construkt-dmvdvjzlicdgipdixgirozdsnyxg/SourcePackages/checkouts/RxSwift/Sources/RxCocoa/UITextField+Rx.swift (in target 'RxCocoa' from project 'RxSwift')
    cd /Users/mac/Developer/pr0j3ct5/Construkt/Demo/Construkt.xcodeproj
    

SwiftDriverJobDiscovery normal arm64 Compiling UITextView+Rx.swift, URLSession+Rx.swift, WKWebView+Rx.swift (in target 'RxCocoa' from project 'RxSwift')

SwiftCompile normal arm64 Compiling\ BehaviorRelay+Driver.swift,\ ControlEvent+Signal.swift /Users/mac/Library/Developer/Xcode/DerivedData/Construkt-dmvdvjzlicdgipdixgirozdsnyxg/SourcePackages/checkouts/RxSwift/Sources/RxCocoa/BehaviorRelay+Driver.swift /Users/mac/Library/Developer/Xcode/DerivedData/Construkt-dmvdvjzlicdgipdixgirozdsnyxg/SourcePackages/checkouts/RxSwift/Sources/RxCocoa/ControlEvent+Signal.swift (in target 'RxCocoa' from project 'RxSwift')

SwiftCompile normal arm64 /Users/mac/Library/Developer/Xcode/DerivedData/Construkt-dmvdvjzlicdgipdixgirozdsnyxg/SourcePackages/checkouts/RxSwift/Sources/RxCocoa/BehaviorRelay+Driver.swift (in target 'RxCocoa' from project 'RxSwift')
    cd /Users/mac/Developer/pr0j3ct5/Construkt/Demo/Construkt.xcodeproj
    

SwiftCompile normal arm64 /Users/mac/Library/Developer/Xcode/DerivedData/Construkt-dmvdvjzlicdgipdixgirozdsnyxg/SourcePackages/checkouts/RxSwift/Sources/RxCocoa/ControlEvent+Signal.swift (in target 'RxCocoa' from project 'RxSwift')
    cd /Users/mac/Developer/pr0j3ct5/Construkt/Demo/Construkt.xcodeproj
    

SwiftDriverJobDiscovery normal arm64 Compiling ObservableConvertibleType+SharedSequence.swift (in target 'RxCocoa' from project 'RxSwift')

SwiftCompile normal arm64 Compiling\ RxPickerViewAdapter.swift /Users/mac/Library/Developer/Xcode/DerivedData/Construkt-dmvdvjzlicdgipdixgirozdsnyxg/SourcePackages/checkouts/RxSwift/Sources/RxCocoa/RxPickerViewAdapter.swift (in target 'RxCocoa' from project 'RxSwift')

SwiftCompile normal arm64 /Users/mac/Library/Developer/Xcode/DerivedData/Construkt-dmvdvjzlicdgipdixgirozdsnyxg/SourcePackages/checkouts/RxSwift/Sources/RxCocoa/RxPickerViewAdapter.swift (in target 'RxCocoa' from project 'RxSwift')
    cd /Users/mac/Developer/pr0j3ct5/Construkt/Demo/Construkt.xcodeproj
    

SwiftDriverJobDiscovery normal arm64 Compiling Driver.swift (in target 'RxCocoa' from project 'RxSwift')

SwiftCompile normal arm64 Compiling\ Infallible+Driver.swift /Users/mac/Library/Developer/Xcode/DerivedData/Construkt-dmvdvjzlicdgipdixgirozdsnyxg/SourcePackages/checkouts/RxSwift/Sources/RxCocoa/Infallible+Driver.swift (in target 'RxCocoa' from project 'RxSwift')

SwiftCompile normal arm64 /Users/mac/Library/Developer/Xcode/DerivedData/Construkt-dmvdvjzlicdgipdixgirozdsnyxg/SourcePackages/checkouts/RxSwift/Sources/RxCocoa/Infallible+Driver.swift (in target 'RxCocoa' from project 'RxSwift')
    cd /Users/mac/Developer/pr0j3ct5/Construkt/Demo/Construkt.xcodeproj
    

SwiftDriverJobDiscovery normal arm64 Compiling UINavigationController+Rx.swift, UIPickerView+Rx.swift, UIRefreshControl+Rx.swift, UIScrollView+Rx.swift (in target 'RxCocoa' from project 'RxSwift')

SwiftDriverJobDiscovery normal arm64 Compiling UIStepper+Rx.swift, UISwitch+Rx.swift, UITabBar+Rx.swift (in target 'RxCocoa' from project 'RxSwift')

SwiftDriverJobDiscovery normal arm64 Compiling DelegateProxyType.swift, NSObject+Rx+KVORepresentable.swift, NSObject+Rx+RawRepresentable.swift, NSObject+Rx.swift (in target 'RxCocoa' from project 'RxSwift')

SwiftDriverJobDiscovery normal arm64 Compiling Infallible+Driver.swift (in target 'RxCocoa' from project 'RxSwift')

SwiftDriverJobDiscovery normal arm64 Compiling BehaviorRelay+Driver.swift, ControlEvent+Signal.swift (in target 'RxCocoa' from project 'RxSwift')

SwiftDriverJobDiscovery normal arm64 Compiling UICollectionView+Rx.swift, UIControl+Rx.swift, UIDatePicker+Rx.swift, UIGestureRecognizer+Rx.swift (in target 'RxCocoa' from project 'RxSwift')

SwiftDriverJobDiscovery normal arm64 Compiling RxPickerViewAdapter.swift (in target 'RxCocoa' from project 'RxSwift')

SwiftCompile normal arm64 Compiling\ Builder+Attributes.swift,\ Builder+Button.swift,\ Builder+Constraints.swift,\ Builder+Container.swift,\ Builder+Context.swift,\ Builder+Controls.swift,\ Builder+Divider.swift,\ Builder+Dynamic.swift,\ Builder+Extensions.swift,\ Builder+ForEach.swift,\ CellController.swift /Users/mac/Developer/pr0j3ct5/Construkt/Sources/Construkt/Core/Builder/Builder+Attributes.swift /Users/mac/Developer/pr0j3ct5/Construkt/Sources/Construkt/Core/Builder/Builder+Button.swift /Users/mac/Developer/pr0j3ct5/Construkt/Sources/Construkt/Core/Builder/Builder+Constraints.swift /Users/mac/Developer/pr0j3ct5/Construkt/Sources/Construkt/Core/Builder/Builder+Container.swift /Users/mac/Developer/pr0j3ct5/Construkt/Sources/Construkt/Core/Builder/Builder+Context.swift /Users/mac/Developer/pr0j3ct5/Construkt/Sources/Construkt/Core/Builder/Builder+Controls.swift /Users/mac/Developer/pr0j3ct5/Construkt/Sources/Construkt/Core/Builder/Builder+Divider.swift /Users/mac/Developer/pr0j3ct5/Construkt/Sources/Construkt/Core/Builder/Builder+Dynamic.swift /Users/mac/Developer/pr0j3ct5/Construkt/Sources/Construkt/Core/Builder/Builder+Extensions.swift /Users/mac/Developer/pr0j3ct5/Construkt/Sources/Construkt/Core/Builder/Builder+ForEach.swift /Users/mac/Developer/pr0j3ct5/Construkt/Sources/Construkt/Components/CollectionView/CellController.swift (in target 'Construkt' from project 'Construkt')
SwiftCompile normal arm64 /Users/mac/Developer/pr0j3ct5/Construkt/Sources/Construkt/Core/Builder/Builder+Attributes.swift (in target 'Construkt' from project 'Construkt')
    cd /Users/mac/Developer/pr0j3ct5/Construkt/Demo
    

SwiftCompile normal arm64 /Users/mac/Developer/pr0j3ct5/Construkt/Sources/Construkt/Core/Builder/Builder+Button.swift (in target 'Construkt' from project 'Construkt')
    cd /Users/mac/Developer/pr0j3ct5/Construkt/Demo
    

SwiftCompile normal arm64 /Users/mac/Developer/pr0j3ct5/Construkt/Sources/Construkt/Core/Builder/Builder+Constraints.swift (in target 'Construkt' from project 'Construkt')
    cd /Users/mac/Developer/pr0j3ct5/Construkt/Demo
    

SwiftCompile normal arm64 /Users/mac/Developer/pr0j3ct5/Construkt/Sources/Construkt/Core/Builder/Builder+Container.swift (in target 'Construkt' from project 'Construkt')
    cd /Users/mac/Developer/pr0j3ct5/Construkt/Demo
    

SwiftCompile normal arm64 /Users/mac/Developer/pr0j3ct5/Construkt/Sources/Construkt/Core/Builder/Builder+Context.swift (in target 'Construkt' from project 'Construkt')
    cd /Users/mac/Developer/pr0j3ct5/Construkt/Demo
    

SwiftCompile normal arm64 /Users/mac/Developer/pr0j3ct5/Construkt/Sources/Construkt/Core/Builder/Builder+Controls.swift (in target 'Construkt' from project 'Construkt')
    cd /Users/mac/Developer/pr0j3ct5/Construkt/Demo
    

SwiftCompile normal arm64 /Users/mac/Developer/pr0j3ct5/Construkt/Sources/Construkt/Core/Builder/Builder+Divider.swift (in target 'Construkt' from project 'Construkt')
    cd /Users/mac/Developer/pr0j3ct5/Construkt/Demo
    

SwiftCompile normal arm64 /Users/mac/Developer/pr0j3ct5/Construkt/Sources/Construkt/Core/Builder/Builder+Dynamic.swift (in target 'Construkt' from project 'Construkt')
    cd /Users/mac/Developer/pr0j3ct5/Construkt/Demo
    

SwiftCompile normal arm64 /Users/mac/Developer/pr0j3ct5/Construkt/Sources/Construkt/Core/Builder/Builder+Extensions.swift (in target 'Construkt' from project 'Construkt')
    cd /Users/mac/Developer/pr0j3ct5/Construkt/Demo
    

SwiftCompile normal arm64 /Users/mac/Developer/pr0j3ct5/Construkt/Sources/Construkt/Core/Builder/Builder+ForEach.swift (in target 'Construkt' from project 'Construkt')
    cd /Users/mac/Developer/pr0j3ct5/Construkt/Demo
    

SwiftCompile normal arm64 /Users/mac/Developer/pr0j3ct5/Construkt/Sources/Construkt/Components/CollectionView/CellController.swift (in target 'Construkt' from project 'Construkt')
    cd /Users/mac/Developer/pr0j3ct5/Construkt/Demo
    

SwiftCompile normal arm64 Compiling\ SkeletonConfig.swift,\ SkeletonLayer.swift,\ SkeletonView.swift,\ Builder.swift,\ UIColor+ext.swift,\ UIView+ext.swift,\ GradientView.swift,\ HeroCollectionCell.swift,\ HeroContentView.swift,\ HomeSection.swift /Users/mac/Developer/pr0j3ct5/Construkt/Sources/Construkt/Components/SkeletonView/SkeletonConfig.swift /Users/mac/Developer/pr0j3ct5/Construkt/Sources/Construkt/Components/SkeletonView/SkeletonLayer.swift /Users/mac/Developer/pr0j3ct5/Construkt/Sources/Construkt/Components/SkeletonView/SkeletonView.swift /Users/mac/Developer/pr0j3ct5/Construkt/Sources/Construkt/Core/Builder/Builder.swift /Users/mac/Developer/pr0j3ct5/Construkt/Demo/Construkt/Application/Helpers/UIColor+ext.swift /Users/mac/Developer/pr0j3ct5/Construkt/Demo/Construkt/Application/Helpers/UIView+ext.swift /Users/mac/Developer/pr0j3ct5/Construkt/Demo/Construkt/Application/Movies/Home/GradientView.swift /Users/mac/Developer/pr0j3ct5/Construkt/Demo/Construkt/Application/Movies/Home/HeroCollectionCell.swift /Users/mac/Developer/pr0j3ct5/Construkt/Demo/Construkt/Application/Movies/Home/HeroContentView.swift /Users/mac/Developer/pr0j3ct5/Construkt/Demo/Construkt/Application/Movies/Home/HomeSection.swift (in target 'Construkt' from project 'Construkt')
Failed frontend command:
/Applications/Xcode-26.1.0.app/Contents/Developer/Toolchains/XcodeDefault.xctoolchain/usr/bin/swift-frontend -frontend -c /Users/mac/Developer/pr0j3ct5/Construkt/Sources/Construkt/Core/Builder/Builder+Attributes.swift /Users/mac/Developer/pr0j3ct5/Construkt/Sources/Construkt/Core/Builder/Builder+Button.swift /Users/mac/Developer/pr0j3ct5/Construkt/Sources/Construkt/Core/Builder/Builder+Constraints.swift /Users/mac/Developer/pr0j3ct5/Construkt/Sources/Construkt/Core/Builder/Builder+Container.swift /Users/mac/Developer/pr0j3ct5/Construkt/Sources/Construkt/Core/Builder/Builder+Context.swift /Users/mac/Developer/pr0j3ct5/Construkt/Sources/Construkt/Core/Builder/Builder+Controls.swift /Users/mac/Developer/pr0j3ct5/Construkt/Sources/Construkt/Core/Builder/Builder+Divider.swift /Users/mac/Developer/pr0j3ct5/Construkt/Sources/Construkt/Core/Builder/Builder+Dynamic.swift /Users/mac/Developer/pr0j3ct5/Construkt/Sources/Construkt/Core/Builder/Builder+Extensions.swift /Users/mac/Developer/pr0j3ct5/Construkt/Sources/Construkt/Core/Builder/Builder+ForEach.swift /Users/mac/Developer/pr0j3ct5/Construkt/Sources/Construkt/Components/CollectionView/CellController.swift /Users/mac/Developer/pr0j3ct5/Construkt/Sources/Construkt/Components/CollectionView/CellControllerAdapter.swift /Users/mac/Developer/pr0j3ct5/Construkt/Sources/Construkt/Components/CollectionView/CollectionListViewController.swift /Users/mac/Developer/pr0j3ct5/Construkt/Sources/Construkt/Components/CollectionView/Construkt+Cell.swift /Users/mac/Developer/pr0j3ct5/Construkt/Sources/Construkt/Components/CollectionView/Construkt+CollectionView.swift /Users/mac/Developer/pr0j3ct5/Construkt/Sources/Construkt/Components/CollectionView/Construkt+Section.swift /Users/mac/Developer/pr0j3ct5/Construkt/Sources/Construkt/Components/CollectionView/DataSource.swift /Users/mac/Developer/pr0j3ct5/Construkt/Sources/Construkt/Components/CollectionView/HostingReusableView.swift /Users/mac/Developer/pr0j3ct5/Construkt/Sources/Construkt/Components/CollectionView/SectionController.swift /Users/mac/Developer/pr0j3ct5/Construkt/Sources/Construkt/Components/CollectionView/SupplementaryController.swift /Users/mac/Developer/pr0j3ct5/Construkt/Sources/Construkt/Components/SkeletonView/Skeleton.swift -primary-file /Users/mac/Developer/pr0j3ct5/Construkt/Sources/Construkt/Components/SkeletonView/SkeletonConfig.swift -primary-file /Users/mac/Developer/pr0j3ct5/Construkt/Sources/Construkt/Components/SkeletonView/SkeletonLayer.swift -primary-file /Users/mac/Developer/pr0j3ct5/Construkt/Sources/Construkt/Components/SkeletonView/SkeletonView.swift -primary-file /Users/mac/Developer/pr0j3ct5/Construkt/Sources/Construkt/Core/Builder/Builder.swift -primary-file /Users/mac/Developer/pr0j3ct5/Construkt/Demo/Construkt/Application/Helpers/UIColor+ext.swift -primary-file /Users/mac/Developer/pr0j3ct5/Construkt/Demo/Construkt/Application/Helpers/UIView+ext.swift -primary-file /Users/mac/Developer/pr0j3ct5/Construkt/Demo/Construkt/Application/Movies/Home/GradientView.swift -primary-file /Users/mac/Developer/pr0j3ct5/Construkt/Demo/Construkt/Application/Movies/Home/HeroCollectionCell.swift -primary-file /Users/mac/Developer/pr0j3ct5/Construkt/Demo/Construkt/Application/Movies/Home/HeroContentView.swift -primary-file /Users/mac/Developer/pr0j3ct5/Construkt/Demo/Construkt/Application/Movies/Home/HomeSection.swift /Users/mac/Developer/pr0j3ct5/Construkt/Demo/Construkt/Application/Movies/Home/HomeViewController.swift /Users/mac/Developer/pr0j3ct5/Construkt/Demo/Construkt/Application/Movies/Home/PosterCell.swift /Users/mac/Developer/pr0j3ct5/Construkt/Demo/Construkt/Application/Movies/MovieDetailViewController.swift /Users/mac/Developer/pr0j3ct5/Construkt/Demo/Construkt/Application/Movies/MovieViewModel.swift /Users/mac/Developer/pr0j3ct5/Construkt/Demo/Construkt/Application/AppDelegate.swift /Users/mac/Developer/pr0j3ct5/Construkt/Demo/Construkt/Application/SceneDelegate.swift /Users/mac/Developer/pr0j3ct5/Construkt/Demo/Construkt/Application/SharedViews.swift /Users/mac/Developer/pr0j3ct5/Construkt/Demo/Construkt/Models/Genre.swift /Users/mac/Developer/pr0j3ct5/Construkt/Demo/Construkt/Models/Movie.swift /Users/mac/Developer/pr0j3ct5/Construkt/Demo/Construkt/Networking/Core/HTTPMethod.swift /Users/mac/Developer/pr0j3ct5/Construkt/Demo/Construkt/Networking/Core/NetworkClient.swift /Users/mac/Developer/pr0j3ct5/Construkt/Demo/Construkt/Networking/Core/NetworkConfiguration.swift /Users/mac/Developer/pr0j3ct5/Construkt/Demo/Construkt/Networking/Core/NetworkError.swift /Users/mac/Developer/pr0j3ct5/Construkt/Demo/Construkt/Networking/Core/TMDBConfiguration.swift /Users/mac/Developer/pr0j3ct5/Construkt/Demo/Construkt/Networking/Interceptors/LoggerInterceptor.swift /Users/mac/Developer/pr0j3ct5/Construkt/Demo/Construkt/Networking/Interceptors/RequestInterceptor.swift /Users/mac/Developer/pr0j3ct5/Construkt/Demo/Construkt/Networking/Interceptors/TMDBRequestInterceptor.swift /Users/mac/Developer/pr0j3ct5/Construkt/Demo/Construkt/Networking/Request/Endpoint.swift /Users/mac/Developer/pr0j3ct5/Construkt/Demo/Construkt/Networking/Request/MoviesEndpoint.swift /Users/mac/Developer/pr0j3ct5/Construkt/Demo/Construkt/Networking/Request/RequestBuilder.swift /Users/mac/Developer/pr0j3ct5/Construkt/Demo/Construkt/Services/MovieService.swift /Users/mac/Developer/pr0j3ct5/Construkt/Sources/Construkt/Core/Builder/Builder+Gestures.swift /Users/mac/Developer/pr0j3ct5/Construkt/Sources/Construkt/Core/Builder/Builder+Group.swift /Users/mac/Developer/pr0j3ct5/Construkt/Sources/Construkt/Core/Builder/Builder+Image.swift /Users/mac/Developer/pr0j3ct5/Construkt/Sources/Construkt/Core/Builder/Builder+Label.swift /Users/mac/Developer/pr0j3ct5/Construkt/Sources/Construkt/Core/Builder/Builder+Navigation.swift /Users/mac/Developer/pr0j3ct5/Construkt/Sources/Construkt/Core/Builder/Builder+Padding.swift /Users/mac/Developer/pr0j3ct5/Construkt/Sources/Construkt/Core/Builder/Builder+RxSwift.swift /Users/mac/Developer/pr0j3ct5/Construkt/Sources/Construkt/Core/Builder/Builder+ScrollView.swift /Users/mac/Developer/pr0j3ct5/Construkt/Sources/Construkt/Core/Builder/Builder+Spacer.swift /Users/mac/Developer/pr0j3ct5/Construkt/Sources/Construkt/Core/Builder/Builder+Stack.swift /Users/mac/Developer/pr0j3ct5/Construkt/Sources/Construkt/Core/Builder/Builder+Styles.swift /Users/mac/Developer/pr0j3ct5/Construkt/Sources/Construkt/Core/Builder/Builder+Switch.swift /Users/mac/Developer/pr0j3ct5/Construkt/Sources/Construkt/Core/Builder/Builder+TableView.swift /Users/mac/Developer/pr0j3ct5/Construkt/Sources/Construkt/Core/Builder/Builder+TextField.swift /Users/mac/Developer/pr0j3ct5/Construkt/Sources/Construkt/Core/Builder/Builder+Variable.swift /Users/mac/Developer/pr0j3ct5/Construkt/Sources/Construkt/Core/Builder/Builder+View.swift /Users/mac/Developer/pr0j3ct5/Construkt/Sources/Construkt/Core/Builder/Builder+ViewController.swift /Users/mac/Developer/pr0j3ct5/Construkt/Sources/Construkt/Core/Builder/Builder+With.swift /Users/mac/Developer/pr0j3ct5/Construkt/Sources/Construkt/Core/Builder/Builder+ZStack.swift /Users/mac/Developer/pr0j3ct5/Construkt/Sources/Construkt/Core/Extensions/UIColor+Extensions.swift /Users/mac/Developer/pr0j3ct5/Construkt/Sources/Construkt/Core/Extensions/UIImage+Extensions.swift /Users/mac/Developer/pr0j3ct5/Construkt/Sources/Construkt/Core/Extensions/UIImageView+Remote.swift /Users/mac/Developer/pr0j3ct5/Construkt/Sources/Construkt/Extensions/Collection.swift /Users/mac/Developer/pr0j3ct5/Construkt/Sources/Construkt/Extensions/NSCollectionLayout.swift /Users/mac/Developer/pr0j3ct5/Construkt/Sources/Construkt/Extensions/Then.swift /Users/mac/Developer/pr0j3ct5/Construkt/Sources/Construkt/Extensions/UICollectionView.swift /Users/mac/Developer/pr0j3ct5/Construkt/Sources/Construkt/LoadableState.swift /Users/mac/Developer/pr0j3ct5/Construkt/Sources/Construkt/StateContainer.swift /Users/mac/Library/Developer/Xcode/DerivedData/Construkt-dmvdvjzlicdgipdixgirozdsnyxg/Build/Intermediates.noindex/Construkt.build/Debug-iphonesimulator/Construkt.build/DerivedSources/GeneratedAssetSymbols.swift -supplementary-output-file-map /Users/mac/Library/Developer/Xcode/DerivedData/Construkt-dmvdvjzlicdgipdixgirozdsnyxg/Build/Intermediates.noindex/Construkt.build/Debug-iphonesimulator/Construkt.build/Objects-normal/arm64/supplementaryOutputs-11 -emit-localized-strings -emit-localized-strings-path /Users/mac/Library/Developer/Xcode/DerivedData/Construkt-dmvdvjzlicdgipdixgirozdsnyxg/Build/Intermediates.noindex/Construkt.build/Debug-iphonesimulator/Construkt.build/Objects-normal/arm64 -target arm64-apple-ios15.0-simulator -module-can-import-version DeveloperToolsSupport 23.0.4 23.0.4 -module-can-import-version SwiftUI 7.1.13.1 7.1.13 -module-can-import-version UIKit 9126.1.12.1 9126.1.12 -load-resolved-plugin /Applications/Xcode-26.1.0.app/Contents/Developer/Platforms/iPhoneOS.platform/Developer/usr/lib/swift/host/plugins/libFoundationMacros.dylib\#/Applications/Xcode-26.1.0.app/Contents/Developer/Platforms/iPhoneOS.platform/Developer/usr/bin/swift-plugin-server\#FoundationMacros -load-resolved-plugin /Applications/Xcode-26.1.0.app/Contents/Developer/Platforms/iPhoneOS.platform/Developer/usr/lib/swift/host/plugins/libObservationMacros.dylib\#/Applications/Xcode-26.1.0.app/Contents/Developer/Platforms/iPhoneOS.platform/Developer/usr/bin/swift-plugin-server\#ObservationMacros -load-resolved-plugin /Applications/Xcode-26.1.0.app/Contents/Developer/Platforms/iPhoneOS.platform/Developer/usr/lib/swift/host/plugins/libPreviewsMacros.dylib\#/Applications/Xcode-26.1.0.app/Contents/Developer/Platforms/iPhoneOS.platform/Developer/usr/bin/swift-plugin-server\#PreviewsMacros -load-resolved-plugin /Applications/Xcode-26.1.0.app/Contents/Developer/Platforms/iPhoneOS.platform/Developer/usr/lib/swift/host/plugins/libSwiftMacros.dylib\#/Applications/Xcode-26.1.0.app/Contents/Developer/Platforms/iPhoneOS.platform/Developer/usr/bin/swift-plugin-server\#SwiftMacros -load-resolved-plugin /Applications/Xcode-26.1.0.app/Contents/Developer/Platforms/iPhoneOS.platform/Developer/usr/lib/swift/host/plugins/libSwiftUIMacros.dylib\#/Applications/Xcode-26.1.0.app/Contents/Developer/Platforms/iPhoneOS.platform/Developer/usr/bin/swift-plugin-server\#SwiftUIMacros -disable-implicit-swift-modules -Xcc -fno-implicit-modules -Xcc -fno-implicit-module-maps -explicit-swift-module-map-file /Users/mac/Library/Developer/Xcode/DerivedData/Construkt-dmvdvjzlicdgipdixgirozdsnyxg/Build/Intermediates.noindex/Construkt.build/Debug-iphonesimulator/Construkt.build/Objects-normal/arm64/Construkt-dependencies-1.json -Xllvm -aarch64-use-tbi -enable-objc-interop -sdk /Applications/Xcode-26.1.0.app/Contents/Developer/Platforms/iPhoneSimulator.platform/Developer/SDKs/iPhoneSimulator26.1.sdk -I /Users/mac/Library/Developer/Xcode/DerivedData/Construkt-dmvdvjzlicdgipdixgirozdsnyxg/Build/Products/Debug-iphonesimulator -F /Users/mac/Library/Developer/Xcode/DerivedData/Construkt-dmvdvjzlicdgipdixgirozdsnyxg/Build/Products/Debug-iphonesimulator/PackageFrameworks -F /Users/mac/Library/Developer/Xcode/DerivedData/Construkt-dmvdvjzlicdgipdixgirozdsnyxg/Build/Products/Debug-iphonesimulator/PackageFrameworks -F /Users/mac/Library/Developer/Xcode/DerivedData/Construkt-dmvdvjzlicdgipdixgirozdsnyxg/Build/Products/Debug-iphonesimulator/PackageFrameworks -F /Users/mac/Library/Developer/Xcode/DerivedData/Construkt-dmvdvjzlicdgipdixgirozdsnyxg/Build/Products/Debug-iphonesimulator/PackageFrameworks -F /Users/mac/Library/Developer/Xcode/DerivedData/Construkt-dmvdvjzlicdgipdixgirozdsnyxg/Build/Products/Debug-iphonesimulator/PackageFrameworks -F /Users/mac/Library/Developer/Xcode/DerivedData/Construkt-dmvdvjzlicdgipdixgirozdsnyxg/Build/Products/Debug-iphonesimulator/PackageFrameworks -F /Users/mac/Library/Developer/Xcode/DerivedData/Construkt-dmvdvjzlicdgipdixgirozdsnyxg/Build/Products/Debug-iphonesimulator -no-color-diagnostics -Xcc -fno-color-diagnostics -enable-testing -g -debug-info-format\=dwarf -dwarf-version\=4 -module-cache-path /Users/mac/Library/Developer/Xcode/DerivedData/Construkt-dmvdvjzlicdgipdixgirozdsnyxg/Build/Intermediates.noindex/SwiftExplicitPrecompiledModules -swift-version 5 -enforce-exclusivity\=checked -Onone -D DEBUG -serialize-debugging-options -const-gather-protocols-file /Users/mac/Library/Developer/Xcode/DerivedData/Construkt-dmvdvjzlicdgipdixgirozdsnyxg/Build/Intermediates.noindex/Construkt.build/Debug-iphonesimulator/Construkt.build/Objects-normal/arm64/Construkt_const_extract_protocols.json -enable-experimental-feature DebugDescriptionMacro -enable-bare-slash-regex -empty-abi-descriptor -validate-clang-modules-once -clang-build-session-file /Users/mac/Library/Developer/Xcode/DerivedData/ModuleCache.noindex/Session.modulevalidation -Xcc -working-directory -Xcc /Users/mac/Developer/pr0j3ct5/Construkt/Demo -enable-anonymous-context-mangled-names -file-compilation-dir /Users/mac/Developer/pr0j3ct5/Construkt/Demo -Xcc -fmodule-map-file\=/Users/mac/Library/Developer/Xcode/DerivedData/Construkt-dmvdvjzlicdgipdixgirozdsnyxg/Build/Intermediates.noindex/GeneratedModuleMaps-iphonesimulator/RxCocoaRuntime.modulemap -Xcc -D_LIBCPP_HARDENING_MODE\=_LIBCPP_HARDENING_MODE_DEBUG -Xcc -ivfsstatcache -Xcc /Users/mac/Library/Developer/Xcode/DerivedData/SDKStatCaches.noindex/iphonesimulator26.1-23B77-aa58e337a81609ab4fa365a8702acd8b.sdkstatcache -Xcc -I/Users/mac/Library/Developer/Xcode/DerivedData/Construkt-dmvdvjzlicdgipdixgirozdsnyxg/Build/Intermediates.noindex/Construkt.build/Debug-iphonesimulator/Construkt.build/swift-overrides.hmap -Xcc -iquote -Xcc /Users/mac/Library/Developer/Xcode/DerivedData/Construkt-dmvdvjzlicdgipdixgirozdsnyxg/Build/Intermediates.noindex/Construkt.build/Debug-iphonesimulator/Construkt.build/Construkt-generated-files.hmap -Xcc -I/Users/mac/Library/Developer/Xcode/DerivedData/Construkt-dmvdvjzlicdgipdixgirozdsnyxg/Build/Intermediates.noindex/Construkt.build/Debug-iphonesimulator/Construkt.build/Construkt-own-target-headers.hmap -Xcc -I/Users/mac/Library/Developer/Xcode/DerivedData/Construkt-dmvdvjzlicdgipdixgirozdsnyxg/Build/Intermediates.noindex/Construkt.build/Debug-iphonesimulator/Construkt.build/Construkt-all-non-framework-target-headers.hmap -Xcc -ivfsoverlay -Xcc /Users/mac/Library/Developer/Xcode/DerivedData/Construkt-dmvdvjzlicdgipdixgirozdsnyxg/Build/Intermediates.noindex/Construkt.build/Debug-iphonesimulator/Construkt-85a6e12900ec93e9ca5ede5c97d4c68f-VFS-iphonesimulator/all-product-headers.yaml -Xcc -iquote -Xcc /Users/mac/Library/Developer/Xcode/DerivedData/Construkt-dmvdvjzlicdgipdixgirozdsnyxg/Build/Intermediates.noindex/Construkt.build/Debug-iphonesimulator/Construkt.build/Construkt-project-headers.hmap -Xcc -I/Users/mac/Library/Developer/Xcode/DerivedData/Construkt-dmvdvjzlicdgipdixgirozdsnyxg/SourcePackages/checkouts/RxSwift/Sources/RxCocoaRuntime/include -Xcc -I/Users/mac/Library/Developer/Xcode/DerivedData/Construkt-dmvdvjzlicdgipdixgirozdsnyxg/Build/Products/Debug-iphonesimulator/include -Xcc -I/Users/mac/Library/Developer/Xcode/DerivedData/Construkt-dmvdvjzlicdgipdixgirozdsnyxg/Build/Intermediates.noindex/Construkt.build/Debug-iphonesimulator/Construkt.build/DerivedSources-normal/arm64 -Xcc -I/Users/mac/Library/Developer/Xcode/DerivedData/Construkt-dmvdvjzlicdgipdixgirozdsnyxg/Build/Intermediates.noindex/Construkt.build/Debug-iphonesimulator/Construkt.build/DerivedSources/arm64 -Xcc -I/Users/mac/Library/Developer/Xcode/DerivedData/Construkt-dmvdvjzlicdgipdixgirozdsnyxg/Build/Intermediates.noindex/Construkt.build/Debug-iphonesimulator/Construkt.build/DerivedSources -Xcc -DDEBUG\=1 -no-auto-bridging-header-chaining -module-name Construkt -frontend-parseable-output -disable-clang-spi -target-sdk-version 26.1 -target-sdk-name iphonesimulator26.1 -clang-target arm64-apple-ios26.1-simulator -in-process-plugin-server-path /Applications/Xcode-26.1.0.app/Contents/Developer/Toolchains/XcodeDefault.xctoolchain/usr/lib/swift/host/libSwiftInProcPluginServer.dylib -o /Users/mac/Library/Developer/Xcode/DerivedData/Construkt-dmvdvjzlicdgipdixgirozdsnyxg/Build/Intermediates.noindex/Construkt.build/Debug-iphonesimulator/Construkt.build/Objects-normal/arm64/SkeletonConfig.o -o /Users/mac/Library/Developer/Xcode/DerivedData/Construkt-dmvdvjzlicdgipdixgirozdsnyxg/Build/Intermediates.noindex/Construkt.build/Debug-iphonesimulator/Construkt.build/Objects-normal/arm64/SkeletonLayer.o -o /Users/mac/Library/Developer/Xcode/DerivedData/Construkt-dmvdvjzlicdgipdixgirozdsnyxg/Build/Intermediates.noindex/Construkt.build/Debug-iphonesimulator/Construkt.build/Objects-normal/arm64/SkeletonView.o -o /Users/mac/Library/Developer/Xcode/DerivedData/Construkt-dmvdvjzlicdgipdixgirozdsnyxg/Build/Intermediates.noindex/Construkt.build/Debug-iphonesimulator/Construkt.build/Objects-normal/arm64/Builder-3bca8236e5f6420f0b5d506f7046fb73.o -o /Users/mac/Library/Developer/Xcode/DerivedData/Construkt-dmvdvjzlicdgipdixgirozdsnyxg/Build/Intermediates.noindex/Construkt.build/Debug-iphonesimulator/Construkt.build/Objects-normal/arm64/UIColor+ext.o -o /Users/mac/Library/Developer/Xcode/DerivedData/Construkt-dmvdvjzlicdgipdixgirozdsnyxg/Build/Intermediates.noindex/Construkt.build/Debug-iphonesimulator/Construkt.build/Objects-normal/arm64/UIView+ext.o -o /Users/mac/Library/Developer/Xcode/DerivedData/Construkt-dmvdvjzlicdgipdixgirozdsnyxg/Build/Intermediates.noindex/Construkt.build/Debug-iphonesimulator/Construkt.build/Objects-normal/arm64/GradientView.o -o /Users/mac/Library/Developer/Xcode/DerivedData/Construkt-dmvdvjzlicdgipdixgirozdsnyxg/Build/Intermediates.noindex/Construkt.build/Debug-iphonesimulator/Construkt.build/Objects-normal/arm64/HeroCollectionCell.o -o /Users/mac/Library/Developer/Xcode/DerivedData/Construkt-dmvdvjzlicdgipdixgirozdsnyxg/Build/Intermediates.noindex/Construkt.build/Debug-iphonesimulator/Construkt.build/Objects-normal/arm64/HeroContentView.o -o /Users/mac/Library/Developer/Xcode/DerivedData/Construkt-dmvdvjzlicdgipdixgirozdsnyxg/Build/Intermediates.noindex/Construkt.build/Debug-iphonesimulator/Construkt.build/Objects-normal/arm64/HomeSection.o -index-unit-output-path /Construkt.build/Debug-iphonesimulator/Construkt.build/Objects-normal/arm64/SkeletonConfig.o -index-unit-output-path /Construkt.build/Debug-iphonesimulator/Construkt.build/Objects-normal/arm64/SkeletonLayer.o -index-unit-output-path /Construkt.build/Debug-iphonesimulator/Construkt.build/Objects-normal/arm64/SkeletonView.o -index-unit-output-path /Construkt.build/Debug-iphonesimulator/Construkt.build/Objects-normal/arm64/Builder-3bca8236e5f6420f0b5d506f7046fb73.o -index-unit-output-path /Construkt.build/Debug-iphonesimulator/Construkt.build/Objects-normal/arm64/UIColor+ext.o -index-unit-output-path /Construkt.build/Debug-iphonesimulator/Construkt.build/Objects-normal/arm64/UIView+ext.o -index-unit-output-path /Construkt.build/Debug-iphonesimulator/Construkt.build/Objects-normal/arm64/GradientView.o -index-unit-output-path /Construkt.build/Debug-iphonesimulator/Construkt.build/Objects-normal/arm64/HeroCollectionCell.o -index-unit-output-path /Construkt.build/Debug-iphonesimulator/Construkt.build/Objects-normal/arm64/HeroContentView.o -index-unit-output-path /Construkt.build/Debug-iphonesimulator/Construkt.build/Objects-normal/arm64/HomeSection.o -index-store-path /Users/mac/Library/Developer/Xcode/DerivedData/Construkt-dmvdvjzlicdgipdixgirozdsnyxg/Index.noindex/DataStore -index-system-modules

SwiftCompile normal arm64 /Users/mac/Developer/pr0j3ct5/Construkt/Sources/Construkt/Components/SkeletonView/SkeletonConfig.swift (in target 'Construkt' from project 'Construkt')
    cd /Users/mac/Developer/pr0j3ct5/Construkt/Demo
    

SwiftCompile normal arm64 /Users/mac/Developer/pr0j3ct5/Construkt/Sources/Construkt/Components/SkeletonView/SkeletonLayer.swift (in target 'Construkt' from project 'Construkt')
    cd /Users/mac/Developer/pr0j3ct5/Construkt/Demo
    

SwiftCompile normal arm64 /Users/mac/Developer/pr0j3ct5/Construkt/Sources/Construkt/Components/SkeletonView/SkeletonView.swift (in target 'Construkt' from project 'Construkt')
    cd /Users/mac/Developer/pr0j3ct5/Construkt/Demo
    

SwiftCompile normal arm64 /Users/mac/Developer/pr0j3ct5/Construkt/Sources/Construkt/Core/Builder/Builder.swift (in target 'Construkt' from project 'Construkt')
    cd /Users/mac/Developer/pr0j3ct5/Construkt/Demo
    

SwiftCompile normal arm64 /Users/mac/Developer/pr0j3ct5/Construkt/Demo/Construkt/Application/Helpers/UIColor+ext.swift (in target 'Construkt' from project 'Construkt')
    cd /Users/mac/Developer/pr0j3ct5/Construkt/Demo
    
/Users/mac/Developer/pr0j3ct5/Construkt/Demo/Construkt/Application/Helpers/UIColor+ext.swift:33:21: warning: 'scanLocation' was deprecated in iOS 13.0
            scanner.scanLocation = 1
                    ^
/Users/mac/Developer/pr0j3ct5/Construkt/Demo/Construkt/Application/Helpers/UIColor+ext.swift:36:17: warning: 'scanHexInt32' was deprecated in iOS 13.0
        scanner.scanHexInt32(&color)
                ^

SwiftCompile normal arm64 /Users/mac/Developer/pr0j3ct5/Construkt/Demo/Construkt/Application/Helpers/UIView+ext.swift (in target 'Construkt' from project 'Construkt')
    cd /Users/mac/Developer/pr0j3ct5/Construkt/Demo
    

SwiftCompile normal arm64 /Users/mac/Developer/pr0j3ct5/Construkt/Demo/Construkt/Application/Movies/Home/GradientView.swift (in target 'Construkt' from project 'Construkt')
    cd /Users/mac/Developer/pr0j3ct5/Construkt/Demo
    

SwiftCompile normal arm64 /Users/mac/Developer/pr0j3ct5/Construkt/Demo/Construkt/Application/Movies/Home/HeroCollectionCell.swift (in target 'Construkt' from project 'Construkt')
    cd /Users/mac/Developer/pr0j3ct5/Construkt/Demo
    

SwiftCompile normal arm64 /Users/mac/Developer/pr0j3ct5/Construkt/Demo/Construkt/Application/Movies/Home/HeroContentView.swift (in target 'Construkt' from project 'Construkt')
    cd /Users/mac/Developer/pr0j3ct5/Construkt/Demo
    
/Users/mac/Developer/pr0j3ct5/Construkt/Demo/Construkt/Application/Movies/Home/HeroContentView.swift:25:26: error: extraneous argument label 'image:' in call
                ImageView(image: nil)
                         ^~~~~~~~
                          

SwiftCompile normal arm64 /Users/mac/Developer/pr0j3ct5/Construkt/Demo/Construkt/Application/Movies/Home/HomeSection.swift (in target 'Construkt' from project 'Construkt')
    cd /Users/mac/Developer/pr0j3ct5/Construkt/Demo
    

SwiftCompile normal arm64 Compiling\ HomeViewController.swift,\ PosterCell.swift,\ MovieDetailViewController.swift,\ MovieViewModel.swift,\ AppDelegate.swift,\ SceneDelegate.swift,\ SharedViews.swift,\ Genre.swift,\ Movie.swift,\ HTTPMethod.swift /Users/mac/Developer/pr0j3ct5/Construkt/Demo/Construkt/Application/Movies/Home/HomeViewController.swift /Users/mac/Developer/pr0j3ct5/Construkt/Demo/Construkt/Application/Movies/Home/PosterCell.swift /Users/mac/Developer/pr0j3ct5/Construkt/Demo/Construkt/Application/Movies/MovieDetailViewController.swift /Users/mac/Developer/pr0j3ct5/Construkt/Demo/Construkt/Application/Movies/MovieViewModel.swift /Users/mac/Developer/pr0j3ct5/Construkt/Demo/Construkt/Application/AppDelegate.swift /Users/mac/Developer/pr0j3ct5/Construkt/Demo/Construkt/Application/SceneDelegate.swift /Users/mac/Developer/pr0j3ct5/Construkt/Demo/Construkt/Application/SharedViews.swift /Users/mac/Developer/pr0j3ct5/Construkt/Demo/Construkt/Models/Genre.swift /Users/mac/Developer/pr0j3ct5/Construkt/Demo/Construkt/Models/Movie.swift /Users/mac/Developer/pr0j3ct5/Construkt/Demo/Construkt/Networking/Core/HTTPMethod.swift (in target 'Construkt' from project 'Construkt')

SwiftCompile normal arm64 /Users/mac/Developer/pr0j3ct5/Construkt/Demo/Construkt/Application/Movies/Home/HomeViewController.swift (in target 'Construkt' from project 'Construkt')
    cd /Users/mac/Developer/pr0j3ct5/Construkt/Demo
    

SwiftCompile normal arm64 /Users/mac/Developer/pr0j3ct5/Construkt/Demo/Construkt/Application/Movies/Home/PosterCell.swift (in target 'Construkt' from project 'Construkt')
    cd /Users/mac/Developer/pr0j3ct5/Construkt/Demo
    

SwiftCompile normal arm64 /Users/mac/Developer/pr0j3ct5/Construkt/Demo/Construkt/Application/Movies/MovieDetailViewController.swift (in target 'Construkt' from project 'Construkt')
    cd /Users/mac/Developer/pr0j3ct5/Construkt/Demo
    

SwiftCompile normal arm64 /Users/mac/Developer/pr0j3ct5/Construkt/Demo/Construkt/Application/Movies/MovieViewModel.swift (in target 'Construkt' from project 'Construkt')
    cd /Users/mac/Developer/pr0j3ct5/Construkt/Demo
    

SwiftCompile normal arm64 /Users/mac/Developer/pr0j3ct5/Construkt/Demo/Construkt/Application/AppDelegate.swift (in target 'Construkt' from project 'Construkt')
    cd /Users/mac/Developer/pr0j3ct5/Construkt/Demo
    

SwiftCompile normal arm64 /Users/mac/Developer/pr0j3ct5/Construkt/Demo/Construkt/Application/SceneDelegate.swift (in target 'Construkt' from project 'Construkt')
    cd /Users/mac/Developer/pr0j3ct5/Construkt/Demo
    

SwiftCompile normal arm64 /Users/mac/Developer/pr0j3ct5/Construkt/Demo/Construkt/Application/SharedViews.swift (in target 'Construkt' from project 'Construkt')
    cd /Users/mac/Developer/pr0j3ct5/Construkt/Demo
    

SwiftCompile normal arm64 /Users/mac/Developer/pr0j3ct5/Construkt/Demo/Construkt/Models/Genre.swift (in target 'Construkt' from project 'Construkt')
    cd /Users/mac/Developer/pr0j3ct5/Construkt/Demo
    

SwiftCompile normal arm64 /Users/mac/Developer/pr0j3ct5/Construkt/Demo/Construkt/Models/Movie.swift (in target 'Construkt' from project 'Construkt')
    cd /Users/mac/Developer/pr0j3ct5/Construkt/Demo
    

SwiftCompile normal arm64 /Users/mac/Developer/pr0j3ct5/Construkt/Demo/Construkt/Networking/Core/HTTPMethod.swift (in target 'Construkt' from project 'Construkt')
    cd /Users/mac/Developer/pr0j3ct5/Construkt/Demo
    

SwiftCompile normal arm64 Compiling\ NetworkClient.swift,\ NetworkConfiguration.swift,\ NetworkError.swift,\ TMDBConfiguration.swift,\ LoggerInterceptor.swift,\ RequestInterceptor.swift,\ TMDBRequestInterceptor.swift,\ Endpoint.swift,\ MoviesEndpoint.swift,\ RequestBuilder.swift /Users/mac/Developer/pr0j3ct5/Construkt/Demo/Construkt/Networking/Core/NetworkClient.swift /Users/mac/Developer/pr0j3ct5/Construkt/Demo/Construkt/Networking/Core/NetworkConfiguration.swift /Users/mac/Developer/pr0j3ct5/Construkt/Demo/Construkt/Networking/Core/NetworkError.swift /Users/mac/Developer/pr0j3ct5/Construkt/Demo/Construkt/Networking/Core/TMDBConfiguration.swift /Users/mac/Developer/pr0j3ct5/Construkt/Demo/Construkt/Networking/Interceptors/LoggerInterceptor.swift /Users/mac/Developer/pr0j3ct5/Construkt/Demo/Construkt/Networking/Interceptors/RequestInterceptor.swift /Users/mac/Developer/pr0j3ct5/Construkt/Demo/Construkt/Networking/Interceptors/TMDBRequestInterceptor.swift /Users/mac/Developer/pr0j3ct5/Construkt/Demo/Construkt/Networking/Request/Endpoint.swift /Users/mac/Developer/pr0j3ct5/Construkt/Demo/Construkt/Networking/Request/MoviesEndpoint.swift /Users/mac/Developer/pr0j3ct5/Construkt/Demo/Construkt/Networking/Request/RequestBuilder.swift (in target 'Construkt' from project 'Construkt')

SwiftCompile normal arm64 /Users/mac/Developer/pr0j3ct5/Construkt/Demo/Construkt/Networking/Core/NetworkClient.swift (in target 'Construkt' from project 'Construkt')
    cd /Users/mac/Developer/pr0j3ct5/Construkt/Demo
    

SwiftCompile normal arm64 /Users/mac/Developer/pr0j3ct5/Construkt/Demo/Construkt/Networking/Core/NetworkConfiguration.swift (in target 'Construkt' from project 'Construkt')
    cd /Users/mac/Developer/pr0j3ct5/Construkt/Demo
    

SwiftCompile normal arm64 /Users/mac/Developer/pr0j3ct5/Construkt/Demo/Construkt/Networking/Core/NetworkError.swift (in target 'Construkt' from project 'Construkt')
    cd /Users/mac/Developer/pr0j3ct5/Construkt/Demo
    

SwiftCompile normal arm64 /Users/mac/Developer/pr0j3ct5/Construkt/Demo/Construkt/Networking/Core/TMDBConfiguration.swift (in target 'Construkt' from project 'Construkt')
    cd /Users/mac/Developer/pr0j3ct5/Construkt/Demo
    

SwiftCompile normal arm64 /Users/mac/Developer/pr0j3ct5/Construkt/Demo/Construkt/Networking/Interceptors/LoggerInterceptor.swift (in target 'Construkt' from project 'Construkt')
    cd /Users/mac/Developer/pr0j3ct5/Construkt/Demo
    

SwiftCompile normal arm64 /Users/mac/Developer/pr0j3ct5/Construkt/Demo/Construkt/Networking/Interceptors/RequestInterceptor.swift (in target 'Construkt' from project 'Construkt')
    cd /Users/mac/Developer/pr0j3ct5/Construkt/Demo
    

SwiftCompile normal arm64 /Users/mac/Developer/pr0j3ct5/Construkt/Demo/Construkt/Networking/Interceptors/TMDBRequestInterceptor.swift (in target 'Construkt' from project 'Construkt')
    cd /Users/mac/Developer/pr0j3ct5/Construkt/Demo
    

SwiftCompile normal arm64 /Users/mac/Developer/pr0j3ct5/Construkt/Demo/Construkt/Networking/Request/Endpoint.swift (in target 'Construkt' from project 'Construkt')
    cd /Users/mac/Developer/pr0j3ct5/Construkt/Demo
    

SwiftCompile normal arm64 /Users/mac/Developer/pr0j3ct5/Construkt/Demo/Construkt/Networking/Request/MoviesEndpoint.swift (in target 'Construkt' from project 'Construkt')
    cd /Users/mac/Developer/pr0j3ct5/Construkt/Demo
    

SwiftCompile normal arm64 /Users/mac/Developer/pr0j3ct5/Construkt/Demo/Construkt/Networking/Request/RequestBuilder.swift (in target 'Construkt' from project 'Construkt')
    cd /Users/mac/Developer/pr0j3ct5/Construkt/Demo
    

SwiftCompile normal arm64 Compiling\ CellControllerAdapter.swift,\ CollectionListViewController.swift,\ Construkt+Cell.swift,\ Construkt+CollectionView.swift,\ Construkt+Section.swift,\ DataSource.swift,\ HostingReusableView.swift,\ SectionController.swift,\ SupplementaryController.swift,\ Skeleton.swift /Users/mac/Developer/pr0j3ct5/Construkt/Sources/Construkt/Components/CollectionView/CellControllerAdapter.swift /Users/mac/Developer/pr0j3ct5/Construkt/Sources/Construkt/Components/CollectionView/CollectionListViewController.swift /Users/mac/Developer/pr0j3ct5/Construkt/Sources/Construkt/Components/CollectionView/Construkt+Cell.swift /Users/mac/Developer/pr0j3ct5/Construkt/Sources/Construkt/Components/CollectionView/Construkt+CollectionView.swift /Users/mac/Developer/pr0j3ct5/Construkt/Sources/Construkt/Components/CollectionView/Construkt+Section.swift /Users/mac/Developer/pr0j3ct5/Construkt/Sources/Construkt/Components/CollectionView/DataSource.swift /Users/mac/Developer/pr0j3ct5/Construkt/Sources/Construkt/Components/CollectionView/HostingReusableView.swift /Users/mac/Developer/pr0j3ct5/Construkt/Sources/Construkt/Components/CollectionView/SectionController.swift /Users/mac/Developer/pr0j3ct5/Construkt/Sources/Construkt/Components/CollectionView/SupplementaryController.swift /Users/mac/Developer/pr0j3ct5/Construkt/Sources/Construkt/Components/SkeletonView/Skeleton.swift (in target 'Construkt' from project 'Construkt')

SwiftCompile normal arm64 /Users/mac/Developer/pr0j3ct5/Construkt/Sources/Construkt/Components/CollectionView/CellControllerAdapter.swift (in target 'Construkt' from project 'Construkt')
    cd /Users/mac/Developer/pr0j3ct5/Construkt/Demo
    

SwiftCompile normal arm64 /Users/mac/Developer/pr0j3ct5/Construkt/Sources/Construkt/Components/CollectionView/CollectionListViewController.swift (in target 'Construkt' from project 'Construkt')
    cd /Users/mac/Developer/pr0j3ct5/Construkt/Demo
    

SwiftCompile normal arm64 /Users/mac/Developer/pr0j3ct5/Construkt/Sources/Construkt/Components/CollectionView/Construkt+Cell.swift (in target 'Construkt' from project 'Construkt')
    cd /Users/mac/Developer/pr0j3ct5/Construkt/Demo
    

SwiftCompile normal arm64 /Users/mac/Developer/pr0j3ct5/Construkt/Sources/Construkt/Components/CollectionView/Construkt+CollectionView.swift (in target 'Construkt' from project 'Construkt')
    cd /Users/mac/Developer/pr0j3ct5/Construkt/Demo
    

SwiftCompile normal arm64 /Users/mac/Developer/pr0j3ct5/Construkt/Sources/Construkt/Components/CollectionView/Construkt+Section.swift (in target 'Construkt' from project 'Construkt')
    cd /Users/mac/Developer/pr0j3ct5/Construkt/Demo
    

SwiftCompile normal arm64 /Users/mac/Developer/pr0j3ct5/Construkt/Sources/Construkt/Components/CollectionView/DataSource.swift (in target 'Construkt' from project 'Construkt')
    cd /Users/mac/Developer/pr0j3ct5/Construkt/Demo
    

SwiftCompile normal arm64 /Users/mac/Developer/pr0j3ct5/Construkt/Sources/Construkt/Components/CollectionView/HostingReusableView.swift (in target 'Construkt' from project 'Construkt')
    cd /Users/mac/Developer/pr0j3ct5/Construkt/Demo
    

SwiftCompile normal arm64 /Users/mac/Developer/pr0j3ct5/Construkt/Sources/Construkt/Components/CollectionView/SectionController.swift (in target 'Construkt' from project 'Construkt')
    cd /Users/mac/Developer/pr0j3ct5/Construkt/Demo
    

SwiftCompile normal arm64 /Users/mac/Developer/pr0j3ct5/Construkt/Sources/Construkt/Components/CollectionView/SupplementaryController.swift (in target 'Construkt' from project 'Construkt')
    cd /Users/mac/Developer/pr0j3ct5/Construkt/Demo
    

SwiftCompile normal arm64 /Users/mac/Developer/pr0j3ct5/Construkt/Sources/Construkt/Components/SkeletonView/Skeleton.swift (in target 'Construkt' from project 'Construkt')
    cd /Users/mac/Developer/pr0j3ct5/Construkt/Demo
    

SwiftEmitModule normal arm64 Emitting\ module\ for\ Construkt (in target 'Construkt' from project 'Construkt')

EmitSwiftModule normal arm64 (in target 'Construkt' from project 'Construkt')
    cd /Users/mac/Developer/pr0j3ct5/Construkt/Demo
    

SwiftCompile normal arm64 Compiling\ Builder+Stack.swift,\ Builder+Styles.swift,\ Builder+Switch.swift,\ Builder+TableView.swift,\ Builder+TextField.swift,\ Builder+Variable.swift,\ Builder+View.swift,\ Builder+ViewController.swift,\ Builder+With.swift,\ Builder+ZStack.swift /Users/mac/Developer/pr0j3ct5/Construkt/Sources/Construkt/Core/Builder/Builder+Stack.swift /Users/mac/Developer/pr0j3ct5/Construkt/Sources/Construkt/Core/Builder/Builder+Styles.swift /Users/mac/Developer/pr0j3ct5/Construkt/Sources/Construkt/Core/Builder/Builder+Switch.swift /Users/mac/Developer/pr0j3ct5/Construkt/Sources/Construkt/Core/Builder/Builder+TableView.swift /Users/mac/Developer/pr0j3ct5/Construkt/Sources/Construkt/Core/Builder/Builder+TextField.swift /Users/mac/Developer/pr0j3ct5/Construkt/Sources/Construkt/Core/Builder/Builder+Variable.swift /Users/mac/Developer/pr0j3ct5/Construkt/Sources/Construkt/Core/Builder/Builder+View.swift /Users/mac/Developer/pr0j3ct5/Construkt/Sources/Construkt/Core/Builder/Builder+ViewController.swift /Users/mac/Developer/pr0j3ct5/Construkt/Sources/Construkt/Core/Builder/Builder+With.swift /Users/mac/Developer/pr0j3ct5/Construkt/Sources/Construkt/Core/Builder/Builder+ZStack.swift (in target 'Construkt' from project 'Construkt')

SwiftCompile normal arm64 /Users/mac/Developer/pr0j3ct5/Construkt/Sources/Construkt/Core/Builder/Builder+Stack.swift (in target 'Construkt' from project 'Construkt')
    cd /Users/mac/Developer/pr0j3ct5/Construkt/Demo
    

SwiftCompile normal arm64 /Users/mac/Developer/pr0j3ct5/Construkt/Sources/Construkt/Core/Builder/Builder+Styles.swift (in target 'Construkt' from project 'Construkt')
    cd /Users/mac/Developer/pr0j3ct5/Construkt/Demo
    

SwiftCompile normal arm64 /Users/mac/Developer/pr0j3ct5/Construkt/Sources/Construkt/Core/Builder/Builder+Switch.swift (in target 'Construkt' from project 'Construkt')
    cd /Users/mac/Developer/pr0j3ct5/Construkt/Demo
    

SwiftCompile normal arm64 /Users/mac/Developer/pr0j3ct5/Construkt/Sources/Construkt/Core/Builder/Builder+TableView.swift (in target 'Construkt' from project 'Construkt')
    cd /Users/mac/Developer/pr0j3ct5/Construkt/Demo
    

SwiftCompile normal arm64 /Users/mac/Developer/pr0j3ct5/Construkt/Sources/Construkt/Core/Builder/Builder+TextField.swift (in target 'Construkt' from project 'Construkt')
    cd /Users/mac/Developer/pr0j3ct5/Construkt/Demo
    

SwiftCompile normal arm64 /Users/mac/Developer/pr0j3ct5/Construkt/Sources/Construkt/Core/Builder/Builder+Variable.swift (in target 'Construkt' from project 'Construkt')
    cd /Users/mac/Developer/pr0j3ct5/Construkt/Demo
    

SwiftCompile normal arm64 /Users/mac/Developer/pr0j3ct5/Construkt/Sources/Construkt/Core/Builder/Builder+View.swift (in target 'Construkt' from project 'Construkt')
    cd /Users/mac/Developer/pr0j3ct5/Construkt/Demo
    

SwiftCompile normal arm64 /Users/mac/Developer/pr0j3ct5/Construkt/Sources/Construkt/Core/Builder/Builder+ViewController.swift (in target 'Construkt' from project 'Construkt')
    cd /Users/mac/Developer/pr0j3ct5/Construkt/Demo
    

SwiftCompile normal arm64 /Users/mac/Developer/pr0j3ct5/Construkt/Sources/Construkt/Core/Builder/Builder+With.swift (in target 'Construkt' from project 'Construkt')
    cd /Users/mac/Developer/pr0j3ct5/Construkt/Demo
    

SwiftCompile normal arm64 /Users/mac/Developer/pr0j3ct5/Construkt/Sources/Construkt/Core/Builder/Builder+ZStack.swift (in target 'Construkt' from project 'Construkt')
    cd /Users/mac/Developer/pr0j3ct5/Construkt/Demo
    

SwiftCompile normal arm64 Compiling\ UIColor+Extensions.swift,\ UIImage+Extensions.swift,\ UIImageView+Remote.swift,\ Collection.swift,\ NSCollectionLayout.swift,\ Then.swift,\ UICollectionView.swift,\ LoadableState.swift,\ StateContainer.swift,\ GeneratedAssetSymbols.swift /Users/mac/Developer/pr0j3ct5/Construkt/Sources/Construkt/Core/Extensions/UIColor+Extensions.swift /Users/mac/Developer/pr0j3ct5/Construkt/Sources/Construkt/Core/Extensions/UIImage+Extensions.swift /Users/mac/Developer/pr0j3ct5/Construkt/Sources/Construkt/Core/Extensions/UIImageView+Remote.swift /Users/mac/Developer/pr0j3ct5/Construkt/Sources/Construkt/Extensions/Collection.swift /Users/mac/Developer/pr0j3ct5/Construkt/Sources/Construkt/Extensions/NSCollectionLayout.swift /Users/mac/Developer/pr0j3ct5/Construkt/Sources/Construkt/Extensions/Then.swift /Users/mac/Developer/pr0j3ct5/Construkt/Sources/Construkt/Extensions/UICollectionView.swift /Users/mac/Developer/pr0j3ct5/Construkt/Sources/Construkt/LoadableState.swift /Users/mac/Developer/pr0j3ct5/Construkt/Sources/Construkt/StateContainer.swift /Users/mac/Library/Developer/Xcode/DerivedData/Construkt-dmvdvjzlicdgipdixgirozdsnyxg/Build/Intermediates.noindex/Construkt.build/Debug-iphonesimulator/Construkt.build/DerivedSources/GeneratedAssetSymbols.swift (in target 'Construkt' from project 'Construkt')

SwiftCompile normal arm64 /Users/mac/Developer/pr0j3ct5/Construkt/Sources/Construkt/Core/Extensions/UIColor+Extensions.swift (in target 'Construkt' from project 'Construkt')
    cd /Users/mac/Developer/pr0j3ct5/Construkt/Demo
    

SwiftCompile normal arm64 /Users/mac/Developer/pr0j3ct5/Construkt/Sources/Construkt/Core/Extensions/UIImage+Extensions.swift (in target 'Construkt' from project 'Construkt')
    cd /Users/mac/Developer/pr0j3ct5/Construkt/Demo
    

SwiftCompile normal arm64 /Users/mac/Developer/pr0j3ct5/Construkt/Sources/Construkt/Core/Extensions/UIImageView+Remote.swift (in target 'Construkt' from project 'Construkt')
    cd /Users/mac/Developer/pr0j3ct5/Construkt/Demo
    

SwiftCompile normal arm64 /Users/mac/Developer/pr0j3ct5/Construkt/Sources/Construkt/Extensions/Collection.swift (in target 'Construkt' from project 'Construkt')
    cd /Users/mac/Developer/pr0j3ct5/Construkt/Demo
    

SwiftCompile normal arm64 /Users/mac/Developer/pr0j3ct5/Construkt/Sources/Construkt/Extensions/NSCollectionLayout.swift (in target 'Construkt' from project 'Construkt')
    cd /Users/mac/Developer/pr0j3ct5/Construkt/Demo
    

SwiftCompile normal arm64 /Users/mac/Developer/pr0j3ct5/Construkt/Sources/Construkt/Extensions/Then.swift (in target 'Construkt' from project 'Construkt')
    cd /Users/mac/Developer/pr0j3ct5/Construkt/Demo
    

SwiftCompile normal arm64 /Users/mac/Developer/pr0j3ct5/Construkt/Sources/Construkt/Extensions/UICollectionView.swift (in target 'Construkt' from project 'Construkt')
    cd /Users/mac/Developer/pr0j3ct5/Construkt/Demo
    

SwiftCompile normal arm64 /Users/mac/Developer/pr0j3ct5/Construkt/Sources/Construkt/LoadableState.swift (in target 'Construkt' from project 'Construkt')
    cd /Users/mac/Developer/pr0j3ct5/Construkt/Demo
    

SwiftCompile normal arm64 /Users/mac/Developer/pr0j3ct5/Construkt/Sources/Construkt/StateContainer.swift (in target 'Construkt' from project 'Construkt')
    cd /Users/mac/Developer/pr0j3ct5/Construkt/Demo
    

SwiftCompile normal arm64 /Users/mac/Library/Developer/Xcode/DerivedData/Construkt-dmvdvjzlicdgipdixgirozdsnyxg/Build/Intermediates.noindex/Construkt.build/Debug-iphonesimulator/Construkt.build/DerivedSources/GeneratedAssetSymbols.swift (in target 'Construkt' from project 'Construkt')
    cd /Users/mac/Developer/pr0j3ct5/Construkt/Demo
    

SwiftDriverJobDiscovery normal arm64 Compiling UITabBarController+Rx.swift, UITableView+Rx.swift, UITextField+Rx.swift (in target 'RxCocoa' from project 'RxSwift')

SwiftDriverJobDiscovery normal arm64 Compiling NetworkClient.swift, NetworkConfiguration.swift, NetworkError.swift, TMDBConfiguration.swift, LoggerInterceptor.swift, RequestInterceptor.swift, TMDBRequestInterceptor.swift, Endpoint.swift, MoviesEndpoint.swift, RequestBuilder.swift (in target 'Construkt' from project 'Construkt')

SwiftDriver\ Compilation RxCocoa normal arm64 com.apple.xcode.tools.swift.compiler (in target 'RxCocoa' from project 'RxSwift')
    cd /Users/mac/Developer/pr0j3ct5/Construkt/Demo/Construkt.xcodeproj
    builtin-Swift-Compilation -- /Applications/Xcode-26.1.0.app/Contents/Developer/Toolchains/XcodeDefault.xctoolchain/usr/bin/swiftc -module-name RxCocoa -Onone -enforce-exclusivity\=checked @/Users/mac/Library/Developer/Xcode/DerivedData/Construkt-dmvdvjzlicdgipdixgirozdsnyxg/Build/Intermediates.noindex/RxSwift.build/Debug-iphonesimulator/RxCocoa.build/Objects-normal/arm64/RxCocoa.SwiftFileList -DSWIFT_PACKAGE -DDEBUG -DSWIFT_MODULE_RESOURCE_BUNDLE_AVAILABLE -Xcc -fmodule-map-file\=/Users/mac/Library/Developer/Xcode/DerivedData/Construkt-dmvdvjzlicdgipdixgirozdsnyxg/Build/Intermediates.noindex/GeneratedModuleMaps-iphonesimulator/RxCocoaRuntime.modulemap -DXcode -plugin-path /Applications/Xcode-26.1.0.app/Contents/Developer/Toolchains/XcodeDefault.xctoolchain/usr/lib/swift/host/plugins/testing -enable-experimental-feature DebugDescriptionMacro -sdk /Applications/Xcode-26.1.0.app/Contents/Developer/Platforms/iPhoneSimulator.platform/Developer/SDKs/iPhoneSimulator26.1.sdk -target arm64-apple-ios12.0-simulator -g -module-cache-path /Users/mac/Library/Developer/Xcode/DerivedData/ModuleCache.noindex -Xfrontend -serialize-debugging-options -enable-testing -suppress-warnings -index-store-path /Users/mac/Library/Developer/Xcode/DerivedData/Construkt-dmvdvjzlicdgipdixgirozdsnyxg/Index.noindex/DataStore -Xcc -D_LIBCPP_HARDENING_MODE\=_LIBCPP_HARDENING_MODE_DEBUG -swift-version 5 -I /Users/mac/Library/Developer/Xcode/DerivedData/Construkt-dmvdvjzlicdgipdixgirozdsnyxg/Build/Products/Debug-iphonesimulator -Isystem /Applications/Xcode-26.1.0.app/Contents/Developer/Platforms/iPhoneSimulator.platform/Developer/usr/lib -F /Users/mac/Library/Developer/Xcode/DerivedData/Construkt-dmvdvjzlicdgipdixgirozdsnyxg/Build/Products/Debug-iphonesimulator/PackageFrameworks -F /Users/mac/Library/Developer/Xcode/DerivedData/Construkt-dmvdvjzlicdgipdixgirozdsnyxg/Build/Products/Debug-iphonesimulator/PackageFrameworks -F /Users/mac/Library/Developer/Xcode/DerivedData/Construkt-dmvdvjzlicdgipdixgirozdsnyxg/Build/Products/Debug-iphonesimulator/PackageFrameworks -F /Users/mac/Library/Developer/Xcode/DerivedData/Construkt-dmvdvjzlicdgipdixgirozdsnyxg/Build/Products/Debug-iphonesimulator -F /Applications/Xcode-26.1.0.app/Contents/Developer/Platforms/iPhoneSimulator.platform/Developer/Library/Frameworks -F /Applications/Xcode-26.1.0.app/Contents/Developer/Platforms/iPhoneSimulator.platform/Developer/SDKs/iPhoneSimulator26.1.sdk/Developer/Library/Frameworks -c -j8 -enable-batch-mode -incremental -Xcc -ivfsstatcache -Xcc /Users/mac/Library/Developer/Xcode/DerivedData/SDKStatCaches.noindex/iphonesimulator26.1-23B77-aa58e337a81609ab4fa365a8702acd8b.sdkstatcache -output-file-map /Users/mac/Library/Developer/Xcode/DerivedData/Construkt-dmvdvjzlicdgipdixgirozdsnyxg/Build/Intermediates.noindex/RxSwift.build/Debug-iphonesimulator/RxCocoa.build/Objects-normal/arm64/RxCocoa-OutputFileMap.json -use-frontend-parseable-output -save-temps -no-color-diagnostics -explicit-module-build -module-cache-path /Users/mac/Library/Developer/Xcode/DerivedData/Construkt-dmvdvjzlicdgipdixgirozdsnyxg/Build/Intermediates.noindex/SwiftExplicitPrecompiledModules -clang-scanner-module-cache-path /Users/mac/Library/Developer/Xcode/DerivedData/ModuleCache.noindex -sdk-module-cache-path /Users/mac/Library/Developer/Xcode/DerivedData/ModuleCache.noindex -serialize-diagnostics -emit-dependencies -emit-module -emit-module-path /Users/mac/Library/Developer/Xcode/DerivedData/Construkt-dmvdvjzlicdgipdixgirozdsnyxg/Build/Intermediates.noindex/RxSwift.build/Debug-iphonesimulator/RxCocoa.build/Objects-normal/arm64/RxCocoa.swiftmodule -validate-clang-modules-once -clang-build-session-file /Users/mac/Library/Developer/Xcode/DerivedData/ModuleCache.noindex/Session.modulevalidation -package-name rxswift -Xcc -I/Users/mac/Library/Developer/Xcode/DerivedData/Construkt-dmvdvjzlicdgipdixgirozdsnyxg/Build/Intermediates.noindex/RxSwift.build/Debug-iphonesimulator/RxCocoa.build/swift-overrides.hmap -emit-const-values -Xfrontend -const-gather-protocols-file -Xfrontend /Users/mac/Library/Developer/Xcode/DerivedData/Construkt-dmvdvjzlicdgipdixgirozdsnyxg/Build/Intermediates.noindex/RxSwift.build/Debug-iphonesimulator/RxCocoa.build/Objects-normal/arm64/RxCocoa_const_extract_protocols.json -Xcc -I/Users/mac/Library/Developer/Xcode/DerivedData/Construkt-dmvdvjzlicdgipdixgirozdsnyxg/SourcePackages/checkouts/RxSwift/Sources/RxCocoaRuntime/include -Xcc -I/Users/mac/Library/Developer/Xcode/DerivedData/Construkt-dmvdvjzlicdgipdixgirozdsnyxg/Build/Products/Debug-iphonesimulator/include -Xcc -I/Users/mac/Library/Developer/Xcode/DerivedData/Construkt-dmvdvjzlicdgipdixgirozdsnyxg/Build/Intermediates.noindex/RxSwift.build/Debug-iphonesimulator/RxCocoa.build/DerivedSources-normal/arm64 -Xcc -I/Users/mac/Library/Developer/Xcode/DerivedData/Construkt-dmvdvjzlicdgipdixgirozdsnyxg/Build/Intermediates.noindex/RxSwift.build/Debug-iphonesimulator/RxCocoa.build/DerivedSources/arm64 -Xcc -I/Users/mac/Library/Developer/Xcode/DerivedData/Construkt-dmvdvjzlicdgipdixgirozdsnyxg/Build/Intermediates.noindex/RxSwift.build/Debug-iphonesimulator/RxCocoa.build/DerivedSources -Xcc -DSWIFT_PACKAGE -Xcc -DDEBUG\=1 -emit-objc-header -emit-objc-header-path /Users/mac/Library/Developer/Xcode/DerivedData/Construkt-dmvdvjzlicdgipdixgirozdsnyxg/Build/Intermediates.noindex/RxSwift.build/Debug-iphonesimulator/RxCocoa.build/Objects-normal/arm64/RxCocoa-Swift.h -working-directory /Users/mac/Developer/pr0j3ct5/Construkt/Demo/Construkt.xcodeproj -experimental-emit-module-separately -disable-cmo

SwiftCompile normal arm64 Compiling\ MovieService.swift,\ Builder+Gestures.swift,\ Builder+Group.swift,\ Builder+Image.swift,\ Builder+Label.swift,\ Builder+Navigation.swift,\ Builder+Padding.swift,\ Builder+RxSwift.swift,\ Builder+ScrollView.swift,\ Builder+Spacer.swift /Users/mac/Developer/pr0j3ct5/Construkt/Demo/Construkt/Services/MovieService.swift /Users/mac/Developer/pr0j3ct5/Construkt/Sources/Construkt/Core/Builder/Builder+Gestures.swift /Users/mac/Developer/pr0j3ct5/Construkt/Sources/Construkt/Core/Builder/Builder+Group.swift /Users/mac/Developer/pr0j3ct5/Construkt/Sources/Construkt/Core/Builder/Builder+Image.swift /Users/mac/Developer/pr0j3ct5/Construkt/Sources/Construkt/Core/Builder/Builder+Label.swift /Users/mac/Developer/pr0j3ct5/Construkt/Sources/Construkt/Core/Builder/Builder+Navigation.swift /Users/mac/Developer/pr0j3ct5/Construkt/Sources/Construkt/Core/Builder/Builder+Padding.swift /Users/mac/Developer/pr0j3ct5/Construkt/Sources/Construkt/Core/Builder/Builder+RxSwift.swift /Users/mac/Developer/pr0j3ct5/Construkt/Sources/Construkt/Core/Builder/Builder+ScrollView.swift /Users/mac/Developer/pr0j3ct5/Construkt/Sources/Construkt/Core/Builder/Builder+Spacer.swift (in target 'Construkt' from project 'Construkt')

warning: Skipping duplicate build file in Compile Sources build phase: /Users/mac/Developer/pr0j3ct5/Construkt/Sources/Construkt/Core/Builder/Builder+Attributes.swift (in target 'Construkt' from project 'Construkt')
warning: Skipping duplicate build file in Compile Sources build phase: /Users/mac/Developer/pr0j3ct5/Construkt/Sources/Construkt/Core/Builder/Builder+Button.swift (in target 'Construkt' from project 'Construkt')
warning: Skipping duplicate build file in Compile Sources build phase: /Users/mac/Developer/pr0j3ct5/Construkt/Sources/Construkt/Core/Builder/Builder+Constraints.swift (in target 'Construkt' from project 'Construkt')
warning: Skipping duplicate build file in Compile Sources build phase: /Users/mac/Developer/pr0j3ct5/Construkt/Sources/Construkt/Core/Builder/Builder+Container.swift (in target 'Construkt' from project 'Construkt')
warning: Skipping duplicate build file in Compile Sources build phase: /Users/mac/Developer/pr0j3ct5/Construkt/Sources/Construkt/Core/Builder/Builder+Context.swift (in target 'Construkt' from project 'Construkt')
warning: Skipping duplicate build file in Compile Sources build phase: /Users/mac/Developer/pr0j3ct5/Construkt/Sources/Construkt/Core/Builder/Builder+Controls.swift (in target 'Construkt' from project 'Construkt')
warning: Skipping duplicate build file in Compile Sources build phase: /Users/mac/Developer/pr0j3ct5/Construkt/Sources/Construkt/Core/Builder/Builder+Divider.swift (in target 'Construkt' from project 'Construkt')
warning: Skipping duplicate build file in Compile Sources build phase: /Users/mac/Developer/pr0j3ct5/Construkt/Sources/Construkt/Core/Builder/Builder+Dynamic.swift (in target 'Construkt' from project 'Construkt')
warning: Skipping duplicate build file in Compile Sources build phase: /Users/mac/Developer/pr0j3ct5/Construkt/Sources/Construkt/Core/Builder/Builder+Extensions.swift (in target 'Construkt' from project 'Construkt')
warning: Skipping duplicate build file in Compile Sources build phase: /Users/mac/Developer/pr0j3ct5/Construkt/Sources/Construkt/Core/Builder/Builder+ForEach.swift (in target 'Construkt' from project 'Construkt')
warning: Skipping duplicate build file in Compile Sources build phase: /Users/mac/Developer/pr0j3ct5/Construkt/Sources/Construkt/Core/Builder/Builder+Gestures.swift (in target 'Construkt' from project 'Construkt')
warning: Skipping duplicate build file in Compile Sources build phase: /Users/mac/Developer/pr0j3ct5/Construkt/Sources/Construkt/Core/Builder/Builder+Group.swift (in target 'Construkt' from project 'Construkt')
warning: Skipping duplicate build file in Compile Sources build phase: /Users/mac/Developer/pr0j3ct5/Construkt/Sources/Construkt/Core/Builder/Builder+Image.swift (in target 'Construkt' from project 'Construkt')
warning: Skipping duplicate build file in Compile Sources build phase: /Users/mac/Developer/pr0j3ct5/Construkt/Sources/Construkt/Core/Builder/Builder+Label.swift (in target 'Construkt' from project 'Construkt')
warning: Skipping duplicate build file in Compile Sources build phase: /Users/mac/Developer/pr0j3ct5/Construkt/Sources/Construkt/Core/Builder/Builder+Navigation.swift (in target 'Construkt' from project 'Construkt')
warning: Skipping duplicate build file in Compile Sources build phase: /Users/mac/Developer/pr0j3ct5/Construkt/Sources/Construkt/Core/Builder/Builder+Padding.swift (in target 'Construkt' from project 'Construkt')
warning: Skipping duplicate build file in Compile Sources build phase: /Users/mac/Developer/pr0j3ct5/Construkt/Sources/Construkt/Core/Builder/Builder+RxSwift.swift (in target 'Construkt' from project 'Construkt')
warning: Skipping duplicate build file in Compile Sources build phase: /Users/mac/Developer/pr0j3ct5/Construkt/Sources/Construkt/Core/Builder/Builder+ScrollView.swift (in target 'Construkt' from project 'Construkt')
warning: Skipping duplicate build file in Compile Sources build phase: /Users/mac/Developer/pr0j3ct5/Construkt/Sources/Construkt/Core/Builder/Builder+Spacer.swift (in target 'Construkt' from project 'Construkt')
warning: Skipping duplicate build file in Compile Sources build phase: /Users/mac/Developer/pr0j3ct5/Construkt/Sources/Construkt/Core/Builder/Builder+Stack.swift (in target 'Construkt' from project 'Construkt')
warning: Skipping duplicate build file in Compile Sources build phase: /Users/mac/Developer/pr0j3ct5/Construkt/Sources/Construkt/Core/Builder/Builder+Styles.swift (in target 'Construkt' from project 'Construkt')
warning: Skipping duplicate build file in Compile Sources build phase: /Users/mac/Developer/pr0j3ct5/Construkt/Sources/Construkt/Core/Builder/Builder+Switch.swift (in target 'Construkt' from project 'Construkt')
warning: Skipping duplicate build file in Compile Sources build phase: /Users/mac/Developer/pr0j3ct5/Construkt/Sources/Construkt/Core/Builder/Builder+TableView.swift (in target 'Construkt' from project 'Construkt')
warning: Skipping duplicate build file in Compile Sources build phase: /Users/mac/Developer/pr0j3ct5/Construkt/Sources/Construkt/Core/Builder/Builder+TextField.swift (in target 'Construkt' from project 'Construkt')
warning: Skipping duplicate build file in Compile Sources build phase: /Users/mac/Developer/pr0j3ct5/Construkt/Sources/Construkt/Core/Builder/Builder+Variable.swift (in target 'Construkt' from project 'Construkt')
warning: Skipping duplicate build file in Compile Sources build phase: /Users/mac/Developer/pr0j3ct5/Construkt/Sources/Construkt/Core/Builder/Builder+View.swift (in target 'Construkt' from project 'Construkt')
warning: Skipping duplicate build file in Compile Sources build phase: /Users/mac/Developer/pr0j3ct5/Construkt/Sources/Construkt/Core/Builder/Builder+ViewController.swift (in target 'Construkt' from project 'Construkt')
warning: Skipping duplicate build file in Compile Sources build phase: /Users/mac/Developer/pr0j3ct5/Construkt/Sources/Construkt/Core/Builder/Builder+With.swift (in target 'Construkt' from project 'Construkt')
warning: Skipping duplicate build file in Compile Sources build phase: /Users/mac/Developer/pr0j3ct5/Construkt/Sources/Construkt/Core/Builder/Builder+ZStack.swift (in target 'Construkt' from project 'Construkt')
warning: Skipping duplicate build file in Compile Sources build phase: /Users/mac/Developer/pr0j3ct5/Construkt/Sources/Construkt/Core/Builder/Builder.swift (in target 'Construkt' from project 'Construkt')
warning: Skipping duplicate build file in Compile Sources build phase: /Users/mac/Developer/pr0j3ct5/Construkt/Sources/Construkt/Core/Extensions/UIColor+Extensions.swift (in target 'Construkt' from project 'Construkt')
warning: Skipping duplicate build file in Compile Sources build phase: /Users/mac/Developer/pr0j3ct5/Construkt/Sources/Construkt/Core/Extensions/UIImage+Extensions.swift (in target 'Construkt' from project 'Construkt')
** BUILD FAILED **


The following build commands failed:
	SwiftCompile normal arm64 Compiling\ SkeletonConfig.swift,\ SkeletonLayer.swift,\ SkeletonView.swift,\ Builder.swift,\ UIColor+ext.swift,\ UIView+ext.swift,\ GradientView.swift,\ HeroCollectionCell.swift,\ HeroContentView.swift,\ HomeSection.swift /Users/mac/Developer/pr0j3ct5/Construkt/Sources/Construkt/Components/SkeletonView/SkeletonConfig.swift /Users/mac/Developer/pr0j3ct5/Construkt/Sources/Construkt/Components/SkeletonView/SkeletonLayer.swift /Users/mac/Developer/pr0j3ct5/Construkt/Sources/Construkt/Components/SkeletonView/SkeletonView.swift /Users/mac/Developer/pr0j3ct5/Construkt/Sources/Construkt/Core/Builder/Builder.swift /Users/mac/Developer/pr0j3ct5/Construkt/Demo/Construkt/Application/Helpers/UIColor+ext.swift /Users/mac/Developer/pr0j3ct5/Construkt/Demo/Construkt/Application/Helpers/UIView+ext.swift /Users/mac/Developer/pr0j3ct5/Construkt/Demo/Construkt/Application/Movies/Home/GradientView.swift /Users/mac/Developer/pr0j3ct5/Construkt/Demo/Construkt/Application/Movies/Home/HeroCollectionCell.swift /Users/mac/Developer/pr0j3ct5/Construkt/Demo/Construkt/Application/Movies/Home/HeroContentView.swift /Users/mac/Developer/pr0j3ct5/Construkt/Demo/Construkt/Application/Movies/Home/HomeSection.swift (in target 'Construkt' from project 'Construkt')
	SwiftCompile normal arm64 /Users/mac/Developer/pr0j3ct5/Construkt/Demo/Construkt/Application/Movies/Home/HeroContentView.swift (in target 'Construkt' from project 'Construkt')
	Building project Construkt with scheme Construkt
(3 failures)
